Sat Mar 30 11:14:00 2024       
+-----------------------------------------------------------------------------------------+
| NVIDIA-SMI 550.54.14              Driver Version: 550.54.14      CUDA Version: 12.4     |
|-----------------------------------------+------------------------+----------------------+
| GPU  Name                 Persistence-M | Bus-Id          Disp.A | Volatile Uncorr. ECC |
| Fan  Temp   Perf          Pwr:Usage/Cap |           Memory-Usage | GPU-Util  Compute M. |
|                                         |                        |               MIG M. |
|=========================================+========================+======================|
|   0  Tesla V100-PCIE-32GB           On  |   00000000:D8:00.0 Off |                    0 |
| N/A   25C    P0             25W /  250W |       0MiB /  32768MiB |      0%   E. Process |
|                                         |                        |                  N/A |
+-----------------------------------------+------------------------+----------------------+
                                                                                         
+-----------------------------------------------------------------------------------------+
| Processes:                                                                              |
|  GPU   GI   CI        PID   Type   Process name                              GPU Memory |
|        ID   ID                                                               Usage      |
|=========================================================================================|
|  No running processes found                                                             |
+-----------------------------------------------------------------------------------------+
/appl/cuda/11.6.0/samples/bin/x86_64/linux/release/deviceQuery Starting...

 CUDA Device Query (Runtime API) version (CUDART static linking)

Detected 1 CUDA Capable device(s)

Device 0: "Tesla V100-PCIE-32GB"
  CUDA Driver Version / Runtime Version          12.4 / 11.6
  CUDA Capability Major/Minor version number:    7.0
  Total amount of global memory:                 32494 MBytes (34072559616 bytes)
  (080) Multiprocessors, (064) CUDA Cores/MP:    5120 CUDA Cores
  GPU Max Clock rate:                            1380 MHz (1.38 GHz)
  Memory Clock rate:                             877 Mhz
  Memory Bus Width:                              4096-bit
  L2 Cache Size:                                 6291456 bytes
  Maximum Texture Dimension Size (x,y,z)         1D=(131072), 2D=(131072, 65536), 3D=(16384, 16384, 16384)
  Maximum Layered 1D Texture Size, (num) layers  1D=(32768), 2048 layers
  Maximum Layered 2D Texture Size, (num) layers  2D=(32768, 32768), 2048 layers
  Total amount of constant memory:               65536 bytes
  Total amount of shared memory per block:       49152 bytes
  Total shared memory per multiprocessor:        98304 bytes
  Total number of registers available per block: 65536
  Warp size:                                     32
  Maximum number of threads per multiprocessor:  2048
  Maximum number of threads per block:           1024
  Max dimension size of a thread block (x,y,z): (1024, 1024, 64)
  Max dimension size of a grid size    (x,y,z): (2147483647, 65535, 65535)
  Maximum memory pitch:                          2147483647 bytes
  Texture alignment:                             512 bytes
  Concurrent copy and kernel execution:          Yes with 7 copy engine(s)
  Run time limit on kernels:                     No
  Integrated GPU sharing Host Memory:            No
  Support host page-locked memory mapping:       Yes
  Alignment requirement for Surfaces:            Yes
  Device has ECC support:                        Enabled
  Device supports Unified Addressing (UVA):      Yes
  Device supports Managed Memory:                Yes
  Device supports Compute Preemption:            Yes
  Supports Cooperative Kernel Launch:            Yes
  Supports MultiDevice Co-op Kernel Launch:      Yes
  Device PCI Domain ID / Bus ID / location ID:   0 / 216 / 0
  Compute Mode:
     < Exclusive Process (many threads in one process is able to use ::cudaSetDevice() with this device) >

deviceQuery, CUDA Driver = CUDART, CUDA Driver Version = 12.4, CUDA Runtime Version = 11.6, NumDevs = 1
Result = PASS
Starting executable...
Running: conda init and script
python -m pip install -U pip setuptools wheel
Requirement already satisfied: pip in /zhome/8d/a/147395/miniconda3/envs/src/lib/python3.11/site-packages (24.0)
Requirement already satisfied: setuptools in /zhome/8d/a/147395/miniconda3/envs/src/lib/python3.11/site-packages (69.2.0)
Requirement already satisfied: wheel in /zhome/8d/a/147395/miniconda3/envs/src/lib/python3.11/site-packages (0.43.0)
python -m pip install -r requirements.txt
Requirement already satisfied: click==8.1.7 in /zhome/8d/a/147395/miniconda3/envs/src/lib/python3.11/site-packages (from -r requirements.txt (line 1)) (8.1.7)
Requirement already satisfied: dash==2.14.2 in /zhome/8d/a/147395/miniconda3/envs/src/lib/python3.11/site-packages (from -r requirements.txt (line 2)) (2.14.2)
Requirement already satisfied: datasets==2.16.1 in /zhome/8d/a/147395/miniconda3/envs/src/lib/python3.11/site-packages (from -r requirements.txt (line 3)) (2.16.1)
Requirement already satisfied: fastapi==0.109.0 in /zhome/8d/a/147395/miniconda3/envs/src/lib/python3.11/site-packages (from -r requirements.txt (line 4)) (0.109.0)
Requirement already satisfied: happytransformer==3.0.0 in /zhome/8d/a/147395/miniconda3/envs/src/lib/python3.11/site-packages (from -r requirements.txt (line 5)) (3.0.0)
Requirement already satisfied: hydra-core==1.3.2 in /zhome/8d/a/147395/miniconda3/envs/src/lib/python3.11/site-packages (from -r requirements.txt (line 6)) (1.3.2)
Requirement already satisfied: Markdown==3.5.1 in /zhome/8d/a/147395/miniconda3/envs/src/lib/python3.11/site-packages (from -r requirements.txt (line 7)) (3.5.1)
Requirement already satisfied: matplotlib==3.8.2 in /zhome/8d/a/147395/miniconda3/envs/src/lib/python3.11/site-packages (from -r requirements.txt (line 8)) (3.8.2)
Requirement already satisfied: numpy==1.26.3 in /zhome/8d/a/147395/miniconda3/envs/src/lib/python3.11/site-packages (from -r requirements.txt (line 9)) (1.26.3)
Requirement already satisfied: omegaconf==2.3.0 in /zhome/8d/a/147395/miniconda3/envs/src/lib/python3.11/site-packages (from -r requirements.txt (line 10)) (2.3.0)
Requirement already satisfied: prometheus_fastapi_instrumentator==6.1.0 in /zhome/8d/a/147395/miniconda3/envs/src/lib/python3.11/site-packages (from -r requirements.txt (line 11)) (6.1.0)
Requirement already satisfied: pydantic==2.5.3 in /zhome/8d/a/147395/miniconda3/envs/src/lib/python3.11/site-packages (from -r requirements.txt (line 12)) (2.5.3)
Requirement already satisfied: pytest==7.4.4 in /zhome/8d/a/147395/miniconda3/envs/src/lib/python3.11/site-packages (from -r requirements.txt (line 13)) (7.4.4)
Requirement already satisfied: pytorch_lightning==2.1.3 in /zhome/8d/a/147395/miniconda3/envs/src/lib/python3.11/site-packages (from -r requirements.txt (line 14)) (2.1.3)
Requirement already satisfied: Requests==2.31.0 in /zhome/8d/a/147395/miniconda3/envs/src/lib/python3.11/site-packages (from -r requirements.txt (line 15)) (2.31.0)
Requirement already satisfied: scikit_learn==1.3.2 in /zhome/8d/a/147395/miniconda3/envs/src/lib/python3.11/site-packages (from -r requirements.txt (line 16)) (1.3.2)
Requirement already satisfied: torch==2.1.2 in /zhome/8d/a/147395/miniconda3/envs/src/lib/python3.11/site-packages (from -r requirements.txt (line 17)) (2.1.2)
Requirement already satisfied: Flask<3.1,>=1.0.4 in /zhome/8d/a/147395/miniconda3/envs/src/lib/python3.11/site-packages (from dash==2.14.2->-r requirements.txt (line 2)) (3.0.2)
Requirement already satisfied: Werkzeug<3.1 in /zhome/8d/a/147395/miniconda3/envs/src/lib/python3.11/site-packages (from dash==2.14.2->-r requirements.txt (line 2)) (3.0.1)
Requirement already satisfied: plotly>=5.0.0 in /zhome/8d/a/147395/miniconda3/envs/src/lib/python3.11/site-packages (from dash==2.14.2->-r requirements.txt (line 2)) (5.20.0)
Requirement already satisfied: dash-html-components==2.0.0 in /zhome/8d/a/147395/miniconda3/envs/src/lib/python3.11/site-packages (from dash==2.14.2->-r requirements.txt (line 2)) (2.0.0)
Requirement already satisfied: dash-core-components==2.0.0 in /zhome/8d/a/147395/miniconda3/envs/src/lib/python3.11/site-packages (from dash==2.14.2->-r requirements.txt (line 2)) (2.0.0)
Requirement already satisfied: dash-table==5.0.0 in /zhome/8d/a/147395/miniconda3/envs/src/lib/python3.11/site-packages (from dash==2.14.2->-r requirements.txt (line 2)) (5.0.0)
Requirement already satisfied: typing-extensions>=4.1.1 in /zhome/8d/a/147395/miniconda3/envs/src/lib/python3.11/site-packages (from dash==2.14.2->-r requirements.txt (line 2)) (4.10.0)
Requirement already satisfied: retrying in /zhome/8d/a/147395/miniconda3/envs/src/lib/python3.11/site-packages (from dash==2.14.2->-r requirements.txt (line 2)) (1.3.4)
Requirement already satisfied: ansi2html in /zhome/8d/a/147395/miniconda3/envs/src/lib/python3.11/site-packages (from dash==2.14.2->-r requirements.txt (line 2)) (1.9.1)
Requirement already satisfied: nest-asyncio in /zhome/8d/a/147395/miniconda3/envs/src/lib/python3.11/site-packages (from dash==2.14.2->-r requirements.txt (line 2)) (1.6.0)
Requirement already satisfied: setuptools in /zhome/8d/a/147395/miniconda3/envs/src/lib/python3.11/site-packages (from dash==2.14.2->-r requirements.txt (line 2)) (69.2.0)
Requirement already satisfied: importlib-metadata in /zhome/8d/a/147395/miniconda3/envs/src/lib/python3.11/site-packages (from dash==2.14.2->-r requirements.txt (line 2)) (7.0.2)
Requirement already satisfied: filelock in /zhome/8d/a/147395/miniconda3/envs/src/lib/python3.11/site-packages (from datasets==2.16.1->-r requirements.txt (line 3)) (3.13.1)
Requirement already satisfied: pyarrow>=8.0.0 in /zhome/8d/a/147395/miniconda3/envs/src/lib/python3.11/site-packages (from datasets==2.16.1->-r requirements.txt (line 3)) (15.0.1)
Requirement already satisfied: pyarrow-hotfix in /zhome/8d/a/147395/miniconda3/envs/src/lib/python3.11/site-packages (from datasets==2.16.1->-r requirements.txt (line 3)) (0.6)
Requirement already satisfied: dill<0.3.8,>=0.3.0 in /zhome/8d/a/147395/miniconda3/envs/src/lib/python3.11/site-packages (from datasets==2.16.1->-r requirements.txt (line 3)) (0.3.7)
Requirement already satisfied: pandas in /zhome/8d/a/147395/miniconda3/envs/src/lib/python3.11/site-packages (from datasets==2.16.1->-r requirements.txt (line 3)) (2.2.1)
Requirement already satisfied: tqdm>=4.62.1 in /zhome/8d/a/147395/miniconda3/envs/src/lib/python3.11/site-packages (from datasets==2.16.1->-r requirements.txt (line 3)) (4.66.2)
Requirement already satisfied: xxhash in /zhome/8d/a/147395/miniconda3/envs/src/lib/python3.11/site-packages (from datasets==2.16.1->-r requirements.txt (line 3)) (3.4.1)
Requirement already satisfied: multiprocess in /zhome/8d/a/147395/miniconda3/envs/src/lib/python3.11/site-packages (from datasets==2.16.1->-r requirements.txt (line 3)) (0.70.15)
Requirement already satisfied: fsspec<=2023.10.0,>=2023.1.0 in /zhome/8d/a/147395/miniconda3/envs/src/lib/python3.11/site-packages (from fsspec[http]<=2023.10.0,>=2023.1.0->datasets==2.16.1->-r requirements.txt (line 3)) (2023.10.0)
Requirement already satisfied: aiohttp in /zhome/8d/a/147395/miniconda3/envs/src/lib/python3.11/site-packages (from datasets==2.16.1->-r requirements.txt (line 3)) (3.9.3)
Requirement already satisfied: huggingface-hub>=0.19.4 in /zhome/8d/a/147395/miniconda3/envs/src/lib/python3.11/site-packages (from datasets==2.16.1->-r requirements.txt (line 3)) (0.22.1)
Requirement already satisfied: packaging in /zhome/8d/a/147395/miniconda3/envs/src/lib/python3.11/site-packages (from datasets==2.16.1->-r requirements.txt (line 3)) (24.0)
Requirement already satisfied: pyyaml>=5.1 in /zhome/8d/a/147395/miniconda3/envs/src/lib/python3.11/site-packages (from datasets==2.16.1->-r requirements.txt (line 3)) (6.0.1)
Requirement already satisfied: starlette<0.36.0,>=0.35.0 in /zhome/8d/a/147395/miniconda3/envs/src/lib/python3.11/site-packages (from fastapi==0.109.0->-r requirements.txt (line 4)) (0.35.1)
Requirement already satisfied: transformers<5.0.0,>=4.30.1 in /zhome/8d/a/147395/miniconda3/envs/src/lib/python3.11/site-packages (from happytransformer==3.0.0->-r requirements.txt (line 5)) (4.38.0)
Requirement already satisfied: sentencepiece in /zhome/8d/a/147395/miniconda3/envs/src/lib/python3.11/site-packages (from happytransformer==3.0.0->-r requirements.txt (line 5)) (0.2.0)
Requirement already satisfied: protobuf in /zhome/8d/a/147395/miniconda3/envs/src/lib/python3.11/site-packages (from happytransformer==3.0.0->-r requirements.txt (line 5)) (4.25.3)
Requirement already satisfied: accelerate<1.0.0,>=0.20.1 in /zhome/8d/a/147395/miniconda3/envs/src/lib/python3.11/site-packages (from happytransformer==3.0.0->-r requirements.txt (line 5)) (0.26.1)
Requirement already satisfied: tokenizers<1.0.0,>=0.13.3 in /zhome/8d/a/147395/miniconda3/envs/src/lib/python3.11/site-packages (from happytransformer==3.0.0->-r requirements.txt (line 5)) (0.15.2)
Requirement already satisfied: wandb in /zhome/8d/a/147395/miniconda3/envs/src/lib/python3.11/site-packages (from happytransformer==3.0.0->-r requirements.txt (line 5)) (0.16.4)
Requirement already satisfied: antlr4-python3-runtime==4.9.* in /zhome/8d/a/147395/miniconda3/envs/src/lib/python3.11/site-packages (from hydra-core==1.3.2->-r requirements.txt (line 6)) (4.9.3)
Requirement already satisfied: contourpy>=1.0.1 in /zhome/8d/a/147395/miniconda3/envs/src/lib/python3.11/site-packages (from matplotlib==3.8.2->-r requirements.txt (line 8)) (1.2.0)
Requirement already satisfied: cycler>=0.10 in /zhome/8d/a/147395/miniconda3/envs/src/lib/python3.11/site-packages (from matplotlib==3.8.2->-r requirements.txt (line 8)) (0.12.1)
Requirement already satisfied: fonttools>=4.22.0 in /zhome/8d/a/147395/miniconda3/envs/src/lib/python3.11/site-packages (from matplotlib==3.8.2->-r requirements.txt (line 8)) (4.49.0)
Requirement already satisfied: kiwisolver>=1.3.1 in /zhome/8d/a/147395/miniconda3/envs/src/lib/python3.11/site-packages (from matplotlib==3.8.2->-r requirements.txt (line 8)) (1.4.5)
Requirement already satisfied: pillow>=8 in /zhome/8d/a/147395/miniconda3/envs/src/lib/python3.11/site-packages (from matplotlib==3.8.2->-r requirements.txt (line 8)) (10.2.0)
Requirement already satisfied: pyparsing>=2.3.1 in /zhome/8d/a/147395/miniconda3/envs/src/lib/python3.11/site-packages (from matplotlib==3.8.2->-r requirements.txt (line 8)) (3.1.2)
Requirement already satisfied: python-dateutil>=2.7 in /zhome/8d/a/147395/miniconda3/envs/src/lib/python3.11/site-packages (from matplotlib==3.8.2->-r requirements.txt (line 8)) (2.9.0.post0)
Requirement already satisfied: prometheus-client<1.0.0,>=0.8.0 in /zhome/8d/a/147395/miniconda3/envs/src/lib/python3.11/site-packages (from prometheus_fastapi_instrumentator==6.1.0->-r requirements.txt (line 11)) (0.20.0)
Requirement already satisfied: annotated-types>=0.4.0 in /zhome/8d/a/147395/miniconda3/envs/src/lib/python3.11/site-packages (from pydantic==2.5.3->-r requirements.txt (line 12)) (0.6.0)
Requirement already satisfied: pydantic-core==2.14.6 in /zhome/8d/a/147395/miniconda3/envs/src/lib/python3.11/site-packages (from pydantic==2.5.3->-r requirements.txt (line 12)) (2.14.6)
Requirement already satisfied: iniconfig in /zhome/8d/a/147395/miniconda3/envs/src/lib/python3.11/site-packages (from pytest==7.4.4->-r requirements.txt (line 13)) (2.0.0)
Requirement already satisfied: pluggy<2.0,>=0.12 in /zhome/8d/a/147395/miniconda3/envs/src/lib/python3.11/site-packages (from pytest==7.4.4->-r requirements.txt (line 13)) (1.4.0)
Requirement already satisfied: torchmetrics>=0.7.0 in /zhome/8d/a/147395/miniconda3/envs/src/lib/python3.11/site-packages (from pytorch_lightning==2.1.3->-r requirements.txt (line 14)) (1.3.1)
Requirement already satisfied: lightning-utilities>=0.8.0 in /zhome/8d/a/147395/miniconda3/envs/src/lib/python3.11/site-packages (from pytorch_lightning==2.1.3->-r requirements.txt (line 14)) (0.10.1)
Requirement already satisfied: charset-normalizer<4,>=2 in /zhome/8d/a/147395/miniconda3/envs/src/lib/python3.11/site-packages (from Requests==2.31.0->-r requirements.txt (line 15)) (3.3.2)
Requirement already satisfied: idna<4,>=2.5 in /zhome/8d/a/147395/miniconda3/envs/src/lib/python3.11/site-packages (from Requests==2.31.0->-r requirements.txt (line 15)) (3.6)
Requirement already satisfied: urllib3<3,>=1.21.1 in /zhome/8d/a/147395/miniconda3/envs/src/lib/python3.11/site-packages (from Requests==2.31.0->-r requirements.txt (line 15)) (2.2.1)
Requirement already satisfied: certifi>=2017.4.17 in /zhome/8d/a/147395/miniconda3/envs/src/lib/python3.11/site-packages (from Requests==2.31.0->-r requirements.txt (line 15)) (2024.2.2)
Requirement already satisfied: scipy>=1.5.0 in /zhome/8d/a/147395/miniconda3/envs/src/lib/python3.11/site-packages (from scikit_learn==1.3.2->-r requirements.txt (line 16)) (1.12.0)
Requirement already satisfied: joblib>=1.1.1 in /zhome/8d/a/147395/miniconda3/envs/src/lib/python3.11/site-packages (from scikit_learn==1.3.2->-r requirements.txt (line 16)) (1.3.2)
Requirement already satisfied: threadpoolctl>=2.0.0 in /zhome/8d/a/147395/miniconda3/envs/src/lib/python3.11/site-packages (from scikit_learn==1.3.2->-r requirements.txt (line 16)) (3.3.0)
Requirement already satisfied: sympy in /zhome/8d/a/147395/miniconda3/envs/src/lib/python3.11/site-packages (from torch==2.1.2->-r requirements.txt (line 17)) (1.12)
Requirement already satisfied: networkx in /zhome/8d/a/147395/miniconda3/envs/src/lib/python3.11/site-packages (from torch==2.1.2->-r requirements.txt (line 17)) (3.2.1)
Requirement already satisfied: jinja2 in /zhome/8d/a/147395/miniconda3/envs/src/lib/python3.11/site-packages (from torch==2.1.2->-r requirements.txt (line 17)) (3.1.3)
Requirement already satisfied: nvidia-cuda-nvrtc-cu12==12.1.105 in /zhome/8d/a/147395/miniconda3/envs/src/lib/python3.11/site-packages (from torch==2.1.2->-r requirements.txt (line 17)) (12.1.105)
Requirement already satisfied: nvidia-cuda-runtime-cu12==12.1.105 in /zhome/8d/a/147395/miniconda3/envs/src/lib/python3.11/site-packages (from torch==2.1.2->-r requirements.txt (line 17)) (12.1.105)
Requirement already satisfied: nvidia-cuda-cupti-cu12==12.1.105 in /zhome/8d/a/147395/miniconda3/envs/src/lib/python3.11/site-packages (from torch==2.1.2->-r requirements.txt (line 17)) (12.1.105)
Requirement already satisfied: nvidia-cudnn-cu12==8.9.2.26 in /zhome/8d/a/147395/miniconda3/envs/src/lib/python3.11/site-packages (from torch==2.1.2->-r requirements.txt (line 17)) (8.9.2.26)
Requirement already satisfied: nvidia-cublas-cu12==12.1.3.1 in /zhome/8d/a/147395/miniconda3/envs/src/lib/python3.11/site-packages (from torch==2.1.2->-r requirements.txt (line 17)) (12.1.3.1)
Requirement already satisfied: nvidia-cufft-cu12==11.0.2.54 in /zhome/8d/a/147395/miniconda3/envs/src/lib/python3.11/site-packages (from torch==2.1.2->-r requirements.txt (line 17)) (11.0.2.54)
Requirement already satisfied: nvidia-curand-cu12==10.3.2.106 in /zhome/8d/a/147395/miniconda3/envs/src/lib/python3.11/site-packages (from torch==2.1.2->-r requirements.txt (line 17)) (10.3.2.106)
Requirement already satisfied: nvidia-cusolver-cu12==11.4.5.107 in /zhome/8d/a/147395/miniconda3/envs/src/lib/python3.11/site-packages (from torch==2.1.2->-r requirements.txt (line 17)) (11.4.5.107)
Requirement already satisfied: nvidia-cusparse-cu12==12.1.0.106 in /zhome/8d/a/147395/miniconda3/envs/src/lib/python3.11/site-packages (from torch==2.1.2->-r requirements.txt (line 17)) (12.1.0.106)
Requirement already satisfied: nvidia-nccl-cu12==2.18.1 in /zhome/8d/a/147395/miniconda3/envs/src/lib/python3.11/site-packages (from torch==2.1.2->-r requirements.txt (line 17)) (2.18.1)
Requirement already satisfied: nvidia-nvtx-cu12==12.1.105 in /zhome/8d/a/147395/miniconda3/envs/src/lib/python3.11/site-packages (from torch==2.1.2->-r requirements.txt (line 17)) (12.1.105)
Requirement already satisfied: triton==2.1.0 in /zhome/8d/a/147395/miniconda3/envs/src/lib/python3.11/site-packages (from torch==2.1.2->-r requirements.txt (line 17)) (2.1.0)
Requirement already satisfied: nvidia-nvjitlink-cu12 in /zhome/8d/a/147395/miniconda3/envs/src/lib/python3.11/site-packages (from nvidia-cusolver-cu12==11.4.5.107->torch==2.1.2->-r requirements.txt (line 17)) (12.4.99)
Requirement already satisfied: psutil in /zhome/8d/a/147395/miniconda3/envs/src/lib/python3.11/site-packages (from accelerate<1.0.0,>=0.20.1->happytransformer==3.0.0->-r requirements.txt (line 5)) (5.9.8)
Requirement already satisfied: safetensors>=0.3.1 in /zhome/8d/a/147395/miniconda3/envs/src/lib/python3.11/site-packages (from accelerate<1.0.0,>=0.20.1->happytransformer==3.0.0->-r requirements.txt (line 5)) (0.4.2)
Requirement already satisfied: itsdangerous>=2.1.2 in /zhome/8d/a/147395/miniconda3/envs/src/lib/python3.11/site-packages (from Flask<3.1,>=1.0.4->dash==2.14.2->-r requirements.txt (line 2)) (2.1.2)
Requirement already satisfied: blinker>=1.6.2 in /zhome/8d/a/147395/miniconda3/envs/src/lib/python3.11/site-packages (from Flask<3.1,>=1.0.4->dash==2.14.2->-r requirements.txt (line 2)) (1.7.0)
Requirement already satisfied: aiosignal>=1.1.2 in /zhome/8d/a/147395/miniconda3/envs/src/lib/python3.11/site-packages (from aiohttp->datasets==2.16.1->-r requirements.txt (line 3)) (1.3.1)
Requirement already satisfied: attrs>=17.3.0 in /zhome/8d/a/147395/miniconda3/envs/src/lib/python3.11/site-packages (from aiohttp->datasets==2.16.1->-r requirements.txt (line 3)) (23.2.0)
Requirement already satisfied: frozenlist>=1.1.1 in /zhome/8d/a/147395/miniconda3/envs/src/lib/python3.11/site-packages (from aiohttp->datasets==2.16.1->-r requirements.txt (line 3)) (1.4.1)
Requirement already satisfied: multidict<7.0,>=4.5 in /zhome/8d/a/147395/miniconda3/envs/src/lib/python3.11/site-packages (from aiohttp->datasets==2.16.1->-r requirements.txt (line 3)) (6.0.5)
Requirement already satisfied: yarl<2.0,>=1.0 in /zhome/8d/a/147395/miniconda3/envs/src/lib/python3.11/site-packages (from aiohttp->datasets==2.16.1->-r requirements.txt (line 3)) (1.9.4)
Requirement already satisfied: MarkupSafe>=2.0 in /zhome/8d/a/147395/miniconda3/envs/src/lib/python3.11/site-packages (from jinja2->torch==2.1.2->-r requirements.txt (line 17)) (2.1.5)
Requirement already satisfied: tenacity>=6.2.0 in /zhome/8d/a/147395/miniconda3/envs/src/lib/python3.11/site-packages (from plotly>=5.0.0->dash==2.14.2->-r requirements.txt (line 2)) (8.2.3)
Requirement already satisfied: six>=1.5 in /zhome/8d/a/147395/miniconda3/envs/src/lib/python3.11/site-packages (from python-dateutil>=2.7->matplotlib==3.8.2->-r requirements.txt (line 8)) (1.16.0)
Requirement already satisfied: anyio<5,>=3.4.0 in /zhome/8d/a/147395/miniconda3/envs/src/lib/python3.11/site-packages (from starlette<0.36.0,>=0.35.0->fastapi==0.109.0->-r requirements.txt (line 4)) (4.3.0)
Requirement already satisfied: regex!=2019.12.17 in /zhome/8d/a/147395/miniconda3/envs/src/lib/python3.11/site-packages (from transformers<5.0.0,>=4.30.1->happytransformer==3.0.0->-r requirements.txt (line 5)) (2023.12.25)
Requirement already satisfied: zipp>=0.5 in /zhome/8d/a/147395/miniconda3/envs/src/lib/python3.11/site-packages (from importlib-metadata->dash==2.14.2->-r requirements.txt (line 2)) (3.18.1)
Requirement already satisfied: pytz>=2020.1 in /zhome/8d/a/147395/miniconda3/envs/src/lib/python3.11/site-packages (from pandas->datasets==2.16.1->-r requirements.txt (line 3)) (2024.1)
Requirement already satisfied: tzdata>=2022.7 in /zhome/8d/a/147395/miniconda3/envs/src/lib/python3.11/site-packages (from pandas->datasets==2.16.1->-r requirements.txt (line 3)) (2024.1)
Requirement already satisfied: mpmath>=0.19 in /zhome/8d/a/147395/miniconda3/envs/src/lib/python3.11/site-packages (from sympy->torch==2.1.2->-r requirements.txt (line 17)) (1.3.0)
Requirement already satisfied: GitPython!=3.1.29,>=1.0.0 in /zhome/8d/a/147395/miniconda3/envs/src/lib/python3.11/site-packages (from wandb->happytransformer==3.0.0->-r requirements.txt (line 5)) (3.1.42)
Requirement already satisfied: sentry-sdk>=1.0.0 in /zhome/8d/a/147395/miniconda3/envs/src/lib/python3.11/site-packages (from wandb->happytransformer==3.0.0->-r requirements.txt (line 5)) (1.42.0)
Requirement already satisfied: docker-pycreds>=0.4.0 in /zhome/8d/a/147395/miniconda3/envs/src/lib/python3.11/site-packages (from wandb->happytransformer==3.0.0->-r requirements.txt (line 5)) (0.4.0)
Requirement already satisfied: setproctitle in /zhome/8d/a/147395/miniconda3/envs/src/lib/python3.11/site-packages (from wandb->happytransformer==3.0.0->-r requirements.txt (line 5)) (1.3.3)
Requirement already satisfied: appdirs>=1.4.3 in /zhome/8d/a/147395/miniconda3/envs/src/lib/python3.11/site-packages (from wandb->happytransformer==3.0.0->-r requirements.txt (line 5)) (1.4.4)
Requirement already satisfied: sniffio>=1.1 in /zhome/8d/a/147395/miniconda3/envs/src/lib/python3.11/site-packages (from anyio<5,>=3.4.0->starlette<0.36.0,>=0.35.0->fastapi==0.109.0->-r requirements.txt (line 4)) (1.3.1)
Requirement already satisfied: gitdb<5,>=4.0.1 in /zhome/8d/a/147395/miniconda3/envs/src/lib/python3.11/site-packages (from GitPython!=3.1.29,>=1.0.0->wandb->happytransformer==3.0.0->-r requirements.txt (line 5)) (4.0.11)
Requirement already satisfied: smmap<6,>=3.0.1 in /zhome/8d/a/147395/miniconda3/envs/src/lib/python3.11/site-packages (from gitdb<5,>=4.0.1->GitPython!=3.1.29,>=1.0.0->wandb->happytransformer==3.0.0->-r requirements.txt (line 5)) (5.0.1)
python -m pip install -r requirementsgemma.txt
Requirement already satisfied: peft==0.8.2 in /zhome/8d/a/147395/miniconda3/envs/src/lib/python3.11/site-packages (from -r requirementsgemma.txt (line 1)) (0.8.2)
Requirement already satisfied: bitsandbytes==0.42.0 in /zhome/8d/a/147395/miniconda3/envs/src/lib/python3.11/site-packages (from -r requirementsgemma.txt (line 2)) (0.42.0)
Requirement already satisfied: accelerate==0.26.1 in /zhome/8d/a/147395/miniconda3/envs/src/lib/python3.11/site-packages (from -r requirementsgemma.txt (line 3)) (0.26.1)
Requirement already satisfied: datasets==2.16.1 in /zhome/8d/a/147395/miniconda3/envs/src/lib/python3.11/site-packages (from -r requirementsgemma.txt (line 4)) (2.16.1)
Requirement already satisfied: GPUtil in /zhome/8d/a/147395/miniconda3/envs/src/lib/python3.11/site-packages (from -r requirementsgemma.txt (line 5)) (1.4.0)
Requirement already satisfied: transformers==4.38.0 in /zhome/8d/a/147395/miniconda3/envs/src/lib/python3.11/site-packages (from -r requirementsgemma.txt (line 6)) (4.38.0)
Requirement already satisfied: numpy>=1.17 in /zhome/8d/a/147395/miniconda3/envs/src/lib/python3.11/site-packages (from peft==0.8.2->-r requirementsgemma.txt (line 1)) (1.26.3)
Requirement already satisfied: packaging>=20.0 in /zhome/8d/a/147395/miniconda3/envs/src/lib/python3.11/site-packages (from peft==0.8.2->-r requirementsgemma.txt (line 1)) (24.0)
Requirement already satisfied: psutil in /zhome/8d/a/147395/miniconda3/envs/src/lib/python3.11/site-packages (from peft==0.8.2->-r requirementsgemma.txt (line 1)) (5.9.8)
Requirement already satisfied: pyyaml in /zhome/8d/a/147395/miniconda3/envs/src/lib/python3.11/site-packages (from peft==0.8.2->-r requirementsgemma.txt (line 1)) (6.0.1)
Requirement already satisfied: torch>=1.13.0 in /zhome/8d/a/147395/miniconda3/envs/src/lib/python3.11/site-packages (from peft==0.8.2->-r requirementsgemma.txt (line 1)) (2.1.2)
Requirement already satisfied: tqdm in /zhome/8d/a/147395/miniconda3/envs/src/lib/python3.11/site-packages (from peft==0.8.2->-r requirementsgemma.txt (line 1)) (4.66.2)
Requirement already satisfied: safetensors in /zhome/8d/a/147395/miniconda3/envs/src/lib/python3.11/site-packages (from peft==0.8.2->-r requirementsgemma.txt (line 1)) (0.4.2)
Requirement already satisfied: huggingface-hub>=0.17.0 in /zhome/8d/a/147395/miniconda3/envs/src/lib/python3.11/site-packages (from peft==0.8.2->-r requirementsgemma.txt (line 1)) (0.22.1)
Requirement already satisfied: scipy in /zhome/8d/a/147395/miniconda3/envs/src/lib/python3.11/site-packages (from bitsandbytes==0.42.0->-r requirementsgemma.txt (line 2)) (1.12.0)
Requirement already satisfied: filelock in /zhome/8d/a/147395/miniconda3/envs/src/lib/python3.11/site-packages (from datasets==2.16.1->-r requirementsgemma.txt (line 4)) (3.13.1)
Requirement already satisfied: pyarrow>=8.0.0 in /zhome/8d/a/147395/miniconda3/envs/src/lib/python3.11/site-packages (from datasets==2.16.1->-r requirementsgemma.txt (line 4)) (15.0.1)
Requirement already satisfied: pyarrow-hotfix in /zhome/8d/a/147395/miniconda3/envs/src/lib/python3.11/site-packages (from datasets==2.16.1->-r requirementsgemma.txt (line 4)) (0.6)
Requirement already satisfied: dill<0.3.8,>=0.3.0 in /zhome/8d/a/147395/miniconda3/envs/src/lib/python3.11/site-packages (from datasets==2.16.1->-r requirementsgemma.txt (line 4)) (0.3.7)
Requirement already satisfied: pandas in /zhome/8d/a/147395/miniconda3/envs/src/lib/python3.11/site-packages (from datasets==2.16.1->-r requirementsgemma.txt (line 4)) (2.2.1)
Requirement already satisfied: requests>=2.19.0 in /zhome/8d/a/147395/miniconda3/envs/src/lib/python3.11/site-packages (from datasets==2.16.1->-r requirementsgemma.txt (line 4)) (2.31.0)
Requirement already satisfied: xxhash in /zhome/8d/a/147395/miniconda3/envs/src/lib/python3.11/site-packages (from datasets==2.16.1->-r requirementsgemma.txt (line 4)) (3.4.1)
Requirement already satisfied: multiprocess in /zhome/8d/a/147395/miniconda3/envs/src/lib/python3.11/site-packages (from datasets==2.16.1->-r requirementsgemma.txt (line 4)) (0.70.15)
Requirement already satisfied: fsspec<=2023.10.0,>=2023.1.0 in /zhome/8d/a/147395/miniconda3/envs/src/lib/python3.11/site-packages (from fsspec[http]<=2023.10.0,>=2023.1.0->datasets==2.16.1->-r requirementsgemma.txt (line 4)) (2023.10.0)
Requirement already satisfied: aiohttp in /zhome/8d/a/147395/miniconda3/envs/src/lib/python3.11/site-packages (from datasets==2.16.1->-r requirementsgemma.txt (line 4)) (3.9.3)
Requirement already satisfied: regex!=2019.12.17 in /zhome/8d/a/147395/miniconda3/envs/src/lib/python3.11/site-packages (from transformers==4.38.0->-r requirementsgemma.txt (line 6)) (2023.12.25)
Requirement already satisfied: tokenizers<0.19,>=0.14 in /zhome/8d/a/147395/miniconda3/envs/src/lib/python3.11/site-packages (from transformers==4.38.0->-r requirementsgemma.txt (line 6)) (0.15.2)
Requirement already satisfied: aiosignal>=1.1.2 in /zhome/8d/a/147395/miniconda3/envs/src/lib/python3.11/site-packages (from aiohttp->datasets==2.16.1->-r requirementsgemma.txt (line 4)) (1.3.1)
Requirement already satisfied: attrs>=17.3.0 in /zhome/8d/a/147395/miniconda3/envs/src/lib/python3.11/site-packages (from aiohttp->datasets==2.16.1->-r requirementsgemma.txt (line 4)) (23.2.0)
Requirement already satisfied: frozenlist>=1.1.1 in /zhome/8d/a/147395/miniconda3/envs/src/lib/python3.11/site-packages (from aiohttp->datasets==2.16.1->-r requirementsgemma.txt (line 4)) (1.4.1)
Requirement already satisfied: multidict<7.0,>=4.5 in /zhome/8d/a/147395/miniconda3/envs/src/lib/python3.11/site-packages (from aiohttp->datasets==2.16.1->-r requirementsgemma.txt (line 4)) (6.0.5)
Requirement already satisfied: yarl<2.0,>=1.0 in /zhome/8d/a/147395/miniconda3/envs/src/lib/python3.11/site-packages (from aiohttp->datasets==2.16.1->-r requirementsgemma.txt (line 4)) (1.9.4)
Requirement already satisfied: typing-extensions>=3.7.4.3 in /zhome/8d/a/147395/miniconda3/envs/src/lib/python3.11/site-packages (from huggingface-hub>=0.17.0->peft==0.8.2->-r requirementsgemma.txt (line 1)) (4.10.0)
Requirement already satisfied: charset-normalizer<4,>=2 in /zhome/8d/a/147395/miniconda3/envs/src/lib/python3.11/site-packages (from requests>=2.19.0->datasets==2.16.1->-r requirementsgemma.txt (line 4)) (3.3.2)
Requirement already satisfied: idna<4,>=2.5 in /zhome/8d/a/147395/miniconda3/envs/src/lib/python3.11/site-packages (from requests>=2.19.0->datasets==2.16.1->-r requirementsgemma.txt (line 4)) (3.6)
Requirement already satisfied: urllib3<3,>=1.21.1 in /zhome/8d/a/147395/miniconda3/envs/src/lib/python3.11/site-packages (from requests>=2.19.0->datasets==2.16.1->-r requirementsgemma.txt (line 4)) (2.2.1)
Requirement already satisfied: certifi>=2017.4.17 in /zhome/8d/a/147395/miniconda3/envs/src/lib/python3.11/site-packages (from requests>=2.19.0->datasets==2.16.1->-r requirementsgemma.txt (line 4)) (2024.2.2)
Requirement already satisfied: sympy in /zhome/8d/a/147395/miniconda3/envs/src/lib/python3.11/site-packages (from torch>=1.13.0->peft==0.8.2->-r requirementsgemma.txt (line 1)) (1.12)
Requirement already satisfied: networkx in /zhome/8d/a/147395/miniconda3/envs/src/lib/python3.11/site-packages (from torch>=1.13.0->peft==0.8.2->-r requirementsgemma.txt (line 1)) (3.2.1)
Requirement already satisfied: jinja2 in /zhome/8d/a/147395/miniconda3/envs/src/lib/python3.11/site-packages (from torch>=1.13.0->peft==0.8.2->-r requirementsgemma.txt (line 1)) (3.1.3)
Requirement already satisfied: nvidia-cuda-nvrtc-cu12==12.1.105 in /zhome/8d/a/147395/miniconda3/envs/src/lib/python3.11/site-packages (from torch>=1.13.0->peft==0.8.2->-r requirementsgemma.txt (line 1)) (12.1.105)
Requirement already satisfied: nvidia-cuda-runtime-cu12==12.1.105 in /zhome/8d/a/147395/miniconda3/envs/src/lib/python3.11/site-packages (from torch>=1.13.0->peft==0.8.2->-r requirementsgemma.txt (line 1)) (12.1.105)
Requirement already satisfied: nvidia-cuda-cupti-cu12==12.1.105 in /zhome/8d/a/147395/miniconda3/envs/src/lib/python3.11/site-packages (from torch>=1.13.0->peft==0.8.2->-r requirementsgemma.txt (line 1)) (12.1.105)
Requirement already satisfied: nvidia-cudnn-cu12==8.9.2.26 in /zhome/8d/a/147395/miniconda3/envs/src/lib/python3.11/site-packages (from torch>=1.13.0->peft==0.8.2->-r requirementsgemma.txt (line 1)) (8.9.2.26)
Requirement already satisfied: nvidia-cublas-cu12==12.1.3.1 in /zhome/8d/a/147395/miniconda3/envs/src/lib/python3.11/site-packages (from torch>=1.13.0->peft==0.8.2->-r requirementsgemma.txt (line 1)) (12.1.3.1)
Requirement already satisfied: nvidia-cufft-cu12==11.0.2.54 in /zhome/8d/a/147395/miniconda3/envs/src/lib/python3.11/site-packages (from torch>=1.13.0->peft==0.8.2->-r requirementsgemma.txt (line 1)) (11.0.2.54)
Requirement already satisfied: nvidia-curand-cu12==10.3.2.106 in /zhome/8d/a/147395/miniconda3/envs/src/lib/python3.11/site-packages (from torch>=1.13.0->peft==0.8.2->-r requirementsgemma.txt (line 1)) (10.3.2.106)
Requirement already satisfied: nvidia-cusolver-cu12==11.4.5.107 in /zhome/8d/a/147395/miniconda3/envs/src/lib/python3.11/site-packages (from torch>=1.13.0->peft==0.8.2->-r requirementsgemma.txt (line 1)) (11.4.5.107)
Requirement already satisfied: nvidia-cusparse-cu12==12.1.0.106 in /zhome/8d/a/147395/miniconda3/envs/src/lib/python3.11/site-packages (from torch>=1.13.0->peft==0.8.2->-r requirementsgemma.txt (line 1)) (12.1.0.106)
Requirement already satisfied: nvidia-nccl-cu12==2.18.1 in /zhome/8d/a/147395/miniconda3/envs/src/lib/python3.11/site-packages (from torch>=1.13.0->peft==0.8.2->-r requirementsgemma.txt (line 1)) (2.18.1)
Requirement already satisfied: nvidia-nvtx-cu12==12.1.105 in /zhome/8d/a/147395/miniconda3/envs/src/lib/python3.11/site-packages (from torch>=1.13.0->peft==0.8.2->-r requirementsgemma.txt (line 1)) (12.1.105)
Requirement already satisfied: triton==2.1.0 in /zhome/8d/a/147395/miniconda3/envs/src/lib/python3.11/site-packages (from torch>=1.13.0->peft==0.8.2->-r requirementsgemma.txt (line 1)) (2.1.0)
Requirement already satisfied: nvidia-nvjitlink-cu12 in /zhome/8d/a/147395/miniconda3/envs/src/lib/python3.11/site-packages (from nvidia-cusolver-cu12==11.4.5.107->torch>=1.13.0->peft==0.8.2->-r requirementsgemma.txt (line 1)) (12.4.99)
Requirement already satisfied: python-dateutil>=2.8.2 in /zhome/8d/a/147395/miniconda3/envs/src/lib/python3.11/site-packages (from pandas->datasets==2.16.1->-r requirementsgemma.txt (line 4)) (2.9.0.post0)
Requirement already satisfied: pytz>=2020.1 in /zhome/8d/a/147395/miniconda3/envs/src/lib/python3.11/site-packages (from pandas->datasets==2.16.1->-r requirementsgemma.txt (line 4)) (2024.1)
Requirement already satisfied: tzdata>=2022.7 in /zhome/8d/a/147395/miniconda3/envs/src/lib/python3.11/site-packages (from pandas->datasets==2.16.1->-r requirementsgemma.txt (line 4)) (2024.1)
Requirement already satisfied: six>=1.5 in /zhome/8d/a/147395/miniconda3/envs/src/lib/python3.11/site-packages (from python-dateutil>=2.8.2->pandas->datasets==2.16.1->-r requirementsgemma.txt (line 4)) (1.16.0)
Requirement already satisfied: MarkupSafe>=2.0 in /zhome/8d/a/147395/miniconda3/envs/src/lib/python3.11/site-packages (from jinja2->torch>=1.13.0->peft==0.8.2->-r requirementsgemma.txt (line 1)) (2.1.5)
Requirement already satisfied: mpmath>=0.19 in /zhome/8d/a/147395/miniconda3/envs/src/lib/python3.11/site-packages (from sympy->torch>=1.13.0->peft==0.8.2->-r requirementsgemma.txt (line 1)) (1.3.0)
python -m pip install -e .
Obtaining file:///zhome/8d/a/147395/masterproject/masterproject
  Installing build dependencies: started
  Installing build dependencies: finished with status 'done'
  Checking if build backend supports build_editable: started
  Checking if build backend supports build_editable: finished with status 'done'
  Getting requirements to build editable: started
  Getting requirements to build editable: finished with status 'done'
  Installing backend dependencies: started
  Installing backend dependencies: finished with status 'done'
  Preparing editable metadata (pyproject.toml): started
  Preparing editable metadata (pyproject.toml): finished with status 'done'
Requirement already satisfied: click==8.1.7 in /zhome/8d/a/147395/miniconda3/envs/src/lib/python3.11/site-packages (from src==0.0.1) (8.1.7)
Requirement already satisfied: dash==2.14.2 in /zhome/8d/a/147395/miniconda3/envs/src/lib/python3.11/site-packages (from src==0.0.1) (2.14.2)
Requirement already satisfied: datasets==2.16.1 in /zhome/8d/a/147395/miniconda3/envs/src/lib/python3.11/site-packages (from src==0.0.1) (2.16.1)
Requirement already satisfied: fastapi==0.109.0 in /zhome/8d/a/147395/miniconda3/envs/src/lib/python3.11/site-packages (from src==0.0.1) (0.109.0)
Requirement already satisfied: happytransformer==3.0.0 in /zhome/8d/a/147395/miniconda3/envs/src/lib/python3.11/site-packages (from src==0.0.1) (3.0.0)
Requirement already satisfied: hydra-core==1.3.2 in /zhome/8d/a/147395/miniconda3/envs/src/lib/python3.11/site-packages (from src==0.0.1) (1.3.2)
Requirement already satisfied: Markdown==3.5.1 in /zhome/8d/a/147395/miniconda3/envs/src/lib/python3.11/site-packages (from src==0.0.1) (3.5.1)
Requirement already satisfied: matplotlib==3.8.2 in /zhome/8d/a/147395/miniconda3/envs/src/lib/python3.11/site-packages (from src==0.0.1) (3.8.2)
Requirement already satisfied: numpy==1.26.3 in /zhome/8d/a/147395/miniconda3/envs/src/lib/python3.11/site-packages (from src==0.0.1) (1.26.3)
Requirement already satisfied: omegaconf==2.3.0 in /zhome/8d/a/147395/miniconda3/envs/src/lib/python3.11/site-packages (from src==0.0.1) (2.3.0)
Requirement already satisfied: prometheus-fastapi-instrumentator==6.1.0 in /zhome/8d/a/147395/miniconda3/envs/src/lib/python3.11/site-packages (from src==0.0.1) (6.1.0)
Requirement already satisfied: pydantic==2.5.3 in /zhome/8d/a/147395/miniconda3/envs/src/lib/python3.11/site-packages (from src==0.0.1) (2.5.3)
Requirement already satisfied: pytest==7.4.4 in /zhome/8d/a/147395/miniconda3/envs/src/lib/python3.11/site-packages (from src==0.0.1) (7.4.4)
Requirement already satisfied: pytorch-lightning==2.1.3 in /zhome/8d/a/147395/miniconda3/envs/src/lib/python3.11/site-packages (from src==0.0.1) (2.1.3)
Requirement already satisfied: Requests==2.31.0 in /zhome/8d/a/147395/miniconda3/envs/src/lib/python3.11/site-packages (from src==0.0.1) (2.31.0)
Requirement already satisfied: scikit-learn==1.3.2 in /zhome/8d/a/147395/miniconda3/envs/src/lib/python3.11/site-packages (from src==0.0.1) (1.3.2)
Requirement already satisfied: torch==2.1.2 in /zhome/8d/a/147395/miniconda3/envs/src/lib/python3.11/site-packages (from src==0.0.1) (2.1.2)
Requirement already satisfied: Flask<3.1,>=1.0.4 in /zhome/8d/a/147395/miniconda3/envs/src/lib/python3.11/site-packages (from dash==2.14.2->src==0.0.1) (3.0.2)
Requirement already satisfied: Werkzeug<3.1 in /zhome/8d/a/147395/miniconda3/envs/src/lib/python3.11/site-packages (from dash==2.14.2->src==0.0.1) (3.0.1)
Requirement already satisfied: plotly>=5.0.0 in /zhome/8d/a/147395/miniconda3/envs/src/lib/python3.11/site-packages (from dash==2.14.2->src==0.0.1) (5.20.0)
Requirement already satisfied: dash-html-components==2.0.0 in /zhome/8d/a/147395/miniconda3/envs/src/lib/python3.11/site-packages (from dash==2.14.2->src==0.0.1) (2.0.0)
Requirement already satisfied: dash-core-components==2.0.0 in /zhome/8d/a/147395/miniconda3/envs/src/lib/python3.11/site-packages (from dash==2.14.2->src==0.0.1) (2.0.0)
Requirement already satisfied: dash-table==5.0.0 in /zhome/8d/a/147395/miniconda3/envs/src/lib/python3.11/site-packages (from dash==2.14.2->src==0.0.1) (5.0.0)
Requirement already satisfied: typing-extensions>=4.1.1 in /zhome/8d/a/147395/miniconda3/envs/src/lib/python3.11/site-packages (from dash==2.14.2->src==0.0.1) (4.10.0)
Requirement already satisfied: retrying in /zhome/8d/a/147395/miniconda3/envs/src/lib/python3.11/site-packages (from dash==2.14.2->src==0.0.1) (1.3.4)
Requirement already satisfied: ansi2html in /zhome/8d/a/147395/miniconda3/envs/src/lib/python3.11/site-packages (from dash==2.14.2->src==0.0.1) (1.9.1)
Requirement already satisfied: nest-asyncio in /zhome/8d/a/147395/miniconda3/envs/src/lib/python3.11/site-packages (from dash==2.14.2->src==0.0.1) (1.6.0)
Requirement already satisfied: setuptools in /zhome/8d/a/147395/miniconda3/envs/src/lib/python3.11/site-packages (from dash==2.14.2->src==0.0.1) (69.2.0)
Requirement already satisfied: importlib-metadata in /zhome/8d/a/147395/miniconda3/envs/src/lib/python3.11/site-packages (from dash==2.14.2->src==0.0.1) (7.0.2)
Requirement already satisfied: filelock in /zhome/8d/a/147395/miniconda3/envs/src/lib/python3.11/site-packages (from datasets==2.16.1->src==0.0.1) (3.13.1)
Requirement already satisfied: pyarrow>=8.0.0 in /zhome/8d/a/147395/miniconda3/envs/src/lib/python3.11/site-packages (from datasets==2.16.1->src==0.0.1) (15.0.1)
Requirement already satisfied: pyarrow-hotfix in /zhome/8d/a/147395/miniconda3/envs/src/lib/python3.11/site-packages (from datasets==2.16.1->src==0.0.1) (0.6)
Requirement already satisfied: dill<0.3.8,>=0.3.0 in /zhome/8d/a/147395/miniconda3/envs/src/lib/python3.11/site-packages (from datasets==2.16.1->src==0.0.1) (0.3.7)
Requirement already satisfied: pandas in /zhome/8d/a/147395/miniconda3/envs/src/lib/python3.11/site-packages (from datasets==2.16.1->src==0.0.1) (2.2.1)
Requirement already satisfied: tqdm>=4.62.1 in /zhome/8d/a/147395/miniconda3/envs/src/lib/python3.11/site-packages (from datasets==2.16.1->src==0.0.1) (4.66.2)
Requirement already satisfied: xxhash in /zhome/8d/a/147395/miniconda3/envs/src/lib/python3.11/site-packages (from datasets==2.16.1->src==0.0.1) (3.4.1)
Requirement already satisfied: multiprocess in /zhome/8d/a/147395/miniconda3/envs/src/lib/python3.11/site-packages (from datasets==2.16.1->src==0.0.1) (0.70.15)
Requirement already satisfied: fsspec<=2023.10.0,>=2023.1.0 in /zhome/8d/a/147395/miniconda3/envs/src/lib/python3.11/site-packages (from fsspec[http]<=2023.10.0,>=2023.1.0->datasets==2.16.1->src==0.0.1) (2023.10.0)
Requirement already satisfied: aiohttp in /zhome/8d/a/147395/miniconda3/envs/src/lib/python3.11/site-packages (from datasets==2.16.1->src==0.0.1) (3.9.3)
Requirement already satisfied: huggingface-hub>=0.19.4 in /zhome/8d/a/147395/miniconda3/envs/src/lib/python3.11/site-packages (from datasets==2.16.1->src==0.0.1) (0.22.1)
Requirement already satisfied: packaging in /zhome/8d/a/147395/miniconda3/envs/src/lib/python3.11/site-packages (from datasets==2.16.1->src==0.0.1) (24.0)
Requirement already satisfied: pyyaml>=5.1 in /zhome/8d/a/147395/miniconda3/envs/src/lib/python3.11/site-packages (from datasets==2.16.1->src==0.0.1) (6.0.1)
Requirement already satisfied: starlette<0.36.0,>=0.35.0 in /zhome/8d/a/147395/miniconda3/envs/src/lib/python3.11/site-packages (from fastapi==0.109.0->src==0.0.1) (0.35.1)
Requirement already satisfied: transformers<5.0.0,>=4.30.1 in /zhome/8d/a/147395/miniconda3/envs/src/lib/python3.11/site-packages (from happytransformer==3.0.0->src==0.0.1) (4.38.0)
Requirement already satisfied: sentencepiece in /zhome/8d/a/147395/miniconda3/envs/src/lib/python3.11/site-packages (from happytransformer==3.0.0->src==0.0.1) (0.2.0)
Requirement already satisfied: protobuf in /zhome/8d/a/147395/miniconda3/envs/src/lib/python3.11/site-packages (from happytransformer==3.0.0->src==0.0.1) (4.25.3)
Requirement already satisfied: accelerate<1.0.0,>=0.20.1 in /zhome/8d/a/147395/miniconda3/envs/src/lib/python3.11/site-packages (from happytransformer==3.0.0->src==0.0.1) (0.26.1)
Requirement already satisfied: tokenizers<1.0.0,>=0.13.3 in /zhome/8d/a/147395/miniconda3/envs/src/lib/python3.11/site-packages (from happytransformer==3.0.0->src==0.0.1) (0.15.2)
Requirement already satisfied: wandb in /zhome/8d/a/147395/miniconda3/envs/src/lib/python3.11/site-packages (from happytransformer==3.0.0->src==0.0.1) (0.16.4)
Requirement already satisfied: antlr4-python3-runtime==4.9.* in /zhome/8d/a/147395/miniconda3/envs/src/lib/python3.11/site-packages (from hydra-core==1.3.2->src==0.0.1) (4.9.3)
Requirement already satisfied: contourpy>=1.0.1 in /zhome/8d/a/147395/miniconda3/envs/src/lib/python3.11/site-packages (from matplotlib==3.8.2->src==0.0.1) (1.2.0)
Requirement already satisfied: cycler>=0.10 in /zhome/8d/a/147395/miniconda3/envs/src/lib/python3.11/site-packages (from matplotlib==3.8.2->src==0.0.1) (0.12.1)
Requirement already satisfied: fonttools>=4.22.0 in /zhome/8d/a/147395/miniconda3/envs/src/lib/python3.11/site-packages (from matplotlib==3.8.2->src==0.0.1) (4.49.0)
Requirement already satisfied: kiwisolver>=1.3.1 in /zhome/8d/a/147395/miniconda3/envs/src/lib/python3.11/site-packages (from matplotlib==3.8.2->src==0.0.1) (1.4.5)
Requirement already satisfied: pillow>=8 in /zhome/8d/a/147395/miniconda3/envs/src/lib/python3.11/site-packages (from matplotlib==3.8.2->src==0.0.1) (10.2.0)
Requirement already satisfied: pyparsing>=2.3.1 in /zhome/8d/a/147395/miniconda3/envs/src/lib/python3.11/site-packages (from matplotlib==3.8.2->src==0.0.1) (3.1.2)
Requirement already satisfied: python-dateutil>=2.7 in /zhome/8d/a/147395/miniconda3/envs/src/lib/python3.11/site-packages (from matplotlib==3.8.2->src==0.0.1) (2.9.0.post0)
Requirement already satisfied: prometheus-client<1.0.0,>=0.8.0 in /zhome/8d/a/147395/miniconda3/envs/src/lib/python3.11/site-packages (from prometheus-fastapi-instrumentator==6.1.0->src==0.0.1) (0.20.0)
Requirement already satisfied: annotated-types>=0.4.0 in /zhome/8d/a/147395/miniconda3/envs/src/lib/python3.11/site-packages (from pydantic==2.5.3->src==0.0.1) (0.6.0)
Requirement already satisfied: pydantic-core==2.14.6 in /zhome/8d/a/147395/miniconda3/envs/src/lib/python3.11/site-packages (from pydantic==2.5.3->src==0.0.1) (2.14.6)
Requirement already satisfied: iniconfig in /zhome/8d/a/147395/miniconda3/envs/src/lib/python3.11/site-packages (from pytest==7.4.4->src==0.0.1) (2.0.0)
Requirement already satisfied: pluggy<2.0,>=0.12 in /zhome/8d/a/147395/miniconda3/envs/src/lib/python3.11/site-packages (from pytest==7.4.4->src==0.0.1) (1.4.0)
Requirement already satisfied: torchmetrics>=0.7.0 in /zhome/8d/a/147395/miniconda3/envs/src/lib/python3.11/site-packages (from pytorch-lightning==2.1.3->src==0.0.1) (1.3.1)
Requirement already satisfied: lightning-utilities>=0.8.0 in /zhome/8d/a/147395/miniconda3/envs/src/lib/python3.11/site-packages (from pytorch-lightning==2.1.3->src==0.0.1) (0.10.1)
Requirement already satisfied: charset-normalizer<4,>=2 in /zhome/8d/a/147395/miniconda3/envs/src/lib/python3.11/site-packages (from Requests==2.31.0->src==0.0.1) (3.3.2)
Requirement already satisfied: idna<4,>=2.5 in /zhome/8d/a/147395/miniconda3/envs/src/lib/python3.11/site-packages (from Requests==2.31.0->src==0.0.1) (3.6)
Requirement already satisfied: urllib3<3,>=1.21.1 in /zhome/8d/a/147395/miniconda3/envs/src/lib/python3.11/site-packages (from Requests==2.31.0->src==0.0.1) (2.2.1)
Requirement already satisfied: certifi>=2017.4.17 in /zhome/8d/a/147395/miniconda3/envs/src/lib/python3.11/site-packages (from Requests==2.31.0->src==0.0.1) (2024.2.2)
Requirement already satisfied: scipy>=1.5.0 in /zhome/8d/a/147395/miniconda3/envs/src/lib/python3.11/site-packages (from scikit-learn==1.3.2->src==0.0.1) (1.12.0)
Requirement already satisfied: joblib>=1.1.1 in /zhome/8d/a/147395/miniconda3/envs/src/lib/python3.11/site-packages (from scikit-learn==1.3.2->src==0.0.1) (1.3.2)
Requirement already satisfied: threadpoolctl>=2.0.0 in /zhome/8d/a/147395/miniconda3/envs/src/lib/python3.11/site-packages (from scikit-learn==1.3.2->src==0.0.1) (3.3.0)
Requirement already satisfied: sympy in /zhome/8d/a/147395/miniconda3/envs/src/lib/python3.11/site-packages (from torch==2.1.2->src==0.0.1) (1.12)
Requirement already satisfied: networkx in /zhome/8d/a/147395/miniconda3/envs/src/lib/python3.11/site-packages (from torch==2.1.2->src==0.0.1) (3.2.1)
Requirement already satisfied: jinja2 in /zhome/8d/a/147395/miniconda3/envs/src/lib/python3.11/site-packages (from torch==2.1.2->src==0.0.1) (3.1.3)
Requirement already satisfied: nvidia-cuda-nvrtc-cu12==12.1.105 in /zhome/8d/a/147395/miniconda3/envs/src/lib/python3.11/site-packages (from torch==2.1.2->src==0.0.1) (12.1.105)
Requirement already satisfied: nvidia-cuda-runtime-cu12==12.1.105 in /zhome/8d/a/147395/miniconda3/envs/src/lib/python3.11/site-packages (from torch==2.1.2->src==0.0.1) (12.1.105)
Requirement already satisfied: nvidia-cuda-cupti-cu12==12.1.105 in /zhome/8d/a/147395/miniconda3/envs/src/lib/python3.11/site-packages (from torch==2.1.2->src==0.0.1) (12.1.105)
Requirement already satisfied: nvidia-cudnn-cu12==8.9.2.26 in /zhome/8d/a/147395/miniconda3/envs/src/lib/python3.11/site-packages (from torch==2.1.2->src==0.0.1) (8.9.2.26)
Requirement already satisfied: nvidia-cublas-cu12==12.1.3.1 in /zhome/8d/a/147395/miniconda3/envs/src/lib/python3.11/site-packages (from torch==2.1.2->src==0.0.1) (12.1.3.1)
Requirement already satisfied: nvidia-cufft-cu12==11.0.2.54 in /zhome/8d/a/147395/miniconda3/envs/src/lib/python3.11/site-packages (from torch==2.1.2->src==0.0.1) (11.0.2.54)
Requirement already satisfied: nvidia-curand-cu12==10.3.2.106 in /zhome/8d/a/147395/miniconda3/envs/src/lib/python3.11/site-packages (from torch==2.1.2->src==0.0.1) (10.3.2.106)
Requirement already satisfied: nvidia-cusolver-cu12==11.4.5.107 in /zhome/8d/a/147395/miniconda3/envs/src/lib/python3.11/site-packages (from torch==2.1.2->src==0.0.1) (11.4.5.107)
Requirement already satisfied: nvidia-cusparse-cu12==12.1.0.106 in /zhome/8d/a/147395/miniconda3/envs/src/lib/python3.11/site-packages (from torch==2.1.2->src==0.0.1) (12.1.0.106)
Requirement already satisfied: nvidia-nccl-cu12==2.18.1 in /zhome/8d/a/147395/miniconda3/envs/src/lib/python3.11/site-packages (from torch==2.1.2->src==0.0.1) (2.18.1)
Requirement already satisfied: nvidia-nvtx-cu12==12.1.105 in /zhome/8d/a/147395/miniconda3/envs/src/lib/python3.11/site-packages (from torch==2.1.2->src==0.0.1) (12.1.105)
Requirement already satisfied: triton==2.1.0 in /zhome/8d/a/147395/miniconda3/envs/src/lib/python3.11/site-packages (from torch==2.1.2->src==0.0.1) (2.1.0)
Requirement already satisfied: nvidia-nvjitlink-cu12 in /zhome/8d/a/147395/miniconda3/envs/src/lib/python3.11/site-packages (from nvidia-cusolver-cu12==11.4.5.107->torch==2.1.2->src==0.0.1) (12.4.99)
Requirement already satisfied: psutil in /zhome/8d/a/147395/miniconda3/envs/src/lib/python3.11/site-packages (from accelerate<1.0.0,>=0.20.1->happytransformer==3.0.0->src==0.0.1) (5.9.8)
Requirement already satisfied: safetensors>=0.3.1 in /zhome/8d/a/147395/miniconda3/envs/src/lib/python3.11/site-packages (from accelerate<1.0.0,>=0.20.1->happytransformer==3.0.0->src==0.0.1) (0.4.2)
Requirement already satisfied: itsdangerous>=2.1.2 in /zhome/8d/a/147395/miniconda3/envs/src/lib/python3.11/site-packages (from Flask<3.1,>=1.0.4->dash==2.14.2->src==0.0.1) (2.1.2)
Requirement already satisfied: blinker>=1.6.2 in /zhome/8d/a/147395/miniconda3/envs/src/lib/python3.11/site-packages (from Flask<3.1,>=1.0.4->dash==2.14.2->src==0.0.1) (1.7.0)
Requirement already satisfied: aiosignal>=1.1.2 in /zhome/8d/a/147395/miniconda3/envs/src/lib/python3.11/site-packages (from aiohttp->datasets==2.16.1->src==0.0.1) (1.3.1)
Requirement already satisfied: attrs>=17.3.0 in /zhome/8d/a/147395/miniconda3/envs/src/lib/python3.11/site-packages (from aiohttp->datasets==2.16.1->src==0.0.1) (23.2.0)
Requirement already satisfied: frozenlist>=1.1.1 in /zhome/8d/a/147395/miniconda3/envs/src/lib/python3.11/site-packages (from aiohttp->datasets==2.16.1->src==0.0.1) (1.4.1)
Requirement already satisfied: multidict<7.0,>=4.5 in /zhome/8d/a/147395/miniconda3/envs/src/lib/python3.11/site-packages (from aiohttp->datasets==2.16.1->src==0.0.1) (6.0.5)
Requirement already satisfied: yarl<2.0,>=1.0 in /zhome/8d/a/147395/miniconda3/envs/src/lib/python3.11/site-packages (from aiohttp->datasets==2.16.1->src==0.0.1) (1.9.4)
Requirement already satisfied: MarkupSafe>=2.0 in /zhome/8d/a/147395/miniconda3/envs/src/lib/python3.11/site-packages (from jinja2->torch==2.1.2->src==0.0.1) (2.1.5)
Requirement already satisfied: tenacity>=6.2.0 in /zhome/8d/a/147395/miniconda3/envs/src/lib/python3.11/site-packages (from plotly>=5.0.0->dash==2.14.2->src==0.0.1) (8.2.3)
Requirement already satisfied: six>=1.5 in /zhome/8d/a/147395/miniconda3/envs/src/lib/python3.11/site-packages (from python-dateutil>=2.7->matplotlib==3.8.2->src==0.0.1) (1.16.0)
Requirement already satisfied: anyio<5,>=3.4.0 in /zhome/8d/a/147395/miniconda3/envs/src/lib/python3.11/site-packages (from starlette<0.36.0,>=0.35.0->fastapi==0.109.0->src==0.0.1) (4.3.0)
Requirement already satisfied: regex!=2019.12.17 in /zhome/8d/a/147395/miniconda3/envs/src/lib/python3.11/site-packages (from transformers<5.0.0,>=4.30.1->happytransformer==3.0.0->src==0.0.1) (2023.12.25)
Requirement already satisfied: zipp>=0.5 in /zhome/8d/a/147395/miniconda3/envs/src/lib/python3.11/site-packages (from importlib-metadata->dash==2.14.2->src==0.0.1) (3.18.1)
Requirement already satisfied: pytz>=2020.1 in /zhome/8d/a/147395/miniconda3/envs/src/lib/python3.11/site-packages (from pandas->datasets==2.16.1->src==0.0.1) (2024.1)
Requirement already satisfied: tzdata>=2022.7 in /zhome/8d/a/147395/miniconda3/envs/src/lib/python3.11/site-packages (from pandas->datasets==2.16.1->src==0.0.1) (2024.1)
Requirement already satisfied: mpmath>=0.19 in /zhome/8d/a/147395/miniconda3/envs/src/lib/python3.11/site-packages (from sympy->torch==2.1.2->src==0.0.1) (1.3.0)
Requirement already satisfied: GitPython!=3.1.29,>=1.0.0 in /zhome/8d/a/147395/miniconda3/envs/src/lib/python3.11/site-packages (from wandb->happytransformer==3.0.0->src==0.0.1) (3.1.42)
Requirement already satisfied: sentry-sdk>=1.0.0 in /zhome/8d/a/147395/miniconda3/envs/src/lib/python3.11/site-packages (from wandb->happytransformer==3.0.0->src==0.0.1) (1.42.0)
Requirement already satisfied: docker-pycreds>=0.4.0 in /zhome/8d/a/147395/miniconda3/envs/src/lib/python3.11/site-packages (from wandb->happytransformer==3.0.0->src==0.0.1) (0.4.0)
Requirement already satisfied: setproctitle in /zhome/8d/a/147395/miniconda3/envs/src/lib/python3.11/site-packages (from wandb->happytransformer==3.0.0->src==0.0.1) (1.3.3)
Requirement already satisfied: appdirs>=1.4.3 in /zhome/8d/a/147395/miniconda3/envs/src/lib/python3.11/site-packages (from wandb->happytransformer==3.0.0->src==0.0.1) (1.4.4)
Requirement already satisfied: sniffio>=1.1 in /zhome/8d/a/147395/miniconda3/envs/src/lib/python3.11/site-packages (from anyio<5,>=3.4.0->starlette<0.36.0,>=0.35.0->fastapi==0.109.0->src==0.0.1) (1.3.1)
Requirement already satisfied: gitdb<5,>=4.0.1 in /zhome/8d/a/147395/miniconda3/envs/src/lib/python3.11/site-packages (from GitPython!=3.1.29,>=1.0.0->wandb->happytransformer==3.0.0->src==0.0.1) (4.0.11)
Requirement already satisfied: smmap<6,>=3.0.1 in /zhome/8d/a/147395/miniconda3/envs/src/lib/python3.11/site-packages (from gitdb<5,>=4.0.1->GitPython!=3.1.29,>=1.0.0->wandb->happytransformer==3.0.0->src==0.0.1) (5.0.1)
Building wheels for collected packages: src
  Building editable for src (pyproject.toml): started
  Building editable for src (pyproject.toml): finished with status 'done'
  Created wheel for src: filename=src-0.0.1-0.editable-py3-none-any.whl size=5176 sha256=bcf60c5451b527a4a7419876cd769d28c8781d9ab7b308024d4d6a45e2de3009
  Stored in directory: /tmp/pip-ephem-wheel-cache-l73x7fdf/wheels/ae/c7/09/8359ed311d0e920038a9546136bc0708deb92b3fc3104415bb
Successfully built src
Installing collected packages: src
  Attempting uninstall: src
    Found existing installation: src 0.0.1
    Uninstalling src-0.0.1:
      Successfully uninstalled src-0.0.1
Successfully installed src-0.0.1
python src/finetunegemma.py
trainable params: 78,586,112 || all params: 2,584,898,048 || trainable%: 3.0402016072086107
Evaluating the Model Before Training!
Training the Model
{'loss': 2.1192, 'grad_norm': 30.0339412689209, 'learning_rate': 1.9900000000000003e-05, 'epoch': 0.01}
{'loss': 1.6799, 'grad_norm': 32.758609771728516, 'learning_rate': 1.98e-05, 'epoch': 0.02}
{'loss': 1.5894, 'grad_norm': 17.017126083374023, 'learning_rate': 1.97e-05, 'epoch': 0.03}
{'loss': 1.4833, 'grad_norm': 20.606346130371094, 'learning_rate': 1.9600000000000002e-05, 'epoch': 0.04}
{'loss': 1.5403, 'grad_norm': 20.387332916259766, 'learning_rate': 1.95e-05, 'epoch': 0.05}
{'loss': 1.5781, 'grad_norm': 26.580921173095703, 'learning_rate': 1.94e-05, 'epoch': 0.06}
{'loss': 1.4874, 'grad_norm': 27.696788787841797, 'learning_rate': 1.93e-05, 'epoch': 0.07}
{'loss': 1.4916, 'grad_norm': 22.893579483032227, 'learning_rate': 1.9200000000000003e-05, 'epoch': 0.08}
{'loss': 1.4576, 'grad_norm': 33.01165008544922, 'learning_rate': 1.91e-05, 'epoch': 0.09}
{'loss': 1.4608, 'grad_norm': 30.072397232055664, 'learning_rate': 1.9e-05, 'epoch': 0.1}
{'loss': 1.4724, 'grad_norm': 31.188159942626953, 'learning_rate': 1.8900000000000002e-05, 'epoch': 0.11}
{'loss': 1.4177, 'grad_norm': 19.205284118652344, 'learning_rate': 1.88e-05, 'epoch': 0.12}
{'loss': 1.3698, 'grad_norm': 23.7490291595459, 'learning_rate': 1.8700000000000004e-05, 'epoch': 0.13}
{'loss': 1.4415, 'grad_norm': 39.79867935180664, 'learning_rate': 1.86e-05, 'epoch': 0.14}
{'loss': 1.5138, 'grad_norm': 40.332664489746094, 'learning_rate': 1.8500000000000002e-05, 'epoch': 0.15}
{'loss': 1.4168, 'grad_norm': 28.109943389892578, 'learning_rate': 1.8400000000000003e-05, 'epoch': 0.16}
{'loss': 1.4065, 'grad_norm': 27.376922607421875, 'learning_rate': 1.83e-05, 'epoch': 0.17}
{'loss': 1.5067, 'grad_norm': 33.845245361328125, 'learning_rate': 1.8200000000000002e-05, 'epoch': 0.18}
{'loss': 1.417, 'grad_norm': 25.112401962280273, 'learning_rate': 1.8100000000000003e-05, 'epoch': 0.19}
{'loss': 1.3534, 'grad_norm': 28.349000930786133, 'learning_rate': 1.8e-05, 'epoch': 0.2}
{'loss': 1.4729, 'grad_norm': 19.609773635864258, 'learning_rate': 1.79e-05, 'epoch': 0.21}
{'loss': 1.5034, 'grad_norm': 27.030380249023438, 'learning_rate': 1.7800000000000002e-05, 'epoch': 0.22}
{'loss': 1.4178, 'grad_norm': 27.684560775756836, 'learning_rate': 1.77e-05, 'epoch': 0.23}
{'loss': 1.3987, 'grad_norm': 23.439102172851562, 'learning_rate': 1.76e-05, 'epoch': 0.24}
{'loss': 1.3948, 'grad_norm': 20.173004150390625, 'learning_rate': 1.7500000000000002e-05, 'epoch': 0.25}
{'loss': 1.4301, 'grad_norm': 33.32481384277344, 'learning_rate': 1.7400000000000003e-05, 'epoch': 0.26}
{'loss': 1.4152, 'grad_norm': 22.4333438873291, 'learning_rate': 1.73e-05, 'epoch': 0.27}
{'loss': 1.4331, 'grad_norm': 14.520423889160156, 'learning_rate': 1.72e-05, 'epoch': 0.28}
{'loss': 1.4236, 'grad_norm': 20.948823928833008, 'learning_rate': 1.7100000000000002e-05, 'epoch': 0.29}
{'loss': 1.3326, 'grad_norm': 23.67668914794922, 'learning_rate': 1.7e-05, 'epoch': 0.3}
{'loss': 1.3623, 'grad_norm': 19.65181541442871, 'learning_rate': 1.69e-05, 'epoch': 0.31}
{'loss': 1.4071, 'grad_norm': 10.061941146850586, 'learning_rate': 1.6800000000000002e-05, 'epoch': 0.32}
{'loss': 1.3876, 'grad_norm': 44.85688781738281, 'learning_rate': 1.67e-05, 'epoch': 0.33}
{'loss': 1.3578, 'grad_norm': 44.29807662963867, 'learning_rate': 1.66e-05, 'epoch': 0.34}
{'loss': 1.3452, 'grad_norm': 22.349721908569336, 'learning_rate': 1.65e-05, 'epoch': 0.35}
{'loss': 1.2849, 'grad_norm': 11.06049633026123, 'learning_rate': 1.64e-05, 'epoch': 0.36}
{'loss': 1.3124, 'grad_norm': 16.437070846557617, 'learning_rate': 1.63e-05, 'epoch': 0.37}
{'loss': 1.2984, 'grad_norm': 25.137277603149414, 'learning_rate': 1.62e-05, 'epoch': 0.38}
{'loss': 1.3836, 'grad_norm': 25.53919219970703, 'learning_rate': 1.6100000000000002e-05, 'epoch': 0.39}
{'loss': 1.4604, 'grad_norm': 37.70786666870117, 'learning_rate': 1.6000000000000003e-05, 'epoch': 0.4}
{'loss': 1.2663, 'grad_norm': 31.90526580810547, 'learning_rate': 1.5900000000000004e-05, 'epoch': 0.41}
{'loss': 1.3469, 'grad_norm': 25.630863189697266, 'learning_rate': 1.58e-05, 'epoch': 0.42}
{'loss': 1.3006, 'grad_norm': 27.23780632019043, 'learning_rate': 1.5700000000000002e-05, 'epoch': 0.43}
{'loss': 1.2747, 'grad_norm': 29.13112449645996, 'learning_rate': 1.5600000000000003e-05, 'epoch': 0.44}
{'loss': 1.4248, 'grad_norm': 39.93549346923828, 'learning_rate': 1.55e-05, 'epoch': 0.45}
{'loss': 1.3277, 'grad_norm': 30.42329216003418, 'learning_rate': 1.54e-05, 'epoch': 0.46}
{'loss': 1.3172, 'grad_norm': 13.95143985748291, 'learning_rate': 1.5300000000000003e-05, 'epoch': 0.47}
{'loss': 1.4549, 'grad_norm': 26.69525909423828, 'learning_rate': 1.5200000000000002e-05, 'epoch': 0.48}
{'loss': 1.411, 'grad_norm': 10.50009822845459, 'learning_rate': 1.5100000000000001e-05, 'epoch': 0.49}
{'loss': 1.4072, 'grad_norm': 16.718027114868164, 'learning_rate': 1.5000000000000002e-05, 'epoch': 0.5}
{'loss': 1.3499, 'grad_norm': 21.268375396728516, 'learning_rate': 1.4900000000000001e-05, 'epoch': 0.51}
{'loss': 1.3692, 'grad_norm': 24.694841384887695, 'learning_rate': 1.48e-05, 'epoch': 0.52}
{'loss': 1.3789, 'grad_norm': 18.660064697265625, 'learning_rate': 1.4700000000000002e-05, 'epoch': 0.53}
{'loss': 1.3506, 'grad_norm': 32.46770477294922, 'learning_rate': 1.46e-05, 'epoch': 0.54}
{'loss': 1.3141, 'grad_norm': 21.791358947753906, 'learning_rate': 1.45e-05, 'epoch': 0.55}
{'loss': 1.355, 'grad_norm': 20.82918930053711, 'learning_rate': 1.4400000000000001e-05, 'epoch': 0.56}
{'loss': 1.3649, 'grad_norm': 29.43329429626465, 'learning_rate': 1.43e-05, 'epoch': 0.57}
{'loss': 1.4442, 'grad_norm': 31.54705047607422, 'learning_rate': 1.4200000000000001e-05, 'epoch': 0.58}
{'loss': 1.3213, 'grad_norm': 20.843488693237305, 'learning_rate': 1.41e-05, 'epoch': 0.59}
{'loss': 1.3098, 'grad_norm': 14.15316390991211, 'learning_rate': 1.4e-05, 'epoch': 0.6}
{'loss': 1.3439, 'grad_norm': 10.72846508026123, 'learning_rate': 1.39e-05, 'epoch': 0.61}
{'loss': 1.3109, 'grad_norm': 31.705204010009766, 'learning_rate': 1.38e-05, 'epoch': 0.62}
{'loss': 1.3214, 'grad_norm': 18.827808380126953, 'learning_rate': 1.3700000000000003e-05, 'epoch': 0.63}
{'loss': 1.3033, 'grad_norm': 21.867698669433594, 'learning_rate': 1.3600000000000002e-05, 'epoch': 0.64}
{'loss': 1.2237, 'grad_norm': 12.34393310546875, 'learning_rate': 1.3500000000000001e-05, 'epoch': 0.65}
{'loss': 1.3325, 'grad_norm': 7.536355495452881, 'learning_rate': 1.3400000000000002e-05, 'epoch': 0.66}
{'loss': 1.383, 'grad_norm': 13.554755210876465, 'learning_rate': 1.3300000000000001e-05, 'epoch': 0.67}
{'loss': 1.4087, 'grad_norm': 36.353702545166016, 'learning_rate': 1.3200000000000002e-05, 'epoch': 0.68}
{'loss': 1.2437, 'grad_norm': 27.520051956176758, 'learning_rate': 1.3100000000000002e-05, 'epoch': 0.69}
{'loss': 1.3063, 'grad_norm': 27.049701690673828, 'learning_rate': 1.3000000000000001e-05, 'epoch': 0.7}
{'loss': 1.3857, 'grad_norm': 15.078374862670898, 'learning_rate': 1.2900000000000002e-05, 'epoch': 0.71}
{'loss': 1.2877, 'grad_norm': 21.459325790405273, 'learning_rate': 1.2800000000000001e-05, 'epoch': 0.72}
{'loss': 1.2615, 'grad_norm': 13.691372871398926, 'learning_rate': 1.27e-05, 'epoch': 0.73}
{'loss': 1.3182, 'grad_norm': 26.217239379882812, 'learning_rate': 1.2600000000000001e-05, 'epoch': 0.74}
{'loss': 1.3091, 'grad_norm': 17.14025115966797, 'learning_rate': 1.25e-05, 'epoch': 0.75}
{'loss': 1.3415, 'grad_norm': 28.568994522094727, 'learning_rate': 1.2400000000000002e-05, 'epoch': 0.76}
{'loss': 1.3866, 'grad_norm': 10.339746475219727, 'learning_rate': 1.23e-05, 'epoch': 0.77}
{'loss': 1.3178, 'grad_norm': 36.1862907409668, 'learning_rate': 1.22e-05, 'epoch': 0.78}
{'loss': 1.3268, 'grad_norm': 33.9781379699707, 'learning_rate': 1.2100000000000001e-05, 'epoch': 0.79}
{'loss': 1.3414, 'grad_norm': 14.076580047607422, 'learning_rate': 1.2e-05, 'epoch': 0.8}
{'loss': 1.2948, 'grad_norm': 22.953857421875, 'learning_rate': 1.1900000000000001e-05, 'epoch': 0.81}
{'loss': 1.3043, 'grad_norm': 32.534210205078125, 'learning_rate': 1.18e-05, 'epoch': 0.82}
{'loss': 1.3257, 'grad_norm': 22.383298873901367, 'learning_rate': 1.17e-05, 'epoch': 0.83}
{'loss': 1.3053, 'grad_norm': 21.95905113220215, 'learning_rate': 1.16e-05, 'epoch': 0.84}
{'loss': 1.3197, 'grad_norm': 28.095001220703125, 'learning_rate': 1.15e-05, 'epoch': 0.85}
{'loss': 1.2803, 'grad_norm': 22.45842933654785, 'learning_rate': 1.14e-05, 'epoch': 0.86}
{'loss': 1.3098, 'grad_norm': 20.428207397460938, 'learning_rate': 1.13e-05, 'epoch': 0.87}
{'loss': 1.3669, 'grad_norm': 24.844385147094727, 'learning_rate': 1.1200000000000001e-05, 'epoch': 0.88}
{'loss': 1.2602, 'grad_norm': 16.967750549316406, 'learning_rate': 1.1100000000000002e-05, 'epoch': 0.89}
{'loss': 1.3447, 'grad_norm': 11.447537422180176, 'learning_rate': 1.1000000000000001e-05, 'epoch': 0.9}
{'loss': 1.3437, 'grad_norm': 17.80158805847168, 'learning_rate': 1.0900000000000002e-05, 'epoch': 0.91}
{'loss': 1.2867, 'grad_norm': 36.22535705566406, 'learning_rate': 1.0800000000000002e-05, 'epoch': 0.92}
{'loss': 1.2638, 'grad_norm': 27.53852081298828, 'learning_rate': 1.0700000000000001e-05, 'epoch': 0.93}
{'loss': 1.2838, 'grad_norm': 30.998125076293945, 'learning_rate': 1.0600000000000002e-05, 'epoch': 0.94}
{'loss': 1.3416, 'grad_norm': 30.006942749023438, 'learning_rate': 1.0500000000000001e-05, 'epoch': 0.95}
{'loss': 1.3422, 'grad_norm': 21.708206176757812, 'learning_rate': 1.04e-05, 'epoch': 0.96}
{'loss': 1.3323, 'grad_norm': 29.174230575561523, 'learning_rate': 1.0300000000000001e-05, 'epoch': 0.97}
{'loss': 1.3655, 'grad_norm': 52.16946029663086, 'learning_rate': 1.02e-05, 'epoch': 0.98}
{'loss': 1.3315, 'grad_norm': 38.01533126831055, 'learning_rate': 1.0100000000000002e-05, 'epoch': 0.99}
{'loss': 1.3194, 'grad_norm': 21.469038009643555, 'learning_rate': 1e-05, 'epoch': 1.0}
{'eval_loss': 1.3965649604797363, 'eval_accuracy': 0.3462578899909829, 'eval_runtime': 481.0434, 'eval_samples_per_second': 2.305, 'eval_steps_per_second': 0.231, 'epoch': 1.0}
{'loss': 1.2475, 'grad_norm': 22.015825271606445, 'learning_rate': 9.9e-06, 'epoch': 1.01}
{'loss': 1.3056, 'grad_norm': 28.24381446838379, 'learning_rate': 9.800000000000001e-06, 'epoch': 1.02}
{'loss': 1.2444, 'grad_norm': 12.252954483032227, 'learning_rate': 9.7e-06, 'epoch': 1.03}
{'loss': 1.3922, 'grad_norm': 27.567245483398438, 'learning_rate': 9.600000000000001e-06, 'epoch': 1.04}
{'loss': 1.2375, 'grad_norm': 12.711124420166016, 'learning_rate': 9.5e-06, 'epoch': 1.05}
{'loss': 1.31, 'grad_norm': 13.306013107299805, 'learning_rate': 9.4e-06, 'epoch': 1.06}
{'loss': 1.2846, 'grad_norm': 19.328140258789062, 'learning_rate': 9.3e-06, 'epoch': 1.07}
{'loss': 1.2485, 'grad_norm': 14.445993423461914, 'learning_rate': 9.200000000000002e-06, 'epoch': 1.08}
{'loss': 1.2954, 'grad_norm': 38.57837677001953, 'learning_rate': 9.100000000000001e-06, 'epoch': 1.09}
{'loss': 1.2737, 'grad_norm': 33.32038879394531, 'learning_rate': 9e-06, 'epoch': 1.1}
{'loss': 1.2852, 'grad_norm': 32.58460998535156, 'learning_rate': 8.900000000000001e-06, 'epoch': 1.11}
{'loss': 1.2355, 'grad_norm': 27.33077621459961, 'learning_rate': 8.8e-06, 'epoch': 1.12}
{'loss': 1.1985, 'grad_norm': 33.94672775268555, 'learning_rate': 8.700000000000001e-06, 'epoch': 1.13}
{'loss': 1.2887, 'grad_norm': 25.487451553344727, 'learning_rate': 8.6e-06, 'epoch': 1.14}
{'loss': 1.3578, 'grad_norm': 31.201519012451172, 'learning_rate': 8.5e-06, 'epoch': 1.15}
{'loss': 1.2491, 'grad_norm': 31.571758270263672, 'learning_rate': 8.400000000000001e-06, 'epoch': 1.16}
{'loss': 1.2918, 'grad_norm': 20.01420021057129, 'learning_rate': 8.3e-06, 'epoch': 1.17}
{'loss': 1.2758, 'grad_norm': 22.665891647338867, 'learning_rate': 8.2e-06, 'epoch': 1.18}
{'loss': 1.1551, 'grad_norm': 38.750022888183594, 'learning_rate': 8.1e-06, 'epoch': 1.19}
{'loss': 1.2749, 'grad_norm': 20.350332260131836, 'learning_rate': 8.000000000000001e-06, 'epoch': 1.2}
{'loss': 1.3423, 'grad_norm': 29.22971534729004, 'learning_rate': 7.9e-06, 'epoch': 1.21}
{'loss': 1.2455, 'grad_norm': 38.51290512084961, 'learning_rate': 7.800000000000002e-06, 'epoch': 1.22}
{'loss': 1.2365, 'grad_norm': 23.3956241607666, 'learning_rate': 7.7e-06, 'epoch': 1.23}
{'loss': 1.1798, 'grad_norm': 21.160274505615234, 'learning_rate': 7.600000000000001e-06, 'epoch': 1.24}
{'loss': 1.202, 'grad_norm': 12.897774696350098, 'learning_rate': 7.500000000000001e-06, 'epoch': 1.25}
{'loss': 1.1402, 'grad_norm': 17.165950775146484, 'learning_rate': 7.4e-06, 'epoch': 1.26}
{'loss': 1.3175, 'grad_norm': 14.581948280334473, 'learning_rate': 7.3e-06, 'epoch': 1.27}
{'loss': 1.2925, 'grad_norm': 39.54755401611328, 'learning_rate': 7.2000000000000005e-06, 'epoch': 1.28}
{'loss': 1.2251, 'grad_norm': 24.29939842224121, 'learning_rate': 7.100000000000001e-06, 'epoch': 1.29}
{'loss': 1.2129, 'grad_norm': 31.8111629486084, 'learning_rate': 7e-06, 'epoch': 1.3}
{'loss': 1.2639, 'grad_norm': 28.223648071289062, 'learning_rate': 6.9e-06, 'epoch': 1.31}
{'loss': 1.2166, 'grad_norm': 30.961105346679688, 'learning_rate': 6.800000000000001e-06, 'epoch': 1.32}
{'loss': 1.1204, 'grad_norm': 7.65914249420166, 'learning_rate': 6.700000000000001e-06, 'epoch': 1.33}
{'loss': 1.2321, 'grad_norm': 22.823528289794922, 'learning_rate': 6.600000000000001e-06, 'epoch': 1.34}
{'loss': 1.0892, 'grad_norm': 24.201391220092773, 'learning_rate': 6.5000000000000004e-06, 'epoch': 1.35}
{'loss': 1.2607, 'grad_norm': 25.480119705200195, 'learning_rate': 6.4000000000000006e-06, 'epoch': 1.36}
{'loss': 1.2382, 'grad_norm': 16.78448486328125, 'learning_rate': 6.300000000000001e-06, 'epoch': 1.37}
{'loss': 1.3029, 'grad_norm': 35.39224624633789, 'learning_rate': 6.200000000000001e-06, 'epoch': 1.38}
{'loss': 1.2792, 'grad_norm': 18.009611129760742, 'learning_rate': 6.1e-06, 'epoch': 1.39}
{'loss': 1.2995, 'grad_norm': 23.56282615661621, 'learning_rate': 6e-06, 'epoch': 1.4}
{'loss': 1.2263, 'grad_norm': 40.106590270996094, 'learning_rate': 5.9e-06, 'epoch': 1.41}
{'loss': 1.2014, 'grad_norm': 14.7177152633667, 'learning_rate': 5.8e-06, 'epoch': 1.42}
{'loss': 1.1747, 'grad_norm': 22.337364196777344, 'learning_rate': 5.7e-06, 'epoch': 1.43}
{'loss': 1.144, 'grad_norm': 31.03306007385254, 'learning_rate': 5.600000000000001e-06, 'epoch': 1.44}
{'loss': 1.2787, 'grad_norm': 10.47865104675293, 'learning_rate': 5.500000000000001e-06, 'epoch': 1.45}
{'loss': 1.2697, 'grad_norm': 27.67445182800293, 'learning_rate': 5.400000000000001e-06, 'epoch': 1.46}
{'loss': 1.2801, 'grad_norm': 21.178232192993164, 'learning_rate': 5.300000000000001e-06, 'epoch': 1.47}
{'loss': 1.2923, 'grad_norm': 19.984375, 'learning_rate': 5.2e-06, 'epoch': 1.48}
{'loss': 1.2057, 'grad_norm': 20.847036361694336, 'learning_rate': 5.1e-06, 'epoch': 1.49}
{'loss': 1.2393, 'grad_norm': 27.157602310180664, 'learning_rate': 5e-06, 'epoch': 1.5}
{'loss': 1.2621, 'grad_norm': 29.431594848632812, 'learning_rate': 4.9000000000000005e-06, 'epoch': 1.51}
{'loss': 1.379, 'grad_norm': 41.93442153930664, 'learning_rate': 4.800000000000001e-06, 'epoch': 1.52}
{'loss': 1.2273, 'grad_norm': 13.68171501159668, 'learning_rate': 4.7e-06, 'epoch': 1.53}
{'loss': 1.144, 'grad_norm': 19.327682495117188, 'learning_rate': 4.600000000000001e-06, 'epoch': 1.54}
{'loss': 1.2086, 'grad_norm': 31.63563346862793, 'learning_rate': 4.5e-06, 'epoch': 1.55}
{'loss': 1.1685, 'grad_norm': 10.820332527160645, 'learning_rate': 4.4e-06, 'epoch': 1.56}
{'loss': 1.2327, 'grad_norm': 15.882314682006836, 'learning_rate': 4.3e-06, 'epoch': 1.57}
{'loss': 1.2241, 'grad_norm': 23.410072326660156, 'learning_rate': 4.2000000000000004e-06, 'epoch': 1.58}
{'loss': 1.1601, 'grad_norm': 25.923255920410156, 'learning_rate': 4.1e-06, 'epoch': 1.59}
{'loss': 1.2185, 'grad_norm': 13.567965507507324, 'learning_rate': 4.000000000000001e-06, 'epoch': 1.6}
{'loss': 1.3038, 'grad_norm': 22.29871940612793, 'learning_rate': 3.900000000000001e-06, 'epoch': 1.61}
{'loss': 1.4089, 'grad_norm': 23.23911476135254, 'learning_rate': 3.8000000000000005e-06, 'epoch': 1.62}
{'loss': 1.2758, 'grad_norm': 21.62598991394043, 'learning_rate': 3.7e-06, 'epoch': 1.63}
{'loss': 1.169, 'grad_norm': 30.615629196166992, 'learning_rate': 3.6000000000000003e-06, 'epoch': 1.64}
{'loss': 1.1725, 'grad_norm': 23.8897705078125, 'learning_rate': 3.5e-06, 'epoch': 1.65}
{'loss': 1.278, 'grad_norm': 33.881385803222656, 'learning_rate': 3.4000000000000005e-06, 'epoch': 1.66}
{'loss': 1.2322, 'grad_norm': 39.96091079711914, 'learning_rate': 3.3000000000000006e-06, 'epoch': 1.67}
{'loss': 1.1742, 'grad_norm': 12.42780876159668, 'learning_rate': 3.2000000000000003e-06, 'epoch': 1.68}
{'loss': 1.2354, 'grad_norm': 13.430983543395996, 'learning_rate': 3.1000000000000004e-06, 'epoch': 1.69}
{'loss': 1.3169, 'grad_norm': 23.808761596679688, 'learning_rate': 3e-06, 'epoch': 1.7}
{'loss': 1.3092, 'grad_norm': 22.4140567779541, 'learning_rate': 2.9e-06, 'epoch': 1.71}
{'loss': 1.2367, 'grad_norm': 17.801698684692383, 'learning_rate': 2.8000000000000003e-06, 'epoch': 1.72}
{'loss': 1.2865, 'grad_norm': 33.743186950683594, 'learning_rate': 2.7000000000000004e-06, 'epoch': 1.73}
{'loss': 1.1875, 'grad_norm': 26.385738372802734, 'learning_rate': 2.6e-06, 'epoch': 1.74}
{'loss': 1.1479, 'grad_norm': 39.756622314453125, 'learning_rate': 2.5e-06, 'epoch': 1.75}
{'loss': 1.3054, 'grad_norm': 20.154569625854492, 'learning_rate': 2.4000000000000003e-06, 'epoch': 1.76}
{'loss': 1.1661, 'grad_norm': 13.636468887329102, 'learning_rate': 2.3000000000000004e-06, 'epoch': 1.77}
{'loss': 1.2437, 'grad_norm': 19.446666717529297, 'learning_rate': 2.2e-06, 'epoch': 1.78}
{'loss': 1.3061, 'grad_norm': 18.422138214111328, 'learning_rate': 2.1000000000000002e-06, 'epoch': 1.79}
{'loss': 1.2757, 'grad_norm': 30.57616424560547, 'learning_rate': 2.0000000000000003e-06, 'epoch': 1.8}
{'loss': 1.2021, 'grad_norm': 13.9735689163208, 'learning_rate': 1.9000000000000002e-06, 'epoch': 1.81}
{'loss': 1.1415, 'grad_norm': 33.88703918457031, 'learning_rate': 1.8000000000000001e-06, 'epoch': 1.82}
{'loss': 1.2611, 'grad_norm': 25.021352767944336, 'learning_rate': 1.7000000000000002e-06, 'epoch': 1.83}
{'loss': 1.2843, 'grad_norm': 19.648468017578125, 'learning_rate': 1.6000000000000001e-06, 'epoch': 1.84}
{'loss': 1.1203, 'grad_norm': 16.80364418029785, 'learning_rate': 1.5e-06, 'epoch': 1.85}
{'loss': 1.2582, 'grad_norm': 25.44585418701172, 'learning_rate': 1.4000000000000001e-06, 'epoch': 1.86}
{'loss': 1.1632, 'grad_norm': 26.788713455200195, 'learning_rate': 1.3e-06, 'epoch': 1.87}
{'loss': 1.163, 'grad_norm': 21.205848693847656, 'learning_rate': 1.2000000000000002e-06, 'epoch': 1.88}
{'loss': 1.1469, 'grad_norm': 9.730868339538574, 'learning_rate': 1.1e-06, 'epoch': 1.89}
{'loss': 1.2007, 'grad_norm': 24.96768569946289, 'learning_rate': 1.0000000000000002e-06, 'epoch': 1.9}
{'loss': 1.1877, 'grad_norm': 39.48743438720703, 'learning_rate': 9.000000000000001e-07, 'epoch': 1.91}
{'loss': 1.2602, 'grad_norm': 32.30315399169922, 'learning_rate': 8.000000000000001e-07, 'epoch': 1.92}
{'loss': 1.2452, 'grad_norm': 30.726716995239258, 'learning_rate': 7.000000000000001e-07, 'epoch': 1.93}
{'loss': 1.2145, 'grad_norm': 26.37854766845703, 'learning_rate': 6.000000000000001e-07, 'epoch': 1.94}
{'loss': 1.1204, 'grad_norm': 29.836360931396484, 'learning_rate': 5.000000000000001e-07, 'epoch': 1.95}
{'loss': 1.2325, 'grad_norm': 21.153968811035156, 'learning_rate': 4.0000000000000003e-07, 'epoch': 1.96}
{'loss': 1.161, 'grad_norm': 22.77785873413086, 'learning_rate': 3.0000000000000004e-07, 'epoch': 1.97}
{'loss': 1.251, 'grad_norm': 30.881591796875, 'learning_rate': 2.0000000000000002e-07, 'epoch': 1.98}
{'loss': 1.2027, 'grad_norm': 25.103797912597656, 'learning_rate': 1.0000000000000001e-07, 'epoch': 1.99}
{'loss': 1.2217, 'grad_norm': 24.03985595703125, 'learning_rate': 0.0, 'epoch': 2.0}
{'eval_loss': 1.4078903198242188, 'eval_accuracy': 0.3570784490532011, 'eval_runtime': 484.1978, 'eval_samples_per_second': 2.29, 'eval_steps_per_second': 0.229, 'epoch': 2.0}
{'train_runtime': 25872.6359, 'train_samples_per_second': 0.773, 'train_steps_per_second': 0.077, 'train_loss': 1.3082325291633605, 'epoch': 2.0}
Evaluating the Model AFTER Training!
Saving the model!
