Sat Mar 16 22:36:40 2024       
+-----------------------------------------------------------------------------------------+
| NVIDIA-SMI 550.54.14              Driver Version: 550.54.14      CUDA Version: 12.4     |
|-----------------------------------------+------------------------+----------------------+
| GPU  Name                 Persistence-M | Bus-Id          Disp.A | Volatile Uncorr. ECC |
| Fan  Temp   Perf          Pwr:Usage/Cap |           Memory-Usage | GPU-Util  Compute M. |
|                                         |                        |               MIG M. |
|=========================================+========================+======================|
|   0  Tesla V100-SXM2-32GB           On  |   00000000:3A:00.0 Off |                    0 |
| N/A   27C    P0             41W /  300W |       0MiB /  32768MiB |      0%   E. Process |
|                                         |                        |                  N/A |
+-----------------------------------------+------------------------+----------------------+
                                                                                         
+-----------------------------------------------------------------------------------------+
| Processes:                                                                              |
|  GPU   GI   CI        PID   Type   Process name                              GPU Memory |
|        ID   ID                                                               Usage      |
|=========================================================================================|
|  No running processes found                                                             |
+-----------------------------------------------------------------------------------------+
/appl/cuda/11.6.0/samples/bin/x86_64/linux/release/deviceQuery Starting...

 CUDA Device Query (Runtime API) version (CUDART static linking)

Detected 1 CUDA Capable device(s)

Device 0: "Tesla V100-SXM2-32GB"
  CUDA Driver Version / Runtime Version          12.4 / 11.6
  CUDA Capability Major/Minor version number:    7.0
  Total amount of global memory:                 32494 MBytes (34072559616 bytes)
  (080) Multiprocessors, (064) CUDA Cores/MP:    5120 CUDA Cores
  GPU Max Clock rate:                            1530 MHz (1.53 GHz)
  Memory Clock rate:                             877 Mhz
  Memory Bus Width:                              4096-bit
  L2 Cache Size:                                 6291456 bytes
  Maximum Texture Dimension Size (x,y,z)         1D=(131072), 2D=(131072, 65536), 3D=(16384, 16384, 16384)
  Maximum Layered 1D Texture Size, (num) layers  1D=(32768), 2048 layers
  Maximum Layered 2D Texture Size, (num) layers  2D=(32768, 32768), 2048 layers
  Total amount of constant memory:               65536 bytes
  Total amount of shared memory per block:       49152 bytes
  Total shared memory per multiprocessor:        98304 bytes
  Total number of registers available per block: 65536
  Warp size:                                     32
  Maximum number of threads per multiprocessor:  2048
  Maximum number of threads per block:           1024
  Max dimension size of a thread block (x,y,z): (1024, 1024, 64)
  Max dimension size of a grid size    (x,y,z): (2147483647, 65535, 65535)
  Maximum memory pitch:                          2147483647 bytes
  Texture alignment:                             512 bytes
  Concurrent copy and kernel execution:          Yes with 5 copy engine(s)
  Run time limit on kernels:                     No
  Integrated GPU sharing Host Memory:            No
  Support host page-locked memory mapping:       Yes
  Alignment requirement for Surfaces:            Yes
  Device has ECC support:                        Enabled
  Device supports Unified Addressing (UVA):      Yes
  Device supports Managed Memory:                Yes
  Device supports Compute Preemption:            Yes
  Supports Cooperative Kernel Launch:            Yes
  Supports MultiDevice Co-op Kernel Launch:      Yes
  Device PCI Domain ID / Bus ID / location ID:   0 / 58 / 0
  Compute Mode:
     < Exclusive Process (many threads in one process is able to use ::cudaSetDevice() with this device) >

deviceQuery, CUDA Driver = CUDART, CUDA Driver Version = 12.4, CUDA Runtime Version = 11.6, NumDevs = 1
Result = PASS
Starting executable...
Running: conda init and script
python -m pip install -U pip setuptools wheel
Requirement already satisfied: pip in /zhome/8d/a/147395/miniconda3/envs/src/lib/python3.11/site-packages (24.0)
Requirement already satisfied: setuptools in /zhome/8d/a/147395/miniconda3/envs/src/lib/python3.11/site-packages (69.2.0)
Requirement already satisfied: wheel in /zhome/8d/a/147395/miniconda3/envs/src/lib/python3.11/site-packages (0.43.0)
python -m pip install -r requirements.txt
Requirement already satisfied: click==8.1.7 in /zhome/8d/a/147395/miniconda3/envs/src/lib/python3.11/site-packages (from -r requirements.txt (line 1)) (8.1.7)
Requirement already satisfied: dash==2.14.2 in /zhome/8d/a/147395/miniconda3/envs/src/lib/python3.11/site-packages (from -r requirements.txt (line 2)) (2.14.2)
Requirement already satisfied: datasets==2.16.1 in /zhome/8d/a/147395/miniconda3/envs/src/lib/python3.11/site-packages (from -r requirements.txt (line 3)) (2.16.1)
Requirement already satisfied: fastapi==0.109.0 in /zhome/8d/a/147395/miniconda3/envs/src/lib/python3.11/site-packages (from -r requirements.txt (line 4)) (0.109.0)
Requirement already satisfied: happytransformer==3.0.0 in /zhome/8d/a/147395/miniconda3/envs/src/lib/python3.11/site-packages (from -r requirements.txt (line 5)) (3.0.0)
Requirement already satisfied: hydra-core==1.3.2 in /zhome/8d/a/147395/miniconda3/envs/src/lib/python3.11/site-packages (from -r requirements.txt (line 6)) (1.3.2)
Requirement already satisfied: Markdown==3.5.1 in /zhome/8d/a/147395/miniconda3/envs/src/lib/python3.11/site-packages (from -r requirements.txt (line 7)) (3.5.1)
Requirement already satisfied: matplotlib==3.8.2 in /zhome/8d/a/147395/miniconda3/envs/src/lib/python3.11/site-packages (from -r requirements.txt (line 8)) (3.8.2)
Requirement already satisfied: numpy==1.26.3 in /zhome/8d/a/147395/miniconda3/envs/src/lib/python3.11/site-packages (from -r requirements.txt (line 9)) (1.26.3)
Requirement already satisfied: omegaconf==2.3.0 in /zhome/8d/a/147395/miniconda3/envs/src/lib/python3.11/site-packages (from -r requirements.txt (line 10)) (2.3.0)
Requirement already satisfied: prometheus_fastapi_instrumentator==6.1.0 in /zhome/8d/a/147395/miniconda3/envs/src/lib/python3.11/site-packages (from -r requirements.txt (line 11)) (6.1.0)
Requirement already satisfied: pydantic==2.5.3 in /zhome/8d/a/147395/miniconda3/envs/src/lib/python3.11/site-packages (from -r requirements.txt (line 12)) (2.5.3)
Requirement already satisfied: pytest==7.4.4 in /zhome/8d/a/147395/miniconda3/envs/src/lib/python3.11/site-packages (from -r requirements.txt (line 13)) (7.4.4)
Requirement already satisfied: pytorch_lightning==2.1.3 in /zhome/8d/a/147395/miniconda3/envs/src/lib/python3.11/site-packages (from -r requirements.txt (line 14)) (2.1.3)
Requirement already satisfied: Requests==2.31.0 in /zhome/8d/a/147395/miniconda3/envs/src/lib/python3.11/site-packages (from -r requirements.txt (line 15)) (2.31.0)
Requirement already satisfied: scikit_learn==1.3.2 in /zhome/8d/a/147395/miniconda3/envs/src/lib/python3.11/site-packages (from -r requirements.txt (line 16)) (1.3.2)
Requirement already satisfied: torch==2.1.2 in /zhome/8d/a/147395/miniconda3/envs/src/lib/python3.11/site-packages (from -r requirements.txt (line 17)) (2.1.2)
Requirement already satisfied: Flask<3.1,>=1.0.4 in /zhome/8d/a/147395/miniconda3/envs/src/lib/python3.11/site-packages (from dash==2.14.2->-r requirements.txt (line 2)) (3.0.2)
Requirement already satisfied: Werkzeug<3.1 in /zhome/8d/a/147395/miniconda3/envs/src/lib/python3.11/site-packages (from dash==2.14.2->-r requirements.txt (line 2)) (3.0.1)
Requirement already satisfied: plotly>=5.0.0 in /zhome/8d/a/147395/miniconda3/envs/src/lib/python3.11/site-packages (from dash==2.14.2->-r requirements.txt (line 2)) (5.20.0)
Requirement already satisfied: dash-html-components==2.0.0 in /zhome/8d/a/147395/miniconda3/envs/src/lib/python3.11/site-packages (from dash==2.14.2->-r requirements.txt (line 2)) (2.0.0)
Requirement already satisfied: dash-core-components==2.0.0 in /zhome/8d/a/147395/miniconda3/envs/src/lib/python3.11/site-packages (from dash==2.14.2->-r requirements.txt (line 2)) (2.0.0)
Requirement already satisfied: dash-table==5.0.0 in /zhome/8d/a/147395/miniconda3/envs/src/lib/python3.11/site-packages (from dash==2.14.2->-r requirements.txt (line 2)) (5.0.0)
Requirement already satisfied: typing-extensions>=4.1.1 in /zhome/8d/a/147395/miniconda3/envs/src/lib/python3.11/site-packages (from dash==2.14.2->-r requirements.txt (line 2)) (4.10.0)
Requirement already satisfied: retrying in /zhome/8d/a/147395/miniconda3/envs/src/lib/python3.11/site-packages (from dash==2.14.2->-r requirements.txt (line 2)) (1.3.4)
Requirement already satisfied: ansi2html in /zhome/8d/a/147395/miniconda3/envs/src/lib/python3.11/site-packages (from dash==2.14.2->-r requirements.txt (line 2)) (1.9.1)
Requirement already satisfied: nest-asyncio in /zhome/8d/a/147395/miniconda3/envs/src/lib/python3.11/site-packages (from dash==2.14.2->-r requirements.txt (line 2)) (1.6.0)
Requirement already satisfied: setuptools in /zhome/8d/a/147395/miniconda3/envs/src/lib/python3.11/site-packages (from dash==2.14.2->-r requirements.txt (line 2)) (69.2.0)
Requirement already satisfied: importlib-metadata in /zhome/8d/a/147395/miniconda3/envs/src/lib/python3.11/site-packages (from dash==2.14.2->-r requirements.txt (line 2)) (7.0.2)
Requirement already satisfied: filelock in /zhome/8d/a/147395/miniconda3/envs/src/lib/python3.11/site-packages (from datasets==2.16.1->-r requirements.txt (line 3)) (3.13.1)
Requirement already satisfied: pyarrow>=8.0.0 in /zhome/8d/a/147395/miniconda3/envs/src/lib/python3.11/site-packages (from datasets==2.16.1->-r requirements.txt (line 3)) (15.0.1)
Requirement already satisfied: pyarrow-hotfix in /zhome/8d/a/147395/miniconda3/envs/src/lib/python3.11/site-packages (from datasets==2.16.1->-r requirements.txt (line 3)) (0.6)
Requirement already satisfied: dill<0.3.8,>=0.3.0 in /zhome/8d/a/147395/miniconda3/envs/src/lib/python3.11/site-packages (from datasets==2.16.1->-r requirements.txt (line 3)) (0.3.7)
Requirement already satisfied: pandas in /zhome/8d/a/147395/miniconda3/envs/src/lib/python3.11/site-packages (from datasets==2.16.1->-r requirements.txt (line 3)) (2.2.1)
Requirement already satisfied: tqdm>=4.62.1 in /zhome/8d/a/147395/miniconda3/envs/src/lib/python3.11/site-packages (from datasets==2.16.1->-r requirements.txt (line 3)) (4.66.2)
Requirement already satisfied: xxhash in /zhome/8d/a/147395/miniconda3/envs/src/lib/python3.11/site-packages (from datasets==2.16.1->-r requirements.txt (line 3)) (3.4.1)
Requirement already satisfied: multiprocess in /zhome/8d/a/147395/miniconda3/envs/src/lib/python3.11/site-packages (from datasets==2.16.1->-r requirements.txt (line 3)) (0.70.15)
Requirement already satisfied: fsspec<=2023.10.0,>=2023.1.0 in /zhome/8d/a/147395/miniconda3/envs/src/lib/python3.11/site-packages (from fsspec[http]<=2023.10.0,>=2023.1.0->datasets==2.16.1->-r requirements.txt (line 3)) (2023.10.0)
Requirement already satisfied: aiohttp in /zhome/8d/a/147395/miniconda3/envs/src/lib/python3.11/site-packages (from datasets==2.16.1->-r requirements.txt (line 3)) (3.9.3)
Requirement already satisfied: huggingface-hub>=0.19.4 in /zhome/8d/a/147395/miniconda3/envs/src/lib/python3.11/site-packages (from datasets==2.16.1->-r requirements.txt (line 3)) (0.21.4)
Requirement already satisfied: packaging in /zhome/8d/a/147395/miniconda3/envs/src/lib/python3.11/site-packages (from datasets==2.16.1->-r requirements.txt (line 3)) (24.0)
Requirement already satisfied: pyyaml>=5.1 in /zhome/8d/a/147395/miniconda3/envs/src/lib/python3.11/site-packages (from datasets==2.16.1->-r requirements.txt (line 3)) (6.0.1)
Requirement already satisfied: starlette<0.36.0,>=0.35.0 in /zhome/8d/a/147395/miniconda3/envs/src/lib/python3.11/site-packages (from fastapi==0.109.0->-r requirements.txt (line 4)) (0.35.1)
Requirement already satisfied: transformers<5.0.0,>=4.30.1 in /zhome/8d/a/147395/miniconda3/envs/src/lib/python3.11/site-packages (from happytransformer==3.0.0->-r requirements.txt (line 5)) (4.38.2)
Requirement already satisfied: sentencepiece in /zhome/8d/a/147395/miniconda3/envs/src/lib/python3.11/site-packages (from happytransformer==3.0.0->-r requirements.txt (line 5)) (0.2.0)
Requirement already satisfied: protobuf in /zhome/8d/a/147395/miniconda3/envs/src/lib/python3.11/site-packages (from happytransformer==3.0.0->-r requirements.txt (line 5)) (4.25.3)
Requirement already satisfied: accelerate<1.0.0,>=0.20.1 in /zhome/8d/a/147395/miniconda3/envs/src/lib/python3.11/site-packages (from happytransformer==3.0.0->-r requirements.txt (line 5)) (0.28.0)
Requirement already satisfied: tokenizers<1.0.0,>=0.13.3 in /zhome/8d/a/147395/miniconda3/envs/src/lib/python3.11/site-packages (from happytransformer==3.0.0->-r requirements.txt (line 5)) (0.15.2)
Requirement already satisfied: wandb in /zhome/8d/a/147395/miniconda3/envs/src/lib/python3.11/site-packages (from happytransformer==3.0.0->-r requirements.txt (line 5)) (0.16.4)
Requirement already satisfied: antlr4-python3-runtime==4.9.* in /zhome/8d/a/147395/miniconda3/envs/src/lib/python3.11/site-packages (from hydra-core==1.3.2->-r requirements.txt (line 6)) (4.9.3)
Requirement already satisfied: contourpy>=1.0.1 in /zhome/8d/a/147395/miniconda3/envs/src/lib/python3.11/site-packages (from matplotlib==3.8.2->-r requirements.txt (line 8)) (1.2.0)
Requirement already satisfied: cycler>=0.10 in /zhome/8d/a/147395/miniconda3/envs/src/lib/python3.11/site-packages (from matplotlib==3.8.2->-r requirements.txt (line 8)) (0.12.1)
Requirement already satisfied: fonttools>=4.22.0 in /zhome/8d/a/147395/miniconda3/envs/src/lib/python3.11/site-packages (from matplotlib==3.8.2->-r requirements.txt (line 8)) (4.49.0)
Requirement already satisfied: kiwisolver>=1.3.1 in /zhome/8d/a/147395/miniconda3/envs/src/lib/python3.11/site-packages (from matplotlib==3.8.2->-r requirements.txt (line 8)) (1.4.5)
Requirement already satisfied: pillow>=8 in /zhome/8d/a/147395/miniconda3/envs/src/lib/python3.11/site-packages (from matplotlib==3.8.2->-r requirements.txt (line 8)) (10.2.0)
Requirement already satisfied: pyparsing>=2.3.1 in /zhome/8d/a/147395/miniconda3/envs/src/lib/python3.11/site-packages (from matplotlib==3.8.2->-r requirements.txt (line 8)) (3.1.2)
Requirement already satisfied: python-dateutil>=2.7 in /zhome/8d/a/147395/miniconda3/envs/src/lib/python3.11/site-packages (from matplotlib==3.8.2->-r requirements.txt (line 8)) (2.9.0.post0)
Requirement already satisfied: prometheus-client<1.0.0,>=0.8.0 in /zhome/8d/a/147395/miniconda3/envs/src/lib/python3.11/site-packages (from prometheus_fastapi_instrumentator==6.1.0->-r requirements.txt (line 11)) (0.20.0)
Requirement already satisfied: annotated-types>=0.4.0 in /zhome/8d/a/147395/miniconda3/envs/src/lib/python3.11/site-packages (from pydantic==2.5.3->-r requirements.txt (line 12)) (0.6.0)
Requirement already satisfied: pydantic-core==2.14.6 in /zhome/8d/a/147395/miniconda3/envs/src/lib/python3.11/site-packages (from pydantic==2.5.3->-r requirements.txt (line 12)) (2.14.6)
Requirement already satisfied: iniconfig in /zhome/8d/a/147395/miniconda3/envs/src/lib/python3.11/site-packages (from pytest==7.4.4->-r requirements.txt (line 13)) (2.0.0)
Requirement already satisfied: pluggy<2.0,>=0.12 in /zhome/8d/a/147395/miniconda3/envs/src/lib/python3.11/site-packages (from pytest==7.4.4->-r requirements.txt (line 13)) (1.4.0)
Requirement already satisfied: torchmetrics>=0.7.0 in /zhome/8d/a/147395/miniconda3/envs/src/lib/python3.11/site-packages (from pytorch_lightning==2.1.3->-r requirements.txt (line 14)) (1.3.1)
Requirement already satisfied: lightning-utilities>=0.8.0 in /zhome/8d/a/147395/miniconda3/envs/src/lib/python3.11/site-packages (from pytorch_lightning==2.1.3->-r requirements.txt (line 14)) (0.10.1)
Requirement already satisfied: charset-normalizer<4,>=2 in /zhome/8d/a/147395/miniconda3/envs/src/lib/python3.11/site-packages (from Requests==2.31.0->-r requirements.txt (line 15)) (3.3.2)
Requirement already satisfied: idna<4,>=2.5 in /zhome/8d/a/147395/miniconda3/envs/src/lib/python3.11/site-packages (from Requests==2.31.0->-r requirements.txt (line 15)) (3.6)
Requirement already satisfied: urllib3<3,>=1.21.1 in /zhome/8d/a/147395/miniconda3/envs/src/lib/python3.11/site-packages (from Requests==2.31.0->-r requirements.txt (line 15)) (2.2.1)
Requirement already satisfied: certifi>=2017.4.17 in /zhome/8d/a/147395/miniconda3/envs/src/lib/python3.11/site-packages (from Requests==2.31.0->-r requirements.txt (line 15)) (2024.2.2)
Requirement already satisfied: scipy>=1.5.0 in /zhome/8d/a/147395/miniconda3/envs/src/lib/python3.11/site-packages (from scikit_learn==1.3.2->-r requirements.txt (line 16)) (1.12.0)
Requirement already satisfied: joblib>=1.1.1 in /zhome/8d/a/147395/miniconda3/envs/src/lib/python3.11/site-packages (from scikit_learn==1.3.2->-r requirements.txt (line 16)) (1.3.2)
Requirement already satisfied: threadpoolctl>=2.0.0 in /zhome/8d/a/147395/miniconda3/envs/src/lib/python3.11/site-packages (from scikit_learn==1.3.2->-r requirements.txt (line 16)) (3.3.0)
Requirement already satisfied: sympy in /zhome/8d/a/147395/miniconda3/envs/src/lib/python3.11/site-packages (from torch==2.1.2->-r requirements.txt (line 17)) (1.12)
Requirement already satisfied: networkx in /zhome/8d/a/147395/miniconda3/envs/src/lib/python3.11/site-packages (from torch==2.1.2->-r requirements.txt (line 17)) (3.2.1)
Requirement already satisfied: jinja2 in /zhome/8d/a/147395/miniconda3/envs/src/lib/python3.11/site-packages (from torch==2.1.2->-r requirements.txt (line 17)) (3.1.3)
Requirement already satisfied: nvidia-cuda-nvrtc-cu12==12.1.105 in /zhome/8d/a/147395/miniconda3/envs/src/lib/python3.11/site-packages (from torch==2.1.2->-r requirements.txt (line 17)) (12.1.105)
Requirement already satisfied: nvidia-cuda-runtime-cu12==12.1.105 in /zhome/8d/a/147395/miniconda3/envs/src/lib/python3.11/site-packages (from torch==2.1.2->-r requirements.txt (line 17)) (12.1.105)
Requirement already satisfied: nvidia-cuda-cupti-cu12==12.1.105 in /zhome/8d/a/147395/miniconda3/envs/src/lib/python3.11/site-packages (from torch==2.1.2->-r requirements.txt (line 17)) (12.1.105)
Requirement already satisfied: nvidia-cudnn-cu12==8.9.2.26 in /zhome/8d/a/147395/miniconda3/envs/src/lib/python3.11/site-packages (from torch==2.1.2->-r requirements.txt (line 17)) (8.9.2.26)
Requirement already satisfied: nvidia-cublas-cu12==12.1.3.1 in /zhome/8d/a/147395/miniconda3/envs/src/lib/python3.11/site-packages (from torch==2.1.2->-r requirements.txt (line 17)) (12.1.3.1)
Requirement already satisfied: nvidia-cufft-cu12==11.0.2.54 in /zhome/8d/a/147395/miniconda3/envs/src/lib/python3.11/site-packages (from torch==2.1.2->-r requirements.txt (line 17)) (11.0.2.54)
Requirement already satisfied: nvidia-curand-cu12==10.3.2.106 in /zhome/8d/a/147395/miniconda3/envs/src/lib/python3.11/site-packages (from torch==2.1.2->-r requirements.txt (line 17)) (10.3.2.106)
Requirement already satisfied: nvidia-cusolver-cu12==11.4.5.107 in /zhome/8d/a/147395/miniconda3/envs/src/lib/python3.11/site-packages (from torch==2.1.2->-r requirements.txt (line 17)) (11.4.5.107)
Requirement already satisfied: nvidia-cusparse-cu12==12.1.0.106 in /zhome/8d/a/147395/miniconda3/envs/src/lib/python3.11/site-packages (from torch==2.1.2->-r requirements.txt (line 17)) (12.1.0.106)
Requirement already satisfied: nvidia-nccl-cu12==2.18.1 in /zhome/8d/a/147395/miniconda3/envs/src/lib/python3.11/site-packages (from torch==2.1.2->-r requirements.txt (line 17)) (2.18.1)
Requirement already satisfied: nvidia-nvtx-cu12==12.1.105 in /zhome/8d/a/147395/miniconda3/envs/src/lib/python3.11/site-packages (from torch==2.1.2->-r requirements.txt (line 17)) (12.1.105)
Requirement already satisfied: triton==2.1.0 in /zhome/8d/a/147395/miniconda3/envs/src/lib/python3.11/site-packages (from torch==2.1.2->-r requirements.txt (line 17)) (2.1.0)
Requirement already satisfied: nvidia-nvjitlink-cu12 in /zhome/8d/a/147395/miniconda3/envs/src/lib/python3.11/site-packages (from nvidia-cusolver-cu12==11.4.5.107->torch==2.1.2->-r requirements.txt (line 17)) (12.4.99)
Requirement already satisfied: psutil in /zhome/8d/a/147395/miniconda3/envs/src/lib/python3.11/site-packages (from accelerate<1.0.0,>=0.20.1->happytransformer==3.0.0->-r requirements.txt (line 5)) (5.9.8)
Requirement already satisfied: safetensors>=0.3.1 in /zhome/8d/a/147395/miniconda3/envs/src/lib/python3.11/site-packages (from accelerate<1.0.0,>=0.20.1->happytransformer==3.0.0->-r requirements.txt (line 5)) (0.4.2)
Requirement already satisfied: itsdangerous>=2.1.2 in /zhome/8d/a/147395/miniconda3/envs/src/lib/python3.11/site-packages (from Flask<3.1,>=1.0.4->dash==2.14.2->-r requirements.txt (line 2)) (2.1.2)
Requirement already satisfied: blinker>=1.6.2 in /zhome/8d/a/147395/miniconda3/envs/src/lib/python3.11/site-packages (from Flask<3.1,>=1.0.4->dash==2.14.2->-r requirements.txt (line 2)) (1.7.0)
Requirement already satisfied: aiosignal>=1.1.2 in /zhome/8d/a/147395/miniconda3/envs/src/lib/python3.11/site-packages (from aiohttp->datasets==2.16.1->-r requirements.txt (line 3)) (1.3.1)
Requirement already satisfied: attrs>=17.3.0 in /zhome/8d/a/147395/miniconda3/envs/src/lib/python3.11/site-packages (from aiohttp->datasets==2.16.1->-r requirements.txt (line 3)) (23.2.0)
Requirement already satisfied: frozenlist>=1.1.1 in /zhome/8d/a/147395/miniconda3/envs/src/lib/python3.11/site-packages (from aiohttp->datasets==2.16.1->-r requirements.txt (line 3)) (1.4.1)
Requirement already satisfied: multidict<7.0,>=4.5 in /zhome/8d/a/147395/miniconda3/envs/src/lib/python3.11/site-packages (from aiohttp->datasets==2.16.1->-r requirements.txt (line 3)) (6.0.5)
Requirement already satisfied: yarl<2.0,>=1.0 in /zhome/8d/a/147395/miniconda3/envs/src/lib/python3.11/site-packages (from aiohttp->datasets==2.16.1->-r requirements.txt (line 3)) (1.9.4)
Requirement already satisfied: MarkupSafe>=2.0 in /zhome/8d/a/147395/miniconda3/envs/src/lib/python3.11/site-packages (from jinja2->torch==2.1.2->-r requirements.txt (line 17)) (2.1.5)
Requirement already satisfied: tenacity>=6.2.0 in /zhome/8d/a/147395/miniconda3/envs/src/lib/python3.11/site-packages (from plotly>=5.0.0->dash==2.14.2->-r requirements.txt (line 2)) (8.2.3)
Requirement already satisfied: six>=1.5 in /zhome/8d/a/147395/miniconda3/envs/src/lib/python3.11/site-packages (from python-dateutil>=2.7->matplotlib==3.8.2->-r requirements.txt (line 8)) (1.16.0)
Requirement already satisfied: anyio<5,>=3.4.0 in /zhome/8d/a/147395/miniconda3/envs/src/lib/python3.11/site-packages (from starlette<0.36.0,>=0.35.0->fastapi==0.109.0->-r requirements.txt (line 4)) (4.3.0)
Requirement already satisfied: regex!=2019.12.17 in /zhome/8d/a/147395/miniconda3/envs/src/lib/python3.11/site-packages (from transformers<5.0.0,>=4.30.1->happytransformer==3.0.0->-r requirements.txt (line 5)) (2023.12.25)
Requirement already satisfied: zipp>=0.5 in /zhome/8d/a/147395/miniconda3/envs/src/lib/python3.11/site-packages (from importlib-metadata->dash==2.14.2->-r requirements.txt (line 2)) (3.18.1)
Requirement already satisfied: pytz>=2020.1 in /zhome/8d/a/147395/miniconda3/envs/src/lib/python3.11/site-packages (from pandas->datasets==2.16.1->-r requirements.txt (line 3)) (2024.1)
Requirement already satisfied: tzdata>=2022.7 in /zhome/8d/a/147395/miniconda3/envs/src/lib/python3.11/site-packages (from pandas->datasets==2.16.1->-r requirements.txt (line 3)) (2024.1)
Requirement already satisfied: mpmath>=0.19 in /zhome/8d/a/147395/miniconda3/envs/src/lib/python3.11/site-packages (from sympy->torch==2.1.2->-r requirements.txt (line 17)) (1.3.0)
Requirement already satisfied: GitPython!=3.1.29,>=1.0.0 in /zhome/8d/a/147395/miniconda3/envs/src/lib/python3.11/site-packages (from wandb->happytransformer==3.0.0->-r requirements.txt (line 5)) (3.1.42)
Requirement already satisfied: sentry-sdk>=1.0.0 in /zhome/8d/a/147395/miniconda3/envs/src/lib/python3.11/site-packages (from wandb->happytransformer==3.0.0->-r requirements.txt (line 5)) (1.42.0)
Requirement already satisfied: docker-pycreds>=0.4.0 in /zhome/8d/a/147395/miniconda3/envs/src/lib/python3.11/site-packages (from wandb->happytransformer==3.0.0->-r requirements.txt (line 5)) (0.4.0)
Requirement already satisfied: setproctitle in /zhome/8d/a/147395/miniconda3/envs/src/lib/python3.11/site-packages (from wandb->happytransformer==3.0.0->-r requirements.txt (line 5)) (1.3.3)
Requirement already satisfied: appdirs>=1.4.3 in /zhome/8d/a/147395/miniconda3/envs/src/lib/python3.11/site-packages (from wandb->happytransformer==3.0.0->-r requirements.txt (line 5)) (1.4.4)
Requirement already satisfied: sniffio>=1.1 in /zhome/8d/a/147395/miniconda3/envs/src/lib/python3.11/site-packages (from anyio<5,>=3.4.0->starlette<0.36.0,>=0.35.0->fastapi==0.109.0->-r requirements.txt (line 4)) (1.3.1)
Requirement already satisfied: gitdb<5,>=4.0.1 in /zhome/8d/a/147395/miniconda3/envs/src/lib/python3.11/site-packages (from GitPython!=3.1.29,>=1.0.0->wandb->happytransformer==3.0.0->-r requirements.txt (line 5)) (4.0.11)
Requirement already satisfied: smmap<6,>=3.0.1 in /zhome/8d/a/147395/miniconda3/envs/src/lib/python3.11/site-packages (from gitdb<5,>=4.0.1->GitPython!=3.1.29,>=1.0.0->wandb->happytransformer==3.0.0->-r requirements.txt (line 5)) (5.0.1)
python -m pip install -e .
Obtaining file:///zhome/8d/a/147395/masterproject/masterproject
  Installing build dependencies: started
  Installing build dependencies: finished with status 'done'
  Checking if build backend supports build_editable: started
  Checking if build backend supports build_editable: finished with status 'done'
  Getting requirements to build editable: started
  Getting requirements to build editable: finished with status 'done'
  Installing backend dependencies: started
  Installing backend dependencies: finished with status 'done'
  Preparing editable metadata (pyproject.toml): started
  Preparing editable metadata (pyproject.toml): finished with status 'done'
Requirement already satisfied: click==8.1.7 in /zhome/8d/a/147395/miniconda3/envs/src/lib/python3.11/site-packages (from src==0.0.1) (8.1.7)
Requirement already satisfied: dash==2.14.2 in /zhome/8d/a/147395/miniconda3/envs/src/lib/python3.11/site-packages (from src==0.0.1) (2.14.2)
Requirement already satisfied: datasets==2.16.1 in /zhome/8d/a/147395/miniconda3/envs/src/lib/python3.11/site-packages (from src==0.0.1) (2.16.1)
Requirement already satisfied: fastapi==0.109.0 in /zhome/8d/a/147395/miniconda3/envs/src/lib/python3.11/site-packages (from src==0.0.1) (0.109.0)
Requirement already satisfied: happytransformer==3.0.0 in /zhome/8d/a/147395/miniconda3/envs/src/lib/python3.11/site-packages (from src==0.0.1) (3.0.0)
Requirement already satisfied: hydra-core==1.3.2 in /zhome/8d/a/147395/miniconda3/envs/src/lib/python3.11/site-packages (from src==0.0.1) (1.3.2)
Requirement already satisfied: Markdown==3.5.1 in /zhome/8d/a/147395/miniconda3/envs/src/lib/python3.11/site-packages (from src==0.0.1) (3.5.1)
Requirement already satisfied: matplotlib==3.8.2 in /zhome/8d/a/147395/miniconda3/envs/src/lib/python3.11/site-packages (from src==0.0.1) (3.8.2)
Requirement already satisfied: numpy==1.26.3 in /zhome/8d/a/147395/miniconda3/envs/src/lib/python3.11/site-packages (from src==0.0.1) (1.26.3)
Requirement already satisfied: omegaconf==2.3.0 in /zhome/8d/a/147395/miniconda3/envs/src/lib/python3.11/site-packages (from src==0.0.1) (2.3.0)
Requirement already satisfied: prometheus-fastapi-instrumentator==6.1.0 in /zhome/8d/a/147395/miniconda3/envs/src/lib/python3.11/site-packages (from src==0.0.1) (6.1.0)
Requirement already satisfied: pydantic==2.5.3 in /zhome/8d/a/147395/miniconda3/envs/src/lib/python3.11/site-packages (from src==0.0.1) (2.5.3)
Requirement already satisfied: pytest==7.4.4 in /zhome/8d/a/147395/miniconda3/envs/src/lib/python3.11/site-packages (from src==0.0.1) (7.4.4)
Requirement already satisfied: pytorch-lightning==2.1.3 in /zhome/8d/a/147395/miniconda3/envs/src/lib/python3.11/site-packages (from src==0.0.1) (2.1.3)
Requirement already satisfied: Requests==2.31.0 in /zhome/8d/a/147395/miniconda3/envs/src/lib/python3.11/site-packages (from src==0.0.1) (2.31.0)
Requirement already satisfied: scikit-learn==1.3.2 in /zhome/8d/a/147395/miniconda3/envs/src/lib/python3.11/site-packages (from src==0.0.1) (1.3.2)
Requirement already satisfied: torch==2.1.2 in /zhome/8d/a/147395/miniconda3/envs/src/lib/python3.11/site-packages (from src==0.0.1) (2.1.2)
Requirement already satisfied: Flask<3.1,>=1.0.4 in /zhome/8d/a/147395/miniconda3/envs/src/lib/python3.11/site-packages (from dash==2.14.2->src==0.0.1) (3.0.2)
Requirement already satisfied: Werkzeug<3.1 in /zhome/8d/a/147395/miniconda3/envs/src/lib/python3.11/site-packages (from dash==2.14.2->src==0.0.1) (3.0.1)
Requirement already satisfied: plotly>=5.0.0 in /zhome/8d/a/147395/miniconda3/envs/src/lib/python3.11/site-packages (from dash==2.14.2->src==0.0.1) (5.20.0)
Requirement already satisfied: dash-html-components==2.0.0 in /zhome/8d/a/147395/miniconda3/envs/src/lib/python3.11/site-packages (from dash==2.14.2->src==0.0.1) (2.0.0)
Requirement already satisfied: dash-core-components==2.0.0 in /zhome/8d/a/147395/miniconda3/envs/src/lib/python3.11/site-packages (from dash==2.14.2->src==0.0.1) (2.0.0)
Requirement already satisfied: dash-table==5.0.0 in /zhome/8d/a/147395/miniconda3/envs/src/lib/python3.11/site-packages (from dash==2.14.2->src==0.0.1) (5.0.0)
Requirement already satisfied: typing-extensions>=4.1.1 in /zhome/8d/a/147395/miniconda3/envs/src/lib/python3.11/site-packages (from dash==2.14.2->src==0.0.1) (4.10.0)
Requirement already satisfied: retrying in /zhome/8d/a/147395/miniconda3/envs/src/lib/python3.11/site-packages (from dash==2.14.2->src==0.0.1) (1.3.4)
Requirement already satisfied: ansi2html in /zhome/8d/a/147395/miniconda3/envs/src/lib/python3.11/site-packages (from dash==2.14.2->src==0.0.1) (1.9.1)
Requirement already satisfied: nest-asyncio in /zhome/8d/a/147395/miniconda3/envs/src/lib/python3.11/site-packages (from dash==2.14.2->src==0.0.1) (1.6.0)
Requirement already satisfied: setuptools in /zhome/8d/a/147395/miniconda3/envs/src/lib/python3.11/site-packages (from dash==2.14.2->src==0.0.1) (69.2.0)
Requirement already satisfied: importlib-metadata in /zhome/8d/a/147395/miniconda3/envs/src/lib/python3.11/site-packages (from dash==2.14.2->src==0.0.1) (7.0.2)
Requirement already satisfied: filelock in /zhome/8d/a/147395/miniconda3/envs/src/lib/python3.11/site-packages (from datasets==2.16.1->src==0.0.1) (3.13.1)
Requirement already satisfied: pyarrow>=8.0.0 in /zhome/8d/a/147395/miniconda3/envs/src/lib/python3.11/site-packages (from datasets==2.16.1->src==0.0.1) (15.0.1)
Requirement already satisfied: pyarrow-hotfix in /zhome/8d/a/147395/miniconda3/envs/src/lib/python3.11/site-packages (from datasets==2.16.1->src==0.0.1) (0.6)
Requirement already satisfied: dill<0.3.8,>=0.3.0 in /zhome/8d/a/147395/miniconda3/envs/src/lib/python3.11/site-packages (from datasets==2.16.1->src==0.0.1) (0.3.7)
Requirement already satisfied: pandas in /zhome/8d/a/147395/miniconda3/envs/src/lib/python3.11/site-packages (from datasets==2.16.1->src==0.0.1) (2.2.1)
Requirement already satisfied: tqdm>=4.62.1 in /zhome/8d/a/147395/miniconda3/envs/src/lib/python3.11/site-packages (from datasets==2.16.1->src==0.0.1) (4.66.2)
Requirement already satisfied: xxhash in /zhome/8d/a/147395/miniconda3/envs/src/lib/python3.11/site-packages (from datasets==2.16.1->src==0.0.1) (3.4.1)
Requirement already satisfied: multiprocess in /zhome/8d/a/147395/miniconda3/envs/src/lib/python3.11/site-packages (from datasets==2.16.1->src==0.0.1) (0.70.15)
Requirement already satisfied: fsspec<=2023.10.0,>=2023.1.0 in /zhome/8d/a/147395/miniconda3/envs/src/lib/python3.11/site-packages (from fsspec[http]<=2023.10.0,>=2023.1.0->datasets==2.16.1->src==0.0.1) (2023.10.0)
Requirement already satisfied: aiohttp in /zhome/8d/a/147395/miniconda3/envs/src/lib/python3.11/site-packages (from datasets==2.16.1->src==0.0.1) (3.9.3)
Requirement already satisfied: huggingface-hub>=0.19.4 in /zhome/8d/a/147395/miniconda3/envs/src/lib/python3.11/site-packages (from datasets==2.16.1->src==0.0.1) (0.21.4)
Requirement already satisfied: packaging in /zhome/8d/a/147395/miniconda3/envs/src/lib/python3.11/site-packages (from datasets==2.16.1->src==0.0.1) (24.0)
Requirement already satisfied: pyyaml>=5.1 in /zhome/8d/a/147395/miniconda3/envs/src/lib/python3.11/site-packages (from datasets==2.16.1->src==0.0.1) (6.0.1)
Requirement already satisfied: starlette<0.36.0,>=0.35.0 in /zhome/8d/a/147395/miniconda3/envs/src/lib/python3.11/site-packages (from fastapi==0.109.0->src==0.0.1) (0.35.1)
Requirement already satisfied: transformers<5.0.0,>=4.30.1 in /zhome/8d/a/147395/miniconda3/envs/src/lib/python3.11/site-packages (from happytransformer==3.0.0->src==0.0.1) (4.38.2)
Requirement already satisfied: sentencepiece in /zhome/8d/a/147395/miniconda3/envs/src/lib/python3.11/site-packages (from happytransformer==3.0.0->src==0.0.1) (0.2.0)
Requirement already satisfied: protobuf in /zhome/8d/a/147395/miniconda3/envs/src/lib/python3.11/site-packages (from happytransformer==3.0.0->src==0.0.1) (4.25.3)
Requirement already satisfied: accelerate<1.0.0,>=0.20.1 in /zhome/8d/a/147395/miniconda3/envs/src/lib/python3.11/site-packages (from happytransformer==3.0.0->src==0.0.1) (0.28.0)
Requirement already satisfied: tokenizers<1.0.0,>=0.13.3 in /zhome/8d/a/147395/miniconda3/envs/src/lib/python3.11/site-packages (from happytransformer==3.0.0->src==0.0.1) (0.15.2)
Requirement already satisfied: wandb in /zhome/8d/a/147395/miniconda3/envs/src/lib/python3.11/site-packages (from happytransformer==3.0.0->src==0.0.1) (0.16.4)
Requirement already satisfied: antlr4-python3-runtime==4.9.* in /zhome/8d/a/147395/miniconda3/envs/src/lib/python3.11/site-packages (from hydra-core==1.3.2->src==0.0.1) (4.9.3)
Requirement already satisfied: contourpy>=1.0.1 in /zhome/8d/a/147395/miniconda3/envs/src/lib/python3.11/site-packages (from matplotlib==3.8.2->src==0.0.1) (1.2.0)
Requirement already satisfied: cycler>=0.10 in /zhome/8d/a/147395/miniconda3/envs/src/lib/python3.11/site-packages (from matplotlib==3.8.2->src==0.0.1) (0.12.1)
Requirement already satisfied: fonttools>=4.22.0 in /zhome/8d/a/147395/miniconda3/envs/src/lib/python3.11/site-packages (from matplotlib==3.8.2->src==0.0.1) (4.49.0)
Requirement already satisfied: kiwisolver>=1.3.1 in /zhome/8d/a/147395/miniconda3/envs/src/lib/python3.11/site-packages (from matplotlib==3.8.2->src==0.0.1) (1.4.5)
Requirement already satisfied: pillow>=8 in /zhome/8d/a/147395/miniconda3/envs/src/lib/python3.11/site-packages (from matplotlib==3.8.2->src==0.0.1) (10.2.0)
Requirement already satisfied: pyparsing>=2.3.1 in /zhome/8d/a/147395/miniconda3/envs/src/lib/python3.11/site-packages (from matplotlib==3.8.2->src==0.0.1) (3.1.2)
Requirement already satisfied: python-dateutil>=2.7 in /zhome/8d/a/147395/miniconda3/envs/src/lib/python3.11/site-packages (from matplotlib==3.8.2->src==0.0.1) (2.9.0.post0)
Requirement already satisfied: prometheus-client<1.0.0,>=0.8.0 in /zhome/8d/a/147395/miniconda3/envs/src/lib/python3.11/site-packages (from prometheus-fastapi-instrumentator==6.1.0->src==0.0.1) (0.20.0)
Requirement already satisfied: annotated-types>=0.4.0 in /zhome/8d/a/147395/miniconda3/envs/src/lib/python3.11/site-packages (from pydantic==2.5.3->src==0.0.1) (0.6.0)
Requirement already satisfied: pydantic-core==2.14.6 in /zhome/8d/a/147395/miniconda3/envs/src/lib/python3.11/site-packages (from pydantic==2.5.3->src==0.0.1) (2.14.6)
Requirement already satisfied: iniconfig in /zhome/8d/a/147395/miniconda3/envs/src/lib/python3.11/site-packages (from pytest==7.4.4->src==0.0.1) (2.0.0)
Requirement already satisfied: pluggy<2.0,>=0.12 in /zhome/8d/a/147395/miniconda3/envs/src/lib/python3.11/site-packages (from pytest==7.4.4->src==0.0.1) (1.4.0)
Requirement already satisfied: torchmetrics>=0.7.0 in /zhome/8d/a/147395/miniconda3/envs/src/lib/python3.11/site-packages (from pytorch-lightning==2.1.3->src==0.0.1) (1.3.1)
Requirement already satisfied: lightning-utilities>=0.8.0 in /zhome/8d/a/147395/miniconda3/envs/src/lib/python3.11/site-packages (from pytorch-lightning==2.1.3->src==0.0.1) (0.10.1)
Requirement already satisfied: charset-normalizer<4,>=2 in /zhome/8d/a/147395/miniconda3/envs/src/lib/python3.11/site-packages (from Requests==2.31.0->src==0.0.1) (3.3.2)
Requirement already satisfied: idna<4,>=2.5 in /zhome/8d/a/147395/miniconda3/envs/src/lib/python3.11/site-packages (from Requests==2.31.0->src==0.0.1) (3.6)
Requirement already satisfied: urllib3<3,>=1.21.1 in /zhome/8d/a/147395/miniconda3/envs/src/lib/python3.11/site-packages (from Requests==2.31.0->src==0.0.1) (2.2.1)
Requirement already satisfied: certifi>=2017.4.17 in /zhome/8d/a/147395/miniconda3/envs/src/lib/python3.11/site-packages (from Requests==2.31.0->src==0.0.1) (2024.2.2)
Requirement already satisfied: scipy>=1.5.0 in /zhome/8d/a/147395/miniconda3/envs/src/lib/python3.11/site-packages (from scikit-learn==1.3.2->src==0.0.1) (1.12.0)
Requirement already satisfied: joblib>=1.1.1 in /zhome/8d/a/147395/miniconda3/envs/src/lib/python3.11/site-packages (from scikit-learn==1.3.2->src==0.0.1) (1.3.2)
Requirement already satisfied: threadpoolctl>=2.0.0 in /zhome/8d/a/147395/miniconda3/envs/src/lib/python3.11/site-packages (from scikit-learn==1.3.2->src==0.0.1) (3.3.0)
Requirement already satisfied: sympy in /zhome/8d/a/147395/miniconda3/envs/src/lib/python3.11/site-packages (from torch==2.1.2->src==0.0.1) (1.12)
Requirement already satisfied: networkx in /zhome/8d/a/147395/miniconda3/envs/src/lib/python3.11/site-packages (from torch==2.1.2->src==0.0.1) (3.2.1)
Requirement already satisfied: jinja2 in /zhome/8d/a/147395/miniconda3/envs/src/lib/python3.11/site-packages (from torch==2.1.2->src==0.0.1) (3.1.3)
Requirement already satisfied: nvidia-cuda-nvrtc-cu12==12.1.105 in /zhome/8d/a/147395/miniconda3/envs/src/lib/python3.11/site-packages (from torch==2.1.2->src==0.0.1) (12.1.105)
Requirement already satisfied: nvidia-cuda-runtime-cu12==12.1.105 in /zhome/8d/a/147395/miniconda3/envs/src/lib/python3.11/site-packages (from torch==2.1.2->src==0.0.1) (12.1.105)
Requirement already satisfied: nvidia-cuda-cupti-cu12==12.1.105 in /zhome/8d/a/147395/miniconda3/envs/src/lib/python3.11/site-packages (from torch==2.1.2->src==0.0.1) (12.1.105)
Requirement already satisfied: nvidia-cudnn-cu12==8.9.2.26 in /zhome/8d/a/147395/miniconda3/envs/src/lib/python3.11/site-packages (from torch==2.1.2->src==0.0.1) (8.9.2.26)
Requirement already satisfied: nvidia-cublas-cu12==12.1.3.1 in /zhome/8d/a/147395/miniconda3/envs/src/lib/python3.11/site-packages (from torch==2.1.2->src==0.0.1) (12.1.3.1)
Requirement already satisfied: nvidia-cufft-cu12==11.0.2.54 in /zhome/8d/a/147395/miniconda3/envs/src/lib/python3.11/site-packages (from torch==2.1.2->src==0.0.1) (11.0.2.54)
Requirement already satisfied: nvidia-curand-cu12==10.3.2.106 in /zhome/8d/a/147395/miniconda3/envs/src/lib/python3.11/site-packages (from torch==2.1.2->src==0.0.1) (10.3.2.106)
Requirement already satisfied: nvidia-cusolver-cu12==11.4.5.107 in /zhome/8d/a/147395/miniconda3/envs/src/lib/python3.11/site-packages (from torch==2.1.2->src==0.0.1) (11.4.5.107)
Requirement already satisfied: nvidia-cusparse-cu12==12.1.0.106 in /zhome/8d/a/147395/miniconda3/envs/src/lib/python3.11/site-packages (from torch==2.1.2->src==0.0.1) (12.1.0.106)
Requirement already satisfied: nvidia-nccl-cu12==2.18.1 in /zhome/8d/a/147395/miniconda3/envs/src/lib/python3.11/site-packages (from torch==2.1.2->src==0.0.1) (2.18.1)
Requirement already satisfied: nvidia-nvtx-cu12==12.1.105 in /zhome/8d/a/147395/miniconda3/envs/src/lib/python3.11/site-packages (from torch==2.1.2->src==0.0.1) (12.1.105)
Requirement already satisfied: triton==2.1.0 in /zhome/8d/a/147395/miniconda3/envs/src/lib/python3.11/site-packages (from torch==2.1.2->src==0.0.1) (2.1.0)
Requirement already satisfied: nvidia-nvjitlink-cu12 in /zhome/8d/a/147395/miniconda3/envs/src/lib/python3.11/site-packages (from nvidia-cusolver-cu12==11.4.5.107->torch==2.1.2->src==0.0.1) (12.4.99)
Requirement already satisfied: psutil in /zhome/8d/a/147395/miniconda3/envs/src/lib/python3.11/site-packages (from accelerate<1.0.0,>=0.20.1->happytransformer==3.0.0->src==0.0.1) (5.9.8)
Requirement already satisfied: safetensors>=0.3.1 in /zhome/8d/a/147395/miniconda3/envs/src/lib/python3.11/site-packages (from accelerate<1.0.0,>=0.20.1->happytransformer==3.0.0->src==0.0.1) (0.4.2)
Requirement already satisfied: itsdangerous>=2.1.2 in /zhome/8d/a/147395/miniconda3/envs/src/lib/python3.11/site-packages (from Flask<3.1,>=1.0.4->dash==2.14.2->src==0.0.1) (2.1.2)
Requirement already satisfied: blinker>=1.6.2 in /zhome/8d/a/147395/miniconda3/envs/src/lib/python3.11/site-packages (from Flask<3.1,>=1.0.4->dash==2.14.2->src==0.0.1) (1.7.0)
Requirement already satisfied: aiosignal>=1.1.2 in /zhome/8d/a/147395/miniconda3/envs/src/lib/python3.11/site-packages (from aiohttp->datasets==2.16.1->src==0.0.1) (1.3.1)
Requirement already satisfied: attrs>=17.3.0 in /zhome/8d/a/147395/miniconda3/envs/src/lib/python3.11/site-packages (from aiohttp->datasets==2.16.1->src==0.0.1) (23.2.0)
Requirement already satisfied: frozenlist>=1.1.1 in /zhome/8d/a/147395/miniconda3/envs/src/lib/python3.11/site-packages (from aiohttp->datasets==2.16.1->src==0.0.1) (1.4.1)
Requirement already satisfied: multidict<7.0,>=4.5 in /zhome/8d/a/147395/miniconda3/envs/src/lib/python3.11/site-packages (from aiohttp->datasets==2.16.1->src==0.0.1) (6.0.5)
Requirement already satisfied: yarl<2.0,>=1.0 in /zhome/8d/a/147395/miniconda3/envs/src/lib/python3.11/site-packages (from aiohttp->datasets==2.16.1->src==0.0.1) (1.9.4)
Requirement already satisfied: MarkupSafe>=2.0 in /zhome/8d/a/147395/miniconda3/envs/src/lib/python3.11/site-packages (from jinja2->torch==2.1.2->src==0.0.1) (2.1.5)
Requirement already satisfied: tenacity>=6.2.0 in /zhome/8d/a/147395/miniconda3/envs/src/lib/python3.11/site-packages (from plotly>=5.0.0->dash==2.14.2->src==0.0.1) (8.2.3)
Requirement already satisfied: six>=1.5 in /zhome/8d/a/147395/miniconda3/envs/src/lib/python3.11/site-packages (from python-dateutil>=2.7->matplotlib==3.8.2->src==0.0.1) (1.16.0)
Requirement already satisfied: anyio<5,>=3.4.0 in /zhome/8d/a/147395/miniconda3/envs/src/lib/python3.11/site-packages (from starlette<0.36.0,>=0.35.0->fastapi==0.109.0->src==0.0.1) (4.3.0)
Requirement already satisfied: regex!=2019.12.17 in /zhome/8d/a/147395/miniconda3/envs/src/lib/python3.11/site-packages (from transformers<5.0.0,>=4.30.1->happytransformer==3.0.0->src==0.0.1) (2023.12.25)
Requirement already satisfied: zipp>=0.5 in /zhome/8d/a/147395/miniconda3/envs/src/lib/python3.11/site-packages (from importlib-metadata->dash==2.14.2->src==0.0.1) (3.18.1)
Requirement already satisfied: pytz>=2020.1 in /zhome/8d/a/147395/miniconda3/envs/src/lib/python3.11/site-packages (from pandas->datasets==2.16.1->src==0.0.1) (2024.1)
Requirement already satisfied: tzdata>=2022.7 in /zhome/8d/a/147395/miniconda3/envs/src/lib/python3.11/site-packages (from pandas->datasets==2.16.1->src==0.0.1) (2024.1)
Requirement already satisfied: mpmath>=0.19 in /zhome/8d/a/147395/miniconda3/envs/src/lib/python3.11/site-packages (from sympy->torch==2.1.2->src==0.0.1) (1.3.0)
Requirement already satisfied: GitPython!=3.1.29,>=1.0.0 in /zhome/8d/a/147395/miniconda3/envs/src/lib/python3.11/site-packages (from wandb->happytransformer==3.0.0->src==0.0.1) (3.1.42)
Requirement already satisfied: sentry-sdk>=1.0.0 in /zhome/8d/a/147395/miniconda3/envs/src/lib/python3.11/site-packages (from wandb->happytransformer==3.0.0->src==0.0.1) (1.42.0)
Requirement already satisfied: docker-pycreds>=0.4.0 in /zhome/8d/a/147395/miniconda3/envs/src/lib/python3.11/site-packages (from wandb->happytransformer==3.0.0->src==0.0.1) (0.4.0)
Requirement already satisfied: setproctitle in /zhome/8d/a/147395/miniconda3/envs/src/lib/python3.11/site-packages (from wandb->happytransformer==3.0.0->src==0.0.1) (1.3.3)
Requirement already satisfied: appdirs>=1.4.3 in /zhome/8d/a/147395/miniconda3/envs/src/lib/python3.11/site-packages (from wandb->happytransformer==3.0.0->src==0.0.1) (1.4.4)
Requirement already satisfied: sniffio>=1.1 in /zhome/8d/a/147395/miniconda3/envs/src/lib/python3.11/site-packages (from anyio<5,>=3.4.0->starlette<0.36.0,>=0.35.0->fastapi==0.109.0->src==0.0.1) (1.3.1)
Requirement already satisfied: gitdb<5,>=4.0.1 in /zhome/8d/a/147395/miniconda3/envs/src/lib/python3.11/site-packages (from GitPython!=3.1.29,>=1.0.0->wandb->happytransformer==3.0.0->src==0.0.1) (4.0.11)
Requirement already satisfied: smmap<6,>=3.0.1 in /zhome/8d/a/147395/miniconda3/envs/src/lib/python3.11/site-packages (from gitdb<5,>=4.0.1->GitPython!=3.1.29,>=1.0.0->wandb->happytransformer==3.0.0->src==0.0.1) (5.0.1)
Building wheels for collected packages: src
  Building editable for src (pyproject.toml): started
  Building editable for src (pyproject.toml): finished with status 'done'
  Created wheel for src: filename=src-0.0.1-0.editable-py3-none-any.whl size=5176 sha256=4b7cbc54ea0261a7aec78a264f12c2ae07c8a22c9bfa2fe6c3252bd39b76bc57
  Stored in directory: /tmp/pip-ephem-wheel-cache-uezqm7b2/wheels/ae/c7/09/8359ed311d0e920038a9546136bc0708deb92b3fc3104415bb
Successfully built src
Installing collected packages: src
  Attempting uninstall: src
    Found existing installation: src 0.0.1
    Uninstalling src-0.0.1:
      Successfully uninstalled src-0.0.1
Successfully installed src-0.0.1
python src/train_model.py
[2024-03-16 22:37:26,793][happytransformer.happy_transformer][INFO] - Using device: cuda:0
[2024-03-16 22:37:28,741][happytransformer.happy_transformer][INFO] - Tokenizing training data...
[2024-03-16 22:38:15,692][happytransformer.happy_transformer][INFO] - Moving model to cuda:0
[2024-03-16 22:38:15,704][accelerate.utils.other][WARNING] - Detected kernel version 5.4.268, which is below the recommended minimum of 5.5.0; this can cause the process to hang. It is recommended to upgrade the kernel to the minimum version or higher.
{'loss': 1.4012, 'grad_norm': 5.2197041511535645, 'learning_rate': 4.9995850622406644e-05, 'epoch': 0.0}
{'eval_loss': 1.683229923248291, 'eval_runtime': 20.2614, 'eval_samples_per_second': 200.282, 'eval_steps_per_second': 6.268, 'epoch': 0.0}
{'loss': 1.2992, 'grad_norm': 3.033820629119873, 'learning_rate': 4.5e-05, 'epoch': 0.5}
{'eval_loss': 1.297866940498352, 'eval_runtime': 20.4747, 'eval_samples_per_second': 198.196, 'eval_steps_per_second': 6.203, 'epoch': 0.5}
{'loss': 1.2459, 'grad_norm': 6.39874267578125, 'learning_rate': 4e-05, 'epoch': 1.0}
{'eval_loss': 1.2330594062805176, 'eval_runtime': 20.4765, 'eval_samples_per_second': 198.178, 'eval_steps_per_second': 6.202, 'epoch': 1.0}
{'loss': 1.2004, 'grad_norm': 1.9085063934326172, 'learning_rate': 3.5e-05, 'epoch': 1.5}
{'eval_loss': 1.2255650758743286, 'eval_runtime': 20.4732, 'eval_samples_per_second': 198.211, 'eval_steps_per_second': 6.203, 'epoch': 1.5}
{'loss': 1.2026, 'grad_norm': 7.166308879852295, 'learning_rate': 3e-05, 'epoch': 2.0}
{'eval_loss': 1.2223485708236694, 'eval_runtime': 20.444, 'eval_samples_per_second': 198.494, 'eval_steps_per_second': 6.212, 'epoch': 2.0}
{'loss': 1.1598, 'grad_norm': 2.713134765625, 'learning_rate': 2.5e-05, 'epoch': 2.5}
{'eval_loss': 1.230617642402649, 'eval_runtime': 20.4404, 'eval_samples_per_second': 198.529, 'eval_steps_per_second': 6.213, 'epoch': 2.5}
{'loss': 1.1584, 'grad_norm': 5.874753475189209, 'learning_rate': 2e-05, 'epoch': 3.0}
{'eval_loss': 1.229351282119751, 'eval_runtime': 20.4754, 'eval_samples_per_second': 198.189, 'eval_steps_per_second': 6.203, 'epoch': 3.0}
{'loss': 1.1183, 'grad_norm': 5.024148941040039, 'learning_rate': 1.5e-05, 'epoch': 3.5}
{'eval_loss': 1.2476842403411865, 'eval_runtime': 20.4164, 'eval_samples_per_second': 198.762, 'eval_steps_per_second': 6.221, 'epoch': 3.5}
{'loss': 1.113, 'grad_norm': 11.564783096313477, 'learning_rate': 1e-05, 'epoch': 4.0}
{'eval_loss': 1.240530252456665, 'eval_runtime': 20.4419, 'eval_samples_per_second': 198.514, 'eval_steps_per_second': 6.213, 'epoch': 4.0}
{'loss': 1.0741, 'grad_norm': 4.377375602722168, 'learning_rate': 5e-06, 'epoch': 4.5}
{'eval_loss': 1.2669153213500977, 'eval_runtime': 20.4596, 'eval_samples_per_second': 198.342, 'eval_steps_per_second': 6.207, 'epoch': 4.5}
{'loss': 1.0657, 'grad_norm': 11.664165496826172, 'learning_rate': 0.0, 'epoch': 5.0}
{'eval_loss': 1.274387001991272, 'eval_runtime': 20.4411, 'eval_samples_per_second': 198.521, 'eval_steps_per_second': 6.213, 'epoch': 5.0}
{'train_runtime': 5855.8524, 'train_samples_per_second': 65.826, 'train_steps_per_second': 2.058, 'train_loss': 1.1637452285022656, 'epoch': 5.0}
[2024-03-17 00:15:51,698][root][INFO] - Training model...
[2024-03-17 00:15:51,699][root][INFO] - Training complete.
[2024-03-17 00:15:54,463][root][INFO] - Model saved to models/model/
[2024-03-17 00:15:54,569][happytransformer.happy_transformer][INFO] - Initializing a pipeline
              precision    recall  f1-score   support

           0       0.56      0.44      0.49       276
           1       0.27      0.29      0.28       232
           2       0.32      0.44      0.37       231
           3       0.60      0.50      0.55       260

    accuracy                           0.42       999
   macro avg       0.44      0.42      0.42       999
weighted avg       0.45      0.42      0.43       999

