Loaded module: python3/3.6.2
Loaded dependency [numpy/1.13.1-python-3.6.2-openblas-0.2.20]: openblas/0.2.20
Loaded module: numpy/1.13.1-python-3.6.2-openblas-0.2.20

Loading numpy/1.13.1-python-3.6.2-openblas-0.2.20
  Loading requirement: openblas/0.2.20
Loaded module: scipy/0.19.1-python-3.6.2
Loaded module: matplotlib/2.0.2-python-3.6.2
Loaded module: cuda/11.6
The `load_in_4bit` and `load_in_8bit` arguments are deprecated and will be removed in the future versions. Please, pass a `BitsAndBytesConfig` object in `quantization_config` argument instead.
`low_cpu_mem_usage` was None, now set to True since model is quantized.
Loading checkpoint shards:   0%|          | 0/2 [00:00<?, ?it/s]Loading checkpoint shards:  50%|█████     | 1/2 [00:19<00:19, 19.29s/it]Loading checkpoint shards: 100%|██████████| 2/2 [00:20<00:00,  8.36s/it]Loading checkpoint shards: 100%|██████████| 2/2 [00:20<00:00, 10.00s/it]
Some weights of GemmaForSequenceClassification were not initialized from the model checkpoint at google/gemma-2b and are newly initialized: ['score.weight']
You should probably TRAIN this model on a down-stream task to be able to use it for predictions and inference.
/zhome/8d/a/147395/miniconda3/envs/src/lib/python3.11/site-packages/peft/utils/other.py:143: FutureWarning: prepare_model_for_int8_training is deprecated and will be removed in a future version. Use prepare_model_for_kbit_training instead.
  warnings.warn(
Detected kernel version 5.4.268, which is below the recommended minimum of 5.5.0; this can cause the process to hang. It is recommended to upgrade the kernel to the minimum version or higher.
/zhome/8d/a/147395/miniconda3/envs/src/lib/python3.11/site-packages/bitsandbytes/autograd/_functions.py:322: UserWarning: MatMul8bitLt: inputs will be cast from torch.float32 to float16 during quantization
  warnings.warn(f"MatMul8bitLt: inputs will be cast from {A.dtype} to float16 during quantization")
  0%|          | 0/43 [00:00<?, ?it/s]Traceback (most recent call last):
  File "/zhome/8d/a/147395/masterproject/masterproject/src/finetunegemma.py", line 93, in <module>
    train()
  File "/zhome/8d/a/147395/masterproject/masterproject/src/finetunegemma.py", line 75, in train
    print(trainer.evaluate())
          ^^^^^^^^^^^^^^^^^^
  File "/zhome/8d/a/147395/miniconda3/envs/src/lib/python3.11/site-packages/transformers/trainer.py", line 3229, in evaluate
    output = eval_loop(
             ^^^^^^^^^^
  File "/zhome/8d/a/147395/miniconda3/envs/src/lib/python3.11/site-packages/transformers/trainer.py", line 3418, in evaluation_loop
    loss, logits, labels = self.prediction_step(model, inputs, prediction_loss_only, ignore_keys=ignore_keys)
                           ^^^^^^^^^^^^^^^^^^^^^^^^^^^^^^^^^^^^^^^^^^^^^^^^^^^^^^^^^^^^^^^^^^^^^^^^^^^^^^^^^^
  File "/zhome/8d/a/147395/miniconda3/envs/src/lib/python3.11/site-packages/transformers/trainer.py", line 3635, in prediction_step
    loss, outputs = self.compute_loss(model, inputs, return_outputs=True)
                    ^^^^^^^^^^^^^^^^^^^^^^^^^^^^^^^^^^^^^^^^^^^^^^^^^^^^^
  File "/zhome/8d/a/147395/miniconda3/envs/src/lib/python3.11/site-packages/transformers/trainer.py", line 2925, in compute_loss
    outputs = model(**inputs)
              ^^^^^^^^^^^^^^^
  File "/zhome/8d/a/147395/miniconda3/envs/src/lib/python3.11/site-packages/torch/nn/modules/module.py", line 1518, in _wrapped_call_impl
    return self._call_impl(*args, **kwargs)
           ^^^^^^^^^^^^^^^^^^^^^^^^^^^^^^^^
  File "/zhome/8d/a/147395/miniconda3/envs/src/lib/python3.11/site-packages/torch/nn/modules/module.py", line 1527, in _call_impl
    return forward_call(*args, **kwargs)
           ^^^^^^^^^^^^^^^^^^^^^^^^^^^^^
  File "/zhome/8d/a/147395/miniconda3/envs/src/lib/python3.11/site-packages/peft/peft_model.py", line 894, in forward
    return self.base_model(
           ^^^^^^^^^^^^^^^^
  File "/zhome/8d/a/147395/miniconda3/envs/src/lib/python3.11/site-packages/torch/nn/modules/module.py", line 1518, in _wrapped_call_impl
    return self._call_impl(*args, **kwargs)
           ^^^^^^^^^^^^^^^^^^^^^^^^^^^^^^^^
  File "/zhome/8d/a/147395/miniconda3/envs/src/lib/python3.11/site-packages/torch/nn/modules/module.py", line 1527, in _call_impl
    return forward_call(*args, **kwargs)
           ^^^^^^^^^^^^^^^^^^^^^^^^^^^^^
  File "/zhome/8d/a/147395/miniconda3/envs/src/lib/python3.11/site-packages/peft/tuners/tuners_utils.py", line 161, in forward
    return self.model.forward(*args, **kwargs)
           ^^^^^^^^^^^^^^^^^^^^^^^^^^^^^^^^^^^
  File "/zhome/8d/a/147395/miniconda3/envs/src/lib/python3.11/site-packages/accelerate/hooks.py", line 165, in new_forward
    output = module._old_forward(*args, **kwargs)
             ^^^^^^^^^^^^^^^^^^^^^^^^^^^^^^^^^^^^
  File "/zhome/8d/a/147395/miniconda3/envs/src/lib/python3.11/site-packages/transformers/models/gemma/modeling_gemma.py", line 1244, in forward
    transformer_outputs = self.model(
                          ^^^^^^^^^^^
  File "/zhome/8d/a/147395/miniconda3/envs/src/lib/python3.11/site-packages/torch/nn/modules/module.py", line 1518, in _wrapped_call_impl
    return self._call_impl(*args, **kwargs)
           ^^^^^^^^^^^^^^^^^^^^^^^^^^^^^^^^
  File "/zhome/8d/a/147395/miniconda3/envs/src/lib/python3.11/site-packages/torch/nn/modules/module.py", line 1527, in _call_impl
    return forward_call(*args, **kwargs)
           ^^^^^^^^^^^^^^^^^^^^^^^^^^^^^
  File "/zhome/8d/a/147395/miniconda3/envs/src/lib/python3.11/site-packages/accelerate/hooks.py", line 165, in new_forward
    output = module._old_forward(*args, **kwargs)
             ^^^^^^^^^^^^^^^^^^^^^^^^^^^^^^^^^^^^
  File "/zhome/8d/a/147395/miniconda3/envs/src/lib/python3.11/site-packages/transformers/models/gemma/modeling_gemma.py", line 876, in forward
    causal_mask = self._update_causal_mask(attention_mask, inputs_embeds)
                  ^^^^^^^^^^^^^^^^^^^^^^^^^^^^^^^^^^^^^^^^^^^^^^^^^^^^^^^
  File "/zhome/8d/a/147395/miniconda3/envs/src/lib/python3.11/site-packages/transformers/models/gemma/modeling_gemma.py", line 960, in _update_causal_mask
    self.causal_mask[None, None, :, :].repeat(batch_size, 1, 1, 1).to(dtype) * torch.finfo(dtype).min
    ^^^^^^^^^^^^^^^^^^^^^^^^^^^^^^^^^^^^^^^^^^^^^^^^^^^^^^^^^^^^^^
torch.cuda.OutOfMemoryError: CUDA out of memory. Tried to allocate 13.00 GiB. GPU 0 has a total capacty of 31.73 GiB of which 12.93 GiB is free. Including non-PyTorch memory, this process has 18.80 GiB memory in use. Of the allocated memory 5.70 GiB is allocated by PyTorch, and 12.73 GiB is reserved by PyTorch but unallocated. If reserved but unallocated memory is large try setting max_split_size_mb to avoid fragmentation.  See documentation for Memory Management and PYTORCH_CUDA_ALLOC_CONF
  2%|▏         | 1/43 [00:01<00:46,  1.11s/it]
make: *** [finetunegemma] Error 1
