Fri Mar 15 13:58:58 2024       
+-----------------------------------------------------------------------------------------+
| NVIDIA-SMI 550.54.14              Driver Version: 550.54.14      CUDA Version: 12.4     |
|-----------------------------------------+------------------------+----------------------+
| GPU  Name                 Persistence-M | Bus-Id          Disp.A | Volatile Uncorr. ECC |
| Fan  Temp   Perf          Pwr:Usage/Cap |           Memory-Usage | GPU-Util  Compute M. |
|                                         |                        |               MIG M. |
|=========================================+========================+======================|
|   0  Tesla V100-SXM2-32GB           On  |   00000000:3B:00.0 Off |                    0 |
| N/A   40C    P0             43W /  300W |       0MiB /  32768MiB |      0%   E. Process |
|                                         |                        |                  N/A |
+-----------------------------------------+------------------------+----------------------+
                                                                                         
+-----------------------------------------------------------------------------------------+
| Processes:                                                                              |
|  GPU   GI   CI        PID   Type   Process name                              GPU Memory |
|        ID   ID                                                               Usage      |
|=========================================================================================|
|  No running processes found                                                             |
+-----------------------------------------------------------------------------------------+
/appl/cuda/11.6.0/samples/bin/x86_64/linux/release/deviceQuery Starting...

 CUDA Device Query (Runtime API) version (CUDART static linking)

Detected 1 CUDA Capable device(s)

Device 0: "Tesla V100-SXM2-32GB"
  CUDA Driver Version / Runtime Version          12.4 / 11.6
  CUDA Capability Major/Minor version number:    7.0
  Total amount of global memory:                 32494 MBytes (34072559616 bytes)
  (080) Multiprocessors, (064) CUDA Cores/MP:    5120 CUDA Cores
  GPU Max Clock rate:                            1530 MHz (1.53 GHz)
  Memory Clock rate:                             877 Mhz
  Memory Bus Width:                              4096-bit
  L2 Cache Size:                                 6291456 bytes
  Maximum Texture Dimension Size (x,y,z)         1D=(131072), 2D=(131072, 65536), 3D=(16384, 16384, 16384)
  Maximum Layered 1D Texture Size, (num) layers  1D=(32768), 2048 layers
  Maximum Layered 2D Texture Size, (num) layers  2D=(32768, 32768), 2048 layers
  Total amount of constant memory:               65536 bytes
  Total amount of shared memory per block:       49152 bytes
  Total shared memory per multiprocessor:        98304 bytes
  Total number of registers available per block: 65536
  Warp size:                                     32
  Maximum number of threads per multiprocessor:  2048
  Maximum number of threads per block:           1024
  Max dimension size of a thread block (x,y,z): (1024, 1024, 64)
  Max dimension size of a grid size    (x,y,z): (2147483647, 65535, 65535)
  Maximum memory pitch:                          2147483647 bytes
  Texture alignment:                             512 bytes
  Concurrent copy and kernel execution:          Yes with 5 copy engine(s)
  Run time limit on kernels:                     No
  Integrated GPU sharing Host Memory:            No
  Support host page-locked memory mapping:       Yes
  Alignment requirement for Surfaces:            Yes
  Device has ECC support:                        Enabled
  Device supports Unified Addressing (UVA):      Yes
  Device supports Managed Memory:                Yes
  Device supports Compute Preemption:            Yes
  Supports Cooperative Kernel Launch:            Yes
  Supports MultiDevice Co-op Kernel Launch:      Yes
  Device PCI Domain ID / Bus ID / location ID:   0 / 59 / 0
  Compute Mode:
     < Exclusive Process (many threads in one process is able to use ::cudaSetDevice() with this device) >

deviceQuery, CUDA Driver = CUDART, CUDA Driver Version = 12.4, CUDA Runtime Version = 11.6, NumDevs = 1
Result = PASS
Starting executable...
Running: conda init and script
python -m pip install -U pip setuptools wheel
Requirement already satisfied: pip in /zhome/8d/a/147395/miniconda3/envs/src/lib/python3.11/site-packages (24.0)
Requirement already satisfied: setuptools in /zhome/8d/a/147395/miniconda3/envs/src/lib/python3.11/site-packages (69.2.0)
Requirement already satisfied: wheel in /zhome/8d/a/147395/miniconda3/envs/src/lib/python3.11/site-packages (0.43.0)
python -m pip install -r requirements.txt
Requirement already satisfied: click==8.1.7 in /zhome/8d/a/147395/miniconda3/envs/src/lib/python3.11/site-packages (from -r requirements.txt (line 1)) (8.1.7)
Requirement already satisfied: dash==2.14.2 in /zhome/8d/a/147395/miniconda3/envs/src/lib/python3.11/site-packages (from -r requirements.txt (line 2)) (2.14.2)
Requirement already satisfied: datasets==2.16.1 in /zhome/8d/a/147395/miniconda3/envs/src/lib/python3.11/site-packages (from -r requirements.txt (line 3)) (2.16.1)
Requirement already satisfied: fastapi==0.109.0 in /zhome/8d/a/147395/miniconda3/envs/src/lib/python3.11/site-packages (from -r requirements.txt (line 4)) (0.109.0)
Requirement already satisfied: happytransformer==3.0.0 in /zhome/8d/a/147395/miniconda3/envs/src/lib/python3.11/site-packages (from -r requirements.txt (line 5)) (3.0.0)
Requirement already satisfied: hydra-core==1.3.2 in /zhome/8d/a/147395/miniconda3/envs/src/lib/python3.11/site-packages (from -r requirements.txt (line 6)) (1.3.2)
Requirement already satisfied: Markdown==3.5.1 in /zhome/8d/a/147395/miniconda3/envs/src/lib/python3.11/site-packages (from -r requirements.txt (line 7)) (3.5.1)
Requirement already satisfied: matplotlib==3.8.2 in /zhome/8d/a/147395/miniconda3/envs/src/lib/python3.11/site-packages (from -r requirements.txt (line 8)) (3.8.2)
Requirement already satisfied: numpy==1.26.3 in /zhome/8d/a/147395/miniconda3/envs/src/lib/python3.11/site-packages (from -r requirements.txt (line 9)) (1.26.3)
Requirement already satisfied: omegaconf==2.3.0 in /zhome/8d/a/147395/miniconda3/envs/src/lib/python3.11/site-packages (from -r requirements.txt (line 10)) (2.3.0)
Requirement already satisfied: prometheus_fastapi_instrumentator==6.1.0 in /zhome/8d/a/147395/miniconda3/envs/src/lib/python3.11/site-packages (from -r requirements.txt (line 11)) (6.1.0)
Requirement already satisfied: pydantic==2.5.3 in /zhome/8d/a/147395/miniconda3/envs/src/lib/python3.11/site-packages (from -r requirements.txt (line 12)) (2.5.3)
Requirement already satisfied: pytest==7.4.4 in /zhome/8d/a/147395/miniconda3/envs/src/lib/python3.11/site-packages (from -r requirements.txt (line 13)) (7.4.4)
Requirement already satisfied: pytorch_lightning==2.1.3 in /zhome/8d/a/147395/miniconda3/envs/src/lib/python3.11/site-packages (from -r requirements.txt (line 14)) (2.1.3)
Requirement already satisfied: Requests==2.31.0 in /zhome/8d/a/147395/miniconda3/envs/src/lib/python3.11/site-packages (from -r requirements.txt (line 15)) (2.31.0)
Requirement already satisfied: scikit_learn==1.3.2 in /zhome/8d/a/147395/miniconda3/envs/src/lib/python3.11/site-packages (from -r requirements.txt (line 16)) (1.3.2)
Requirement already satisfied: torch==2.1.2 in /zhome/8d/a/147395/miniconda3/envs/src/lib/python3.11/site-packages (from -r requirements.txt (line 17)) (2.1.2)
Requirement already satisfied: Flask<3.1,>=1.0.4 in /zhome/8d/a/147395/miniconda3/envs/src/lib/python3.11/site-packages (from dash==2.14.2->-r requirements.txt (line 2)) (3.0.2)
Requirement already satisfied: Werkzeug<3.1 in /zhome/8d/a/147395/miniconda3/envs/src/lib/python3.11/site-packages (from dash==2.14.2->-r requirements.txt (line 2)) (3.0.1)
Requirement already satisfied: plotly>=5.0.0 in /zhome/8d/a/147395/miniconda3/envs/src/lib/python3.11/site-packages (from dash==2.14.2->-r requirements.txt (line 2)) (5.20.0)
Requirement already satisfied: dash-html-components==2.0.0 in /zhome/8d/a/147395/miniconda3/envs/src/lib/python3.11/site-packages (from dash==2.14.2->-r requirements.txt (line 2)) (2.0.0)
Requirement already satisfied: dash-core-components==2.0.0 in /zhome/8d/a/147395/miniconda3/envs/src/lib/python3.11/site-packages (from dash==2.14.2->-r requirements.txt (line 2)) (2.0.0)
Requirement already satisfied: dash-table==5.0.0 in /zhome/8d/a/147395/miniconda3/envs/src/lib/python3.11/site-packages (from dash==2.14.2->-r requirements.txt (line 2)) (5.0.0)
Requirement already satisfied: typing-extensions>=4.1.1 in /zhome/8d/a/147395/miniconda3/envs/src/lib/python3.11/site-packages (from dash==2.14.2->-r requirements.txt (line 2)) (4.10.0)
Requirement already satisfied: retrying in /zhome/8d/a/147395/miniconda3/envs/src/lib/python3.11/site-packages (from dash==2.14.2->-r requirements.txt (line 2)) (1.3.4)
Requirement already satisfied: ansi2html in /zhome/8d/a/147395/miniconda3/envs/src/lib/python3.11/site-packages (from dash==2.14.2->-r requirements.txt (line 2)) (1.9.1)
Requirement already satisfied: nest-asyncio in /zhome/8d/a/147395/miniconda3/envs/src/lib/python3.11/site-packages (from dash==2.14.2->-r requirements.txt (line 2)) (1.6.0)
Requirement already satisfied: setuptools in /zhome/8d/a/147395/miniconda3/envs/src/lib/python3.11/site-packages (from dash==2.14.2->-r requirements.txt (line 2)) (69.2.0)
Requirement already satisfied: importlib-metadata in /zhome/8d/a/147395/miniconda3/envs/src/lib/python3.11/site-packages (from dash==2.14.2->-r requirements.txt (line 2)) (7.0.2)
Requirement already satisfied: filelock in /zhome/8d/a/147395/miniconda3/envs/src/lib/python3.11/site-packages (from datasets==2.16.1->-r requirements.txt (line 3)) (3.13.1)
Requirement already satisfied: pyarrow>=8.0.0 in /zhome/8d/a/147395/miniconda3/envs/src/lib/python3.11/site-packages (from datasets==2.16.1->-r requirements.txt (line 3)) (15.0.1)
Requirement already satisfied: pyarrow-hotfix in /zhome/8d/a/147395/miniconda3/envs/src/lib/python3.11/site-packages (from datasets==2.16.1->-r requirements.txt (line 3)) (0.6)
Requirement already satisfied: dill<0.3.8,>=0.3.0 in /zhome/8d/a/147395/miniconda3/envs/src/lib/python3.11/site-packages (from datasets==2.16.1->-r requirements.txt (line 3)) (0.3.7)
Requirement already satisfied: pandas in /zhome/8d/a/147395/miniconda3/envs/src/lib/python3.11/site-packages (from datasets==2.16.1->-r requirements.txt (line 3)) (2.2.1)
Requirement already satisfied: tqdm>=4.62.1 in /zhome/8d/a/147395/miniconda3/envs/src/lib/python3.11/site-packages (from datasets==2.16.1->-r requirements.txt (line 3)) (4.66.2)
Requirement already satisfied: xxhash in /zhome/8d/a/147395/miniconda3/envs/src/lib/python3.11/site-packages (from datasets==2.16.1->-r requirements.txt (line 3)) (3.4.1)
Requirement already satisfied: multiprocess in /zhome/8d/a/147395/miniconda3/envs/src/lib/python3.11/site-packages (from datasets==2.16.1->-r requirements.txt (line 3)) (0.70.15)
Requirement already satisfied: fsspec<=2023.10.0,>=2023.1.0 in /zhome/8d/a/147395/miniconda3/envs/src/lib/python3.11/site-packages (from fsspec[http]<=2023.10.0,>=2023.1.0->datasets==2.16.1->-r requirements.txt (line 3)) (2023.10.0)
Requirement already satisfied: aiohttp in /zhome/8d/a/147395/miniconda3/envs/src/lib/python3.11/site-packages (from datasets==2.16.1->-r requirements.txt (line 3)) (3.9.3)
Requirement already satisfied: huggingface-hub>=0.19.4 in /zhome/8d/a/147395/miniconda3/envs/src/lib/python3.11/site-packages (from datasets==2.16.1->-r requirements.txt (line 3)) (0.21.4)
Requirement already satisfied: packaging in /zhome/8d/a/147395/miniconda3/envs/src/lib/python3.11/site-packages (from datasets==2.16.1->-r requirements.txt (line 3)) (24.0)
Requirement already satisfied: pyyaml>=5.1 in /zhome/8d/a/147395/miniconda3/envs/src/lib/python3.11/site-packages (from datasets==2.16.1->-r requirements.txt (line 3)) (6.0.1)
Requirement already satisfied: starlette<0.36.0,>=0.35.0 in /zhome/8d/a/147395/miniconda3/envs/src/lib/python3.11/site-packages (from fastapi==0.109.0->-r requirements.txt (line 4)) (0.35.1)
Requirement already satisfied: transformers<5.0.0,>=4.30.1 in /zhome/8d/a/147395/miniconda3/envs/src/lib/python3.11/site-packages (from happytransformer==3.0.0->-r requirements.txt (line 5)) (4.38.2)
Requirement already satisfied: sentencepiece in /zhome/8d/a/147395/miniconda3/envs/src/lib/python3.11/site-packages (from happytransformer==3.0.0->-r requirements.txt (line 5)) (0.2.0)
Requirement already satisfied: protobuf in /zhome/8d/a/147395/miniconda3/envs/src/lib/python3.11/site-packages (from happytransformer==3.0.0->-r requirements.txt (line 5)) (4.25.3)
Requirement already satisfied: accelerate<1.0.0,>=0.20.1 in /zhome/8d/a/147395/miniconda3/envs/src/lib/python3.11/site-packages (from happytransformer==3.0.0->-r requirements.txt (line 5)) (0.28.0)
Requirement already satisfied: tokenizers<1.0.0,>=0.13.3 in /zhome/8d/a/147395/miniconda3/envs/src/lib/python3.11/site-packages (from happytransformer==3.0.0->-r requirements.txt (line 5)) (0.15.2)
Requirement already satisfied: wandb in /zhome/8d/a/147395/miniconda3/envs/src/lib/python3.11/site-packages (from happytransformer==3.0.0->-r requirements.txt (line 5)) (0.16.4)
Requirement already satisfied: antlr4-python3-runtime==4.9.* in /zhome/8d/a/147395/miniconda3/envs/src/lib/python3.11/site-packages (from hydra-core==1.3.2->-r requirements.txt (line 6)) (4.9.3)
Requirement already satisfied: contourpy>=1.0.1 in /zhome/8d/a/147395/miniconda3/envs/src/lib/python3.11/site-packages (from matplotlib==3.8.2->-r requirements.txt (line 8)) (1.2.0)
Requirement already satisfied: cycler>=0.10 in /zhome/8d/a/147395/miniconda3/envs/src/lib/python3.11/site-packages (from matplotlib==3.8.2->-r requirements.txt (line 8)) (0.12.1)
Requirement already satisfied: fonttools>=4.22.0 in /zhome/8d/a/147395/miniconda3/envs/src/lib/python3.11/site-packages (from matplotlib==3.8.2->-r requirements.txt (line 8)) (4.49.0)
Requirement already satisfied: kiwisolver>=1.3.1 in /zhome/8d/a/147395/miniconda3/envs/src/lib/python3.11/site-packages (from matplotlib==3.8.2->-r requirements.txt (line 8)) (1.4.5)
Requirement already satisfied: pillow>=8 in /zhome/8d/a/147395/miniconda3/envs/src/lib/python3.11/site-packages (from matplotlib==3.8.2->-r requirements.txt (line 8)) (10.2.0)
Requirement already satisfied: pyparsing>=2.3.1 in /zhome/8d/a/147395/miniconda3/envs/src/lib/python3.11/site-packages (from matplotlib==3.8.2->-r requirements.txt (line 8)) (3.1.2)
Requirement already satisfied: python-dateutil>=2.7 in /zhome/8d/a/147395/miniconda3/envs/src/lib/python3.11/site-packages (from matplotlib==3.8.2->-r requirements.txt (line 8)) (2.9.0.post0)
Requirement already satisfied: prometheus-client<1.0.0,>=0.8.0 in /zhome/8d/a/147395/miniconda3/envs/src/lib/python3.11/site-packages (from prometheus_fastapi_instrumentator==6.1.0->-r requirements.txt (line 11)) (0.20.0)
Requirement already satisfied: annotated-types>=0.4.0 in /zhome/8d/a/147395/miniconda3/envs/src/lib/python3.11/site-packages (from pydantic==2.5.3->-r requirements.txt (line 12)) (0.6.0)
Requirement already satisfied: pydantic-core==2.14.6 in /zhome/8d/a/147395/miniconda3/envs/src/lib/python3.11/site-packages (from pydantic==2.5.3->-r requirements.txt (line 12)) (2.14.6)
Requirement already satisfied: iniconfig in /zhome/8d/a/147395/miniconda3/envs/src/lib/python3.11/site-packages (from pytest==7.4.4->-r requirements.txt (line 13)) (2.0.0)
Requirement already satisfied: pluggy<2.0,>=0.12 in /zhome/8d/a/147395/miniconda3/envs/src/lib/python3.11/site-packages (from pytest==7.4.4->-r requirements.txt (line 13)) (1.4.0)
Requirement already satisfied: torchmetrics>=0.7.0 in /zhome/8d/a/147395/miniconda3/envs/src/lib/python3.11/site-packages (from pytorch_lightning==2.1.3->-r requirements.txt (line 14)) (1.3.1)
Requirement already satisfied: lightning-utilities>=0.8.0 in /zhome/8d/a/147395/miniconda3/envs/src/lib/python3.11/site-packages (from pytorch_lightning==2.1.3->-r requirements.txt (line 14)) (0.10.1)
Requirement already satisfied: charset-normalizer<4,>=2 in /zhome/8d/a/147395/miniconda3/envs/src/lib/python3.11/site-packages (from Requests==2.31.0->-r requirements.txt (line 15)) (3.3.2)
Requirement already satisfied: idna<4,>=2.5 in /zhome/8d/a/147395/miniconda3/envs/src/lib/python3.11/site-packages (from Requests==2.31.0->-r requirements.txt (line 15)) (3.6)
Requirement already satisfied: urllib3<3,>=1.21.1 in /zhome/8d/a/147395/miniconda3/envs/src/lib/python3.11/site-packages (from Requests==2.31.0->-r requirements.txt (line 15)) (2.2.1)
Requirement already satisfied: certifi>=2017.4.17 in /zhome/8d/a/147395/miniconda3/envs/src/lib/python3.11/site-packages (from Requests==2.31.0->-r requirements.txt (line 15)) (2024.2.2)
Requirement already satisfied: scipy>=1.5.0 in /zhome/8d/a/147395/miniconda3/envs/src/lib/python3.11/site-packages (from scikit_learn==1.3.2->-r requirements.txt (line 16)) (1.12.0)
Requirement already satisfied: joblib>=1.1.1 in /zhome/8d/a/147395/miniconda3/envs/src/lib/python3.11/site-packages (from scikit_learn==1.3.2->-r requirements.txt (line 16)) (1.3.2)
Requirement already satisfied: threadpoolctl>=2.0.0 in /zhome/8d/a/147395/miniconda3/envs/src/lib/python3.11/site-packages (from scikit_learn==1.3.2->-r requirements.txt (line 16)) (3.3.0)
Requirement already satisfied: sympy in /zhome/8d/a/147395/miniconda3/envs/src/lib/python3.11/site-packages (from torch==2.1.2->-r requirements.txt (line 17)) (1.12)
Requirement already satisfied: networkx in /zhome/8d/a/147395/miniconda3/envs/src/lib/python3.11/site-packages (from torch==2.1.2->-r requirements.txt (line 17)) (3.2.1)
Requirement already satisfied: jinja2 in /zhome/8d/a/147395/miniconda3/envs/src/lib/python3.11/site-packages (from torch==2.1.2->-r requirements.txt (line 17)) (3.1.3)
Requirement already satisfied: nvidia-cuda-nvrtc-cu12==12.1.105 in /zhome/8d/a/147395/miniconda3/envs/src/lib/python3.11/site-packages (from torch==2.1.2->-r requirements.txt (line 17)) (12.1.105)
Requirement already satisfied: nvidia-cuda-runtime-cu12==12.1.105 in /zhome/8d/a/147395/miniconda3/envs/src/lib/python3.11/site-packages (from torch==2.1.2->-r requirements.txt (line 17)) (12.1.105)
Requirement already satisfied: nvidia-cuda-cupti-cu12==12.1.105 in /zhome/8d/a/147395/miniconda3/envs/src/lib/python3.11/site-packages (from torch==2.1.2->-r requirements.txt (line 17)) (12.1.105)
Requirement already satisfied: nvidia-cudnn-cu12==8.9.2.26 in /zhome/8d/a/147395/miniconda3/envs/src/lib/python3.11/site-packages (from torch==2.1.2->-r requirements.txt (line 17)) (8.9.2.26)
Requirement already satisfied: nvidia-cublas-cu12==12.1.3.1 in /zhome/8d/a/147395/miniconda3/envs/src/lib/python3.11/site-packages (from torch==2.1.2->-r requirements.txt (line 17)) (12.1.3.1)
Requirement already satisfied: nvidia-cufft-cu12==11.0.2.54 in /zhome/8d/a/147395/miniconda3/envs/src/lib/python3.11/site-packages (from torch==2.1.2->-r requirements.txt (line 17)) (11.0.2.54)
Requirement already satisfied: nvidia-curand-cu12==10.3.2.106 in /zhome/8d/a/147395/miniconda3/envs/src/lib/python3.11/site-packages (from torch==2.1.2->-r requirements.txt (line 17)) (10.3.2.106)
Requirement already satisfied: nvidia-cusolver-cu12==11.4.5.107 in /zhome/8d/a/147395/miniconda3/envs/src/lib/python3.11/site-packages (from torch==2.1.2->-r requirements.txt (line 17)) (11.4.5.107)
Requirement already satisfied: nvidia-cusparse-cu12==12.1.0.106 in /zhome/8d/a/147395/miniconda3/envs/src/lib/python3.11/site-packages (from torch==2.1.2->-r requirements.txt (line 17)) (12.1.0.106)
Requirement already satisfied: nvidia-nccl-cu12==2.18.1 in /zhome/8d/a/147395/miniconda3/envs/src/lib/python3.11/site-packages (from torch==2.1.2->-r requirements.txt (line 17)) (2.18.1)
Requirement already satisfied: nvidia-nvtx-cu12==12.1.105 in /zhome/8d/a/147395/miniconda3/envs/src/lib/python3.11/site-packages (from torch==2.1.2->-r requirements.txt (line 17)) (12.1.105)
Requirement already satisfied: triton==2.1.0 in /zhome/8d/a/147395/miniconda3/envs/src/lib/python3.11/site-packages (from torch==2.1.2->-r requirements.txt (line 17)) (2.1.0)
Requirement already satisfied: nvidia-nvjitlink-cu12 in /zhome/8d/a/147395/miniconda3/envs/src/lib/python3.11/site-packages (from nvidia-cusolver-cu12==11.4.5.107->torch==2.1.2->-r requirements.txt (line 17)) (12.4.99)
Requirement already satisfied: psutil in /zhome/8d/a/147395/miniconda3/envs/src/lib/python3.11/site-packages (from accelerate<1.0.0,>=0.20.1->happytransformer==3.0.0->-r requirements.txt (line 5)) (5.9.8)
Requirement already satisfied: safetensors>=0.3.1 in /zhome/8d/a/147395/miniconda3/envs/src/lib/python3.11/site-packages (from accelerate<1.0.0,>=0.20.1->happytransformer==3.0.0->-r requirements.txt (line 5)) (0.4.2)
Requirement already satisfied: itsdangerous>=2.1.2 in /zhome/8d/a/147395/miniconda3/envs/src/lib/python3.11/site-packages (from Flask<3.1,>=1.0.4->dash==2.14.2->-r requirements.txt (line 2)) (2.1.2)
Requirement already satisfied: blinker>=1.6.2 in /zhome/8d/a/147395/miniconda3/envs/src/lib/python3.11/site-packages (from Flask<3.1,>=1.0.4->dash==2.14.2->-r requirements.txt (line 2)) (1.7.0)
Requirement already satisfied: aiosignal>=1.1.2 in /zhome/8d/a/147395/miniconda3/envs/src/lib/python3.11/site-packages (from aiohttp->datasets==2.16.1->-r requirements.txt (line 3)) (1.3.1)
Requirement already satisfied: attrs>=17.3.0 in /zhome/8d/a/147395/miniconda3/envs/src/lib/python3.11/site-packages (from aiohttp->datasets==2.16.1->-r requirements.txt (line 3)) (23.2.0)
Requirement already satisfied: frozenlist>=1.1.1 in /zhome/8d/a/147395/miniconda3/envs/src/lib/python3.11/site-packages (from aiohttp->datasets==2.16.1->-r requirements.txt (line 3)) (1.4.1)
Requirement already satisfied: multidict<7.0,>=4.5 in /zhome/8d/a/147395/miniconda3/envs/src/lib/python3.11/site-packages (from aiohttp->datasets==2.16.1->-r requirements.txt (line 3)) (6.0.5)
Requirement already satisfied: yarl<2.0,>=1.0 in /zhome/8d/a/147395/miniconda3/envs/src/lib/python3.11/site-packages (from aiohttp->datasets==2.16.1->-r requirements.txt (line 3)) (1.9.4)
Requirement already satisfied: MarkupSafe>=2.0 in /zhome/8d/a/147395/miniconda3/envs/src/lib/python3.11/site-packages (from jinja2->torch==2.1.2->-r requirements.txt (line 17)) (2.1.5)
Requirement already satisfied: tenacity>=6.2.0 in /zhome/8d/a/147395/miniconda3/envs/src/lib/python3.11/site-packages (from plotly>=5.0.0->dash==2.14.2->-r requirements.txt (line 2)) (8.2.3)
Requirement already satisfied: six>=1.5 in /zhome/8d/a/147395/miniconda3/envs/src/lib/python3.11/site-packages (from python-dateutil>=2.7->matplotlib==3.8.2->-r requirements.txt (line 8)) (1.16.0)
Requirement already satisfied: anyio<5,>=3.4.0 in /zhome/8d/a/147395/miniconda3/envs/src/lib/python3.11/site-packages (from starlette<0.36.0,>=0.35.0->fastapi==0.109.0->-r requirements.txt (line 4)) (4.3.0)
Requirement already satisfied: regex!=2019.12.17 in /zhome/8d/a/147395/miniconda3/envs/src/lib/python3.11/site-packages (from transformers<5.0.0,>=4.30.1->happytransformer==3.0.0->-r requirements.txt (line 5)) (2023.12.25)
Requirement already satisfied: zipp>=0.5 in /zhome/8d/a/147395/miniconda3/envs/src/lib/python3.11/site-packages (from importlib-metadata->dash==2.14.2->-r requirements.txt (line 2)) (3.18.1)
Requirement already satisfied: pytz>=2020.1 in /zhome/8d/a/147395/miniconda3/envs/src/lib/python3.11/site-packages (from pandas->datasets==2.16.1->-r requirements.txt (line 3)) (2024.1)
Requirement already satisfied: tzdata>=2022.7 in /zhome/8d/a/147395/miniconda3/envs/src/lib/python3.11/site-packages (from pandas->datasets==2.16.1->-r requirements.txt (line 3)) (2024.1)
Requirement already satisfied: mpmath>=0.19 in /zhome/8d/a/147395/miniconda3/envs/src/lib/python3.11/site-packages (from sympy->torch==2.1.2->-r requirements.txt (line 17)) (1.3.0)
Requirement already satisfied: GitPython!=3.1.29,>=1.0.0 in /zhome/8d/a/147395/miniconda3/envs/src/lib/python3.11/site-packages (from wandb->happytransformer==3.0.0->-r requirements.txt (line 5)) (3.1.42)
Requirement already satisfied: sentry-sdk>=1.0.0 in /zhome/8d/a/147395/miniconda3/envs/src/lib/python3.11/site-packages (from wandb->happytransformer==3.0.0->-r requirements.txt (line 5)) (1.42.0)
Requirement already satisfied: docker-pycreds>=0.4.0 in /zhome/8d/a/147395/miniconda3/envs/src/lib/python3.11/site-packages (from wandb->happytransformer==3.0.0->-r requirements.txt (line 5)) (0.4.0)
Requirement already satisfied: setproctitle in /zhome/8d/a/147395/miniconda3/envs/src/lib/python3.11/site-packages (from wandb->happytransformer==3.0.0->-r requirements.txt (line 5)) (1.3.3)
Requirement already satisfied: appdirs>=1.4.3 in /zhome/8d/a/147395/miniconda3/envs/src/lib/python3.11/site-packages (from wandb->happytransformer==3.0.0->-r requirements.txt (line 5)) (1.4.4)
Requirement already satisfied: sniffio>=1.1 in /zhome/8d/a/147395/miniconda3/envs/src/lib/python3.11/site-packages (from anyio<5,>=3.4.0->starlette<0.36.0,>=0.35.0->fastapi==0.109.0->-r requirements.txt (line 4)) (1.3.1)
Requirement already satisfied: gitdb<5,>=4.0.1 in /zhome/8d/a/147395/miniconda3/envs/src/lib/python3.11/site-packages (from GitPython!=3.1.29,>=1.0.0->wandb->happytransformer==3.0.0->-r requirements.txt (line 5)) (4.0.11)
Requirement already satisfied: smmap<6,>=3.0.1 in /zhome/8d/a/147395/miniconda3/envs/src/lib/python3.11/site-packages (from gitdb<5,>=4.0.1->GitPython!=3.1.29,>=1.0.0->wandb->happytransformer==3.0.0->-r requirements.txt (line 5)) (5.0.1)
python -m pip install -e .
Obtaining file:///zhome/8d/a/147395/masterproject/masterproject
  Installing build dependencies: started
  Installing build dependencies: finished with status 'done'
  Checking if build backend supports build_editable: started
  Checking if build backend supports build_editable: finished with status 'done'
  Getting requirements to build editable: started
  Getting requirements to build editable: finished with status 'done'
  Installing backend dependencies: started
  Installing backend dependencies: finished with status 'done'
  Preparing editable metadata (pyproject.toml): started
  Preparing editable metadata (pyproject.toml): finished with status 'done'
Requirement already satisfied: click==8.1.7 in /zhome/8d/a/147395/miniconda3/envs/src/lib/python3.11/site-packages (from src==0.0.1) (8.1.7)
Requirement already satisfied: dash==2.14.2 in /zhome/8d/a/147395/miniconda3/envs/src/lib/python3.11/site-packages (from src==0.0.1) (2.14.2)
Requirement already satisfied: datasets==2.16.1 in /zhome/8d/a/147395/miniconda3/envs/src/lib/python3.11/site-packages (from src==0.0.1) (2.16.1)
Requirement already satisfied: fastapi==0.109.0 in /zhome/8d/a/147395/miniconda3/envs/src/lib/python3.11/site-packages (from src==0.0.1) (0.109.0)
Requirement already satisfied: happytransformer==3.0.0 in /zhome/8d/a/147395/miniconda3/envs/src/lib/python3.11/site-packages (from src==0.0.1) (3.0.0)
Requirement already satisfied: hydra-core==1.3.2 in /zhome/8d/a/147395/miniconda3/envs/src/lib/python3.11/site-packages (from src==0.0.1) (1.3.2)
Requirement already satisfied: Markdown==3.5.1 in /zhome/8d/a/147395/miniconda3/envs/src/lib/python3.11/site-packages (from src==0.0.1) (3.5.1)
Requirement already satisfied: matplotlib==3.8.2 in /zhome/8d/a/147395/miniconda3/envs/src/lib/python3.11/site-packages (from src==0.0.1) (3.8.2)
Requirement already satisfied: numpy==1.26.3 in /zhome/8d/a/147395/miniconda3/envs/src/lib/python3.11/site-packages (from src==0.0.1) (1.26.3)
Requirement already satisfied: omegaconf==2.3.0 in /zhome/8d/a/147395/miniconda3/envs/src/lib/python3.11/site-packages (from src==0.0.1) (2.3.0)
Requirement already satisfied: prometheus-fastapi-instrumentator==6.1.0 in /zhome/8d/a/147395/miniconda3/envs/src/lib/python3.11/site-packages (from src==0.0.1) (6.1.0)
Requirement already satisfied: pydantic==2.5.3 in /zhome/8d/a/147395/miniconda3/envs/src/lib/python3.11/site-packages (from src==0.0.1) (2.5.3)
Requirement already satisfied: pytest==7.4.4 in /zhome/8d/a/147395/miniconda3/envs/src/lib/python3.11/site-packages (from src==0.0.1) (7.4.4)
Requirement already satisfied: pytorch-lightning==2.1.3 in /zhome/8d/a/147395/miniconda3/envs/src/lib/python3.11/site-packages (from src==0.0.1) (2.1.3)
Requirement already satisfied: Requests==2.31.0 in /zhome/8d/a/147395/miniconda3/envs/src/lib/python3.11/site-packages (from src==0.0.1) (2.31.0)
Requirement already satisfied: scikit-learn==1.3.2 in /zhome/8d/a/147395/miniconda3/envs/src/lib/python3.11/site-packages (from src==0.0.1) (1.3.2)
Requirement already satisfied: torch==2.1.2 in /zhome/8d/a/147395/miniconda3/envs/src/lib/python3.11/site-packages (from src==0.0.1) (2.1.2)
Requirement already satisfied: Flask<3.1,>=1.0.4 in /zhome/8d/a/147395/miniconda3/envs/src/lib/python3.11/site-packages (from dash==2.14.2->src==0.0.1) (3.0.2)
Requirement already satisfied: Werkzeug<3.1 in /zhome/8d/a/147395/miniconda3/envs/src/lib/python3.11/site-packages (from dash==2.14.2->src==0.0.1) (3.0.1)
Requirement already satisfied: plotly>=5.0.0 in /zhome/8d/a/147395/miniconda3/envs/src/lib/python3.11/site-packages (from dash==2.14.2->src==0.0.1) (5.20.0)
Requirement already satisfied: dash-html-components==2.0.0 in /zhome/8d/a/147395/miniconda3/envs/src/lib/python3.11/site-packages (from dash==2.14.2->src==0.0.1) (2.0.0)
Requirement already satisfied: dash-core-components==2.0.0 in /zhome/8d/a/147395/miniconda3/envs/src/lib/python3.11/site-packages (from dash==2.14.2->src==0.0.1) (2.0.0)
Requirement already satisfied: dash-table==5.0.0 in /zhome/8d/a/147395/miniconda3/envs/src/lib/python3.11/site-packages (from dash==2.14.2->src==0.0.1) (5.0.0)
Requirement already satisfied: typing-extensions>=4.1.1 in /zhome/8d/a/147395/miniconda3/envs/src/lib/python3.11/site-packages (from dash==2.14.2->src==0.0.1) (4.10.0)
Requirement already satisfied: retrying in /zhome/8d/a/147395/miniconda3/envs/src/lib/python3.11/site-packages (from dash==2.14.2->src==0.0.1) (1.3.4)
Requirement already satisfied: ansi2html in /zhome/8d/a/147395/miniconda3/envs/src/lib/python3.11/site-packages (from dash==2.14.2->src==0.0.1) (1.9.1)
Requirement already satisfied: nest-asyncio in /zhome/8d/a/147395/miniconda3/envs/src/lib/python3.11/site-packages (from dash==2.14.2->src==0.0.1) (1.6.0)
Requirement already satisfied: setuptools in /zhome/8d/a/147395/miniconda3/envs/src/lib/python3.11/site-packages (from dash==2.14.2->src==0.0.1) (69.2.0)
Requirement already satisfied: importlib-metadata in /zhome/8d/a/147395/miniconda3/envs/src/lib/python3.11/site-packages (from dash==2.14.2->src==0.0.1) (7.0.2)
Requirement already satisfied: filelock in /zhome/8d/a/147395/miniconda3/envs/src/lib/python3.11/site-packages (from datasets==2.16.1->src==0.0.1) (3.13.1)
Requirement already satisfied: pyarrow>=8.0.0 in /zhome/8d/a/147395/miniconda3/envs/src/lib/python3.11/site-packages (from datasets==2.16.1->src==0.0.1) (15.0.1)
Requirement already satisfied: pyarrow-hotfix in /zhome/8d/a/147395/miniconda3/envs/src/lib/python3.11/site-packages (from datasets==2.16.1->src==0.0.1) (0.6)
Requirement already satisfied: dill<0.3.8,>=0.3.0 in /zhome/8d/a/147395/miniconda3/envs/src/lib/python3.11/site-packages (from datasets==2.16.1->src==0.0.1) (0.3.7)
Requirement already satisfied: pandas in /zhome/8d/a/147395/miniconda3/envs/src/lib/python3.11/site-packages (from datasets==2.16.1->src==0.0.1) (2.2.1)
Requirement already satisfied: tqdm>=4.62.1 in /zhome/8d/a/147395/miniconda3/envs/src/lib/python3.11/site-packages (from datasets==2.16.1->src==0.0.1) (4.66.2)
Requirement already satisfied: xxhash in /zhome/8d/a/147395/miniconda3/envs/src/lib/python3.11/site-packages (from datasets==2.16.1->src==0.0.1) (3.4.1)
Requirement already satisfied: multiprocess in /zhome/8d/a/147395/miniconda3/envs/src/lib/python3.11/site-packages (from datasets==2.16.1->src==0.0.1) (0.70.15)
Requirement already satisfied: fsspec<=2023.10.0,>=2023.1.0 in /zhome/8d/a/147395/miniconda3/envs/src/lib/python3.11/site-packages (from fsspec[http]<=2023.10.0,>=2023.1.0->datasets==2.16.1->src==0.0.1) (2023.10.0)
Requirement already satisfied: aiohttp in /zhome/8d/a/147395/miniconda3/envs/src/lib/python3.11/site-packages (from datasets==2.16.1->src==0.0.1) (3.9.3)
Requirement already satisfied: huggingface-hub>=0.19.4 in /zhome/8d/a/147395/miniconda3/envs/src/lib/python3.11/site-packages (from datasets==2.16.1->src==0.0.1) (0.21.4)
Requirement already satisfied: packaging in /zhome/8d/a/147395/miniconda3/envs/src/lib/python3.11/site-packages (from datasets==2.16.1->src==0.0.1) (24.0)
Requirement already satisfied: pyyaml>=5.1 in /zhome/8d/a/147395/miniconda3/envs/src/lib/python3.11/site-packages (from datasets==2.16.1->src==0.0.1) (6.0.1)
Requirement already satisfied: starlette<0.36.0,>=0.35.0 in /zhome/8d/a/147395/miniconda3/envs/src/lib/python3.11/site-packages (from fastapi==0.109.0->src==0.0.1) (0.35.1)
Requirement already satisfied: transformers<5.0.0,>=4.30.1 in /zhome/8d/a/147395/miniconda3/envs/src/lib/python3.11/site-packages (from happytransformer==3.0.0->src==0.0.1) (4.38.2)
Requirement already satisfied: sentencepiece in /zhome/8d/a/147395/miniconda3/envs/src/lib/python3.11/site-packages (from happytransformer==3.0.0->src==0.0.1) (0.2.0)
Requirement already satisfied: protobuf in /zhome/8d/a/147395/miniconda3/envs/src/lib/python3.11/site-packages (from happytransformer==3.0.0->src==0.0.1) (4.25.3)
Requirement already satisfied: accelerate<1.0.0,>=0.20.1 in /zhome/8d/a/147395/miniconda3/envs/src/lib/python3.11/site-packages (from happytransformer==3.0.0->src==0.0.1) (0.28.0)
Requirement already satisfied: tokenizers<1.0.0,>=0.13.3 in /zhome/8d/a/147395/miniconda3/envs/src/lib/python3.11/site-packages (from happytransformer==3.0.0->src==0.0.1) (0.15.2)
Requirement already satisfied: wandb in /zhome/8d/a/147395/miniconda3/envs/src/lib/python3.11/site-packages (from happytransformer==3.0.0->src==0.0.1) (0.16.4)
Requirement already satisfied: antlr4-python3-runtime==4.9.* in /zhome/8d/a/147395/miniconda3/envs/src/lib/python3.11/site-packages (from hydra-core==1.3.2->src==0.0.1) (4.9.3)
Requirement already satisfied: contourpy>=1.0.1 in /zhome/8d/a/147395/miniconda3/envs/src/lib/python3.11/site-packages (from matplotlib==3.8.2->src==0.0.1) (1.2.0)
Requirement already satisfied: cycler>=0.10 in /zhome/8d/a/147395/miniconda3/envs/src/lib/python3.11/site-packages (from matplotlib==3.8.2->src==0.0.1) (0.12.1)
Requirement already satisfied: fonttools>=4.22.0 in /zhome/8d/a/147395/miniconda3/envs/src/lib/python3.11/site-packages (from matplotlib==3.8.2->src==0.0.1) (4.49.0)
Requirement already satisfied: kiwisolver>=1.3.1 in /zhome/8d/a/147395/miniconda3/envs/src/lib/python3.11/site-packages (from matplotlib==3.8.2->src==0.0.1) (1.4.5)
Requirement already satisfied: pillow>=8 in /zhome/8d/a/147395/miniconda3/envs/src/lib/python3.11/site-packages (from matplotlib==3.8.2->src==0.0.1) (10.2.0)
Requirement already satisfied: pyparsing>=2.3.1 in /zhome/8d/a/147395/miniconda3/envs/src/lib/python3.11/site-packages (from matplotlib==3.8.2->src==0.0.1) (3.1.2)
Requirement already satisfied: python-dateutil>=2.7 in /zhome/8d/a/147395/miniconda3/envs/src/lib/python3.11/site-packages (from matplotlib==3.8.2->src==0.0.1) (2.9.0.post0)
Requirement already satisfied: prometheus-client<1.0.0,>=0.8.0 in /zhome/8d/a/147395/miniconda3/envs/src/lib/python3.11/site-packages (from prometheus-fastapi-instrumentator==6.1.0->src==0.0.1) (0.20.0)
Requirement already satisfied: annotated-types>=0.4.0 in /zhome/8d/a/147395/miniconda3/envs/src/lib/python3.11/site-packages (from pydantic==2.5.3->src==0.0.1) (0.6.0)
Requirement already satisfied: pydantic-core==2.14.6 in /zhome/8d/a/147395/miniconda3/envs/src/lib/python3.11/site-packages (from pydantic==2.5.3->src==0.0.1) (2.14.6)
Requirement already satisfied: iniconfig in /zhome/8d/a/147395/miniconda3/envs/src/lib/python3.11/site-packages (from pytest==7.4.4->src==0.0.1) (2.0.0)
Requirement already satisfied: pluggy<2.0,>=0.12 in /zhome/8d/a/147395/miniconda3/envs/src/lib/python3.11/site-packages (from pytest==7.4.4->src==0.0.1) (1.4.0)
Requirement already satisfied: torchmetrics>=0.7.0 in /zhome/8d/a/147395/miniconda3/envs/src/lib/python3.11/site-packages (from pytorch-lightning==2.1.3->src==0.0.1) (1.3.1)
Requirement already satisfied: lightning-utilities>=0.8.0 in /zhome/8d/a/147395/miniconda3/envs/src/lib/python3.11/site-packages (from pytorch-lightning==2.1.3->src==0.0.1) (0.10.1)
Requirement already satisfied: charset-normalizer<4,>=2 in /zhome/8d/a/147395/miniconda3/envs/src/lib/python3.11/site-packages (from Requests==2.31.0->src==0.0.1) (3.3.2)
Requirement already satisfied: idna<4,>=2.5 in /zhome/8d/a/147395/miniconda3/envs/src/lib/python3.11/site-packages (from Requests==2.31.0->src==0.0.1) (3.6)
Requirement already satisfied: urllib3<3,>=1.21.1 in /zhome/8d/a/147395/miniconda3/envs/src/lib/python3.11/site-packages (from Requests==2.31.0->src==0.0.1) (2.2.1)
Requirement already satisfied: certifi>=2017.4.17 in /zhome/8d/a/147395/miniconda3/envs/src/lib/python3.11/site-packages (from Requests==2.31.0->src==0.0.1) (2024.2.2)
Requirement already satisfied: scipy>=1.5.0 in /zhome/8d/a/147395/miniconda3/envs/src/lib/python3.11/site-packages (from scikit-learn==1.3.2->src==0.0.1) (1.12.0)
Requirement already satisfied: joblib>=1.1.1 in /zhome/8d/a/147395/miniconda3/envs/src/lib/python3.11/site-packages (from scikit-learn==1.3.2->src==0.0.1) (1.3.2)
Requirement already satisfied: threadpoolctl>=2.0.0 in /zhome/8d/a/147395/miniconda3/envs/src/lib/python3.11/site-packages (from scikit-learn==1.3.2->src==0.0.1) (3.3.0)
Requirement already satisfied: sympy in /zhome/8d/a/147395/miniconda3/envs/src/lib/python3.11/site-packages (from torch==2.1.2->src==0.0.1) (1.12)
Requirement already satisfied: networkx in /zhome/8d/a/147395/miniconda3/envs/src/lib/python3.11/site-packages (from torch==2.1.2->src==0.0.1) (3.2.1)
Requirement already satisfied: jinja2 in /zhome/8d/a/147395/miniconda3/envs/src/lib/python3.11/site-packages (from torch==2.1.2->src==0.0.1) (3.1.3)
Requirement already satisfied: nvidia-cuda-nvrtc-cu12==12.1.105 in /zhome/8d/a/147395/miniconda3/envs/src/lib/python3.11/site-packages (from torch==2.1.2->src==0.0.1) (12.1.105)
Requirement already satisfied: nvidia-cuda-runtime-cu12==12.1.105 in /zhome/8d/a/147395/miniconda3/envs/src/lib/python3.11/site-packages (from torch==2.1.2->src==0.0.1) (12.1.105)
Requirement already satisfied: nvidia-cuda-cupti-cu12==12.1.105 in /zhome/8d/a/147395/miniconda3/envs/src/lib/python3.11/site-packages (from torch==2.1.2->src==0.0.1) (12.1.105)
Requirement already satisfied: nvidia-cudnn-cu12==8.9.2.26 in /zhome/8d/a/147395/miniconda3/envs/src/lib/python3.11/site-packages (from torch==2.1.2->src==0.0.1) (8.9.2.26)
Requirement already satisfied: nvidia-cublas-cu12==12.1.3.1 in /zhome/8d/a/147395/miniconda3/envs/src/lib/python3.11/site-packages (from torch==2.1.2->src==0.0.1) (12.1.3.1)
Requirement already satisfied: nvidia-cufft-cu12==11.0.2.54 in /zhome/8d/a/147395/miniconda3/envs/src/lib/python3.11/site-packages (from torch==2.1.2->src==0.0.1) (11.0.2.54)
Requirement already satisfied: nvidia-curand-cu12==10.3.2.106 in /zhome/8d/a/147395/miniconda3/envs/src/lib/python3.11/site-packages (from torch==2.1.2->src==0.0.1) (10.3.2.106)
Requirement already satisfied: nvidia-cusolver-cu12==11.4.5.107 in /zhome/8d/a/147395/miniconda3/envs/src/lib/python3.11/site-packages (from torch==2.1.2->src==0.0.1) (11.4.5.107)
Requirement already satisfied: nvidia-cusparse-cu12==12.1.0.106 in /zhome/8d/a/147395/miniconda3/envs/src/lib/python3.11/site-packages (from torch==2.1.2->src==0.0.1) (12.1.0.106)
Requirement already satisfied: nvidia-nccl-cu12==2.18.1 in /zhome/8d/a/147395/miniconda3/envs/src/lib/python3.11/site-packages (from torch==2.1.2->src==0.0.1) (2.18.1)
Requirement already satisfied: nvidia-nvtx-cu12==12.1.105 in /zhome/8d/a/147395/miniconda3/envs/src/lib/python3.11/site-packages (from torch==2.1.2->src==0.0.1) (12.1.105)
Requirement already satisfied: triton==2.1.0 in /zhome/8d/a/147395/miniconda3/envs/src/lib/python3.11/site-packages (from torch==2.1.2->src==0.0.1) (2.1.0)
Requirement already satisfied: nvidia-nvjitlink-cu12 in /zhome/8d/a/147395/miniconda3/envs/src/lib/python3.11/site-packages (from nvidia-cusolver-cu12==11.4.5.107->torch==2.1.2->src==0.0.1) (12.4.99)
Requirement already satisfied: psutil in /zhome/8d/a/147395/miniconda3/envs/src/lib/python3.11/site-packages (from accelerate<1.0.0,>=0.20.1->happytransformer==3.0.0->src==0.0.1) (5.9.8)
Requirement already satisfied: safetensors>=0.3.1 in /zhome/8d/a/147395/miniconda3/envs/src/lib/python3.11/site-packages (from accelerate<1.0.0,>=0.20.1->happytransformer==3.0.0->src==0.0.1) (0.4.2)
Requirement already satisfied: itsdangerous>=2.1.2 in /zhome/8d/a/147395/miniconda3/envs/src/lib/python3.11/site-packages (from Flask<3.1,>=1.0.4->dash==2.14.2->src==0.0.1) (2.1.2)
Requirement already satisfied: blinker>=1.6.2 in /zhome/8d/a/147395/miniconda3/envs/src/lib/python3.11/site-packages (from Flask<3.1,>=1.0.4->dash==2.14.2->src==0.0.1) (1.7.0)
Requirement already satisfied: aiosignal>=1.1.2 in /zhome/8d/a/147395/miniconda3/envs/src/lib/python3.11/site-packages (from aiohttp->datasets==2.16.1->src==0.0.1) (1.3.1)
Requirement already satisfied: attrs>=17.3.0 in /zhome/8d/a/147395/miniconda3/envs/src/lib/python3.11/site-packages (from aiohttp->datasets==2.16.1->src==0.0.1) (23.2.0)
Requirement already satisfied: frozenlist>=1.1.1 in /zhome/8d/a/147395/miniconda3/envs/src/lib/python3.11/site-packages (from aiohttp->datasets==2.16.1->src==0.0.1) (1.4.1)
Requirement already satisfied: multidict<7.0,>=4.5 in /zhome/8d/a/147395/miniconda3/envs/src/lib/python3.11/site-packages (from aiohttp->datasets==2.16.1->src==0.0.1) (6.0.5)
Requirement already satisfied: yarl<2.0,>=1.0 in /zhome/8d/a/147395/miniconda3/envs/src/lib/python3.11/site-packages (from aiohttp->datasets==2.16.1->src==0.0.1) (1.9.4)
Requirement already satisfied: MarkupSafe>=2.0 in /zhome/8d/a/147395/miniconda3/envs/src/lib/python3.11/site-packages (from jinja2->torch==2.1.2->src==0.0.1) (2.1.5)
Requirement already satisfied: tenacity>=6.2.0 in /zhome/8d/a/147395/miniconda3/envs/src/lib/python3.11/site-packages (from plotly>=5.0.0->dash==2.14.2->src==0.0.1) (8.2.3)
Requirement already satisfied: six>=1.5 in /zhome/8d/a/147395/miniconda3/envs/src/lib/python3.11/site-packages (from python-dateutil>=2.7->matplotlib==3.8.2->src==0.0.1) (1.16.0)
Requirement already satisfied: anyio<5,>=3.4.0 in /zhome/8d/a/147395/miniconda3/envs/src/lib/python3.11/site-packages (from starlette<0.36.0,>=0.35.0->fastapi==0.109.0->src==0.0.1) (4.3.0)
Requirement already satisfied: regex!=2019.12.17 in /zhome/8d/a/147395/miniconda3/envs/src/lib/python3.11/site-packages (from transformers<5.0.0,>=4.30.1->happytransformer==3.0.0->src==0.0.1) (2023.12.25)
Requirement already satisfied: zipp>=0.5 in /zhome/8d/a/147395/miniconda3/envs/src/lib/python3.11/site-packages (from importlib-metadata->dash==2.14.2->src==0.0.1) (3.18.1)
Requirement already satisfied: pytz>=2020.1 in /zhome/8d/a/147395/miniconda3/envs/src/lib/python3.11/site-packages (from pandas->datasets==2.16.1->src==0.0.1) (2024.1)
Requirement already satisfied: tzdata>=2022.7 in /zhome/8d/a/147395/miniconda3/envs/src/lib/python3.11/site-packages (from pandas->datasets==2.16.1->src==0.0.1) (2024.1)
Requirement already satisfied: mpmath>=0.19 in /zhome/8d/a/147395/miniconda3/envs/src/lib/python3.11/site-packages (from sympy->torch==2.1.2->src==0.0.1) (1.3.0)
Requirement already satisfied: GitPython!=3.1.29,>=1.0.0 in /zhome/8d/a/147395/miniconda3/envs/src/lib/python3.11/site-packages (from wandb->happytransformer==3.0.0->src==0.0.1) (3.1.42)
Requirement already satisfied: sentry-sdk>=1.0.0 in /zhome/8d/a/147395/miniconda3/envs/src/lib/python3.11/site-packages (from wandb->happytransformer==3.0.0->src==0.0.1) (1.42.0)
Requirement already satisfied: docker-pycreds>=0.4.0 in /zhome/8d/a/147395/miniconda3/envs/src/lib/python3.11/site-packages (from wandb->happytransformer==3.0.0->src==0.0.1) (0.4.0)
Requirement already satisfied: setproctitle in /zhome/8d/a/147395/miniconda3/envs/src/lib/python3.11/site-packages (from wandb->happytransformer==3.0.0->src==0.0.1) (1.3.3)
Requirement already satisfied: appdirs>=1.4.3 in /zhome/8d/a/147395/miniconda3/envs/src/lib/python3.11/site-packages (from wandb->happytransformer==3.0.0->src==0.0.1) (1.4.4)
Requirement already satisfied: sniffio>=1.1 in /zhome/8d/a/147395/miniconda3/envs/src/lib/python3.11/site-packages (from anyio<5,>=3.4.0->starlette<0.36.0,>=0.35.0->fastapi==0.109.0->src==0.0.1) (1.3.1)
Requirement already satisfied: gitdb<5,>=4.0.1 in /zhome/8d/a/147395/miniconda3/envs/src/lib/python3.11/site-packages (from GitPython!=3.1.29,>=1.0.0->wandb->happytransformer==3.0.0->src==0.0.1) (4.0.11)
Requirement already satisfied: smmap<6,>=3.0.1 in /zhome/8d/a/147395/miniconda3/envs/src/lib/python3.11/site-packages (from gitdb<5,>=4.0.1->GitPython!=3.1.29,>=1.0.0->wandb->happytransformer==3.0.0->src==0.0.1) (5.0.1)
Building wheels for collected packages: src
  Building editable for src (pyproject.toml): started
  Building editable for src (pyproject.toml): finished with status 'done'
  Created wheel for src: filename=src-0.0.1-0.editable-py3-none-any.whl size=5176 sha256=2e7737d51b15646ce3e3f4b4cc68ac2a069a5e79805e13de58bde97c76936898
  Stored in directory: /tmp/pip-ephem-wheel-cache-ml40l3q2/wheels/ae/c7/09/8359ed311d0e920038a9546136bc0708deb92b3fc3104415bb
Successfully built src
Installing collected packages: src
  Attempting uninstall: src
    Found existing installation: src 0.0.1
    Uninstalling src-0.0.1:
      Successfully uninstalled src-0.0.1
Successfully installed src-0.0.1
python src/train_model.py
[2024-03-15 14:00:21,307][happytransformer.happy_transformer][INFO] - Using device: cuda:0
[2024-03-15 14:00:21,329][root][INFO] - Training model...
[2024-03-15 14:00:22,076][happytransformer.happy_transformer][INFO] - Tokenizing training data...
[2024-03-15 14:00:23,994][happytransformer.happy_transformer][INFO] - Moving model to cuda:0
[2024-03-15 14:00:24,511][accelerate.utils.other][WARNING] - Detected kernel version 5.4.268, which is below the recommended minimum of 5.5.0; this can cause the process to hang. It is recommended to upgrade the kernel to the minimum version or higher.
{'loss': 2.2749, 'grad_norm': 4.740054130554199, 'learning_rate': 0.0009901960784313726, 'epoch': 0.01}
{'eval_loss': 2.0515501499176025, 'eval_runtime': 0.509, 'eval_samples_per_second': 176.83, 'eval_steps_per_second': 23.577, 'epoch': 0.01}
{'loss': 2.0731, 'grad_norm': 3.1113955974578857, 'learning_rate': 0.0008921568627450981, 'epoch': 0.11}
{'eval_loss': 1.7666056156158447, 'eval_runtime': 0.4773, 'eval_samples_per_second': 188.562, 'eval_steps_per_second': 25.142, 'epoch': 0.11}
{'loss': 1.9722, 'grad_norm': 5.053194999694824, 'learning_rate': 0.000784313725490196, 'epoch': 0.22}
{'eval_loss': 1.795377254486084, 'eval_runtime': 0.4776, 'eval_samples_per_second': 188.438, 'eval_steps_per_second': 25.125, 'epoch': 0.22}
{'loss': 1.602, 'grad_norm': 2.9375903606414795, 'learning_rate': 0.0006764705882352942, 'epoch': 0.32}
{'eval_loss': 1.9249387979507446, 'eval_runtime': 0.4799, 'eval_samples_per_second': 187.523, 'eval_steps_per_second': 25.003, 'epoch': 0.32}
{'loss': 1.6596, 'grad_norm': 2.8873705863952637, 'learning_rate': 0.0005686274509803922, 'epoch': 0.43}
{'eval_loss': 1.85898756980896, 'eval_runtime': 0.4852, 'eval_samples_per_second': 185.498, 'eval_steps_per_second': 24.733, 'epoch': 0.43}
{'loss': 1.771, 'grad_norm': 3.5809216499328613, 'learning_rate': 0.0004607843137254902, 'epoch': 0.54}
{'eval_loss': 1.8252148628234863, 'eval_runtime': 0.4796, 'eval_samples_per_second': 187.661, 'eval_steps_per_second': 25.021, 'epoch': 0.54}
{'loss': 1.8965, 'grad_norm': 2.5331521034240723, 'learning_rate': 0.00035294117647058826, 'epoch': 0.65}
{'eval_loss': 1.7801591157913208, 'eval_runtime': 0.4773, 'eval_samples_per_second': 188.541, 'eval_steps_per_second': 25.139, 'epoch': 0.65}
{'loss': 1.6908, 'grad_norm': 2.6979384422302246, 'learning_rate': 0.00024509803921568627, 'epoch': 0.75}
{'eval_loss': 1.7812652587890625, 'eval_runtime': 0.4786, 'eval_samples_per_second': 188.058, 'eval_steps_per_second': 25.074, 'epoch': 0.75}
{'loss': 1.7347, 'grad_norm': 3.1672751903533936, 'learning_rate': 0.00013725490196078434, 'epoch': 0.86}
{'eval_loss': 1.77213454246521, 'eval_runtime': 0.4847, 'eval_samples_per_second': 185.701, 'eval_steps_per_second': 24.76, 'epoch': 0.86}
{'loss': 1.7599, 'grad_norm': 2.927464008331299, 'learning_rate': 2.9411764705882354e-05, 'epoch': 0.97}
{'eval_loss': 1.7782527208328247, 'eval_runtime': 0.4855, 'eval_samples_per_second': 185.389, 'eval_steps_per_second': 24.718, 'epoch': 0.97}
{'train_runtime': 22.1865, 'train_samples_per_second': 36.509, 'train_steps_per_second': 4.597, 'train_loss': 1.8093770158057119, 'epoch': 1.0}
[2024-03-15 14:00:46,861][root][INFO] - Training complete.
[2024-03-15 14:00:49,560][root][INFO] - Model saved to models/model/
