Fri Mar 29 09:07:27 2024       
+-----------------------------------------------------------------------------------------+
| NVIDIA-SMI 550.54.14              Driver Version: 550.54.14      CUDA Version: 12.4     |
|-----------------------------------------+------------------------+----------------------+
| GPU  Name                 Persistence-M | Bus-Id          Disp.A | Volatile Uncorr. ECC |
| Fan  Temp   Perf          Pwr:Usage/Cap |           Memory-Usage | GPU-Util  Compute M. |
|                                         |                        |               MIG M. |
|=========================================+========================+======================|
|   0  Tesla V100-PCIE-32GB           On  |   00000000:58:00.0 Off |                    0 |
| N/A   30C    P0             28W /  250W |       0MiB /  32768MiB |      0%   E. Process |
|                                         |                        |                  N/A |
+-----------------------------------------+------------------------+----------------------+
                                                                                         
+-----------------------------------------------------------------------------------------+
| Processes:                                                                              |
|  GPU   GI   CI        PID   Type   Process name                              GPU Memory |
|        ID   ID                                                               Usage      |
|=========================================================================================|
|  No running processes found                                                             |
+-----------------------------------------------------------------------------------------+
/appl/cuda/11.6.0/samples/bin/x86_64/linux/release/deviceQuery Starting...

 CUDA Device Query (Runtime API) version (CUDART static linking)

Detected 1 CUDA Capable device(s)

Device 0: "Tesla V100-PCIE-32GB"
  CUDA Driver Version / Runtime Version          12.4 / 11.6
  CUDA Capability Major/Minor version number:    7.0
  Total amount of global memory:                 32494 MBytes (34072559616 bytes)
  (080) Multiprocessors, (064) CUDA Cores/MP:    5120 CUDA Cores
  GPU Max Clock rate:                            1380 MHz (1.38 GHz)
  Memory Clock rate:                             877 Mhz
  Memory Bus Width:                              4096-bit
  L2 Cache Size:                                 6291456 bytes
  Maximum Texture Dimension Size (x,y,z)         1D=(131072), 2D=(131072, 65536), 3D=(16384, 16384, 16384)
  Maximum Layered 1D Texture Size, (num) layers  1D=(32768), 2048 layers
  Maximum Layered 2D Texture Size, (num) layers  2D=(32768, 32768), 2048 layers
  Total amount of constant memory:               65536 bytes
  Total amount of shared memory per block:       49152 bytes
  Total shared memory per multiprocessor:        98304 bytes
  Total number of registers available per block: 65536
  Warp size:                                     32
  Maximum number of threads per multiprocessor:  2048
  Maximum number of threads per block:           1024
  Max dimension size of a thread block (x,y,z): (1024, 1024, 64)
  Max dimension size of a grid size    (x,y,z): (2147483647, 65535, 65535)
  Maximum memory pitch:                          2147483647 bytes
  Texture alignment:                             512 bytes
  Concurrent copy and kernel execution:          Yes with 7 copy engine(s)
  Run time limit on kernels:                     No
  Integrated GPU sharing Host Memory:            No
  Support host page-locked memory mapping:       Yes
  Alignment requirement for Surfaces:            Yes
  Device has ECC support:                        Enabled
  Device supports Unified Addressing (UVA):      Yes
  Device supports Managed Memory:                Yes
  Device supports Compute Preemption:            Yes
  Supports Cooperative Kernel Launch:            Yes
  Supports MultiDevice Co-op Kernel Launch:      Yes
  Device PCI Domain ID / Bus ID / location ID:   0 / 88 / 0
  Compute Mode:
     < Exclusive Process (many threads in one process is able to use ::cudaSetDevice() with this device) >

deviceQuery, CUDA Driver = CUDART, CUDA Driver Version = 12.4, CUDA Runtime Version = 11.6, NumDevs = 1
Result = PASS
Starting executable...
Running: conda init and script
python -m pip install -U pip setuptools wheel
Requirement already satisfied: pip in /zhome/8d/a/147395/miniconda3/envs/src/lib/python3.11/site-packages (24.0)
Requirement already satisfied: setuptools in /zhome/8d/a/147395/miniconda3/envs/src/lib/python3.11/site-packages (69.2.0)
Requirement already satisfied: wheel in /zhome/8d/a/147395/miniconda3/envs/src/lib/python3.11/site-packages (0.43.0)
python -m pip install -r requirements.txt
Requirement already satisfied: click==8.1.7 in /zhome/8d/a/147395/miniconda3/envs/src/lib/python3.11/site-packages (from -r requirements.txt (line 1)) (8.1.7)
Requirement already satisfied: dash==2.14.2 in /zhome/8d/a/147395/miniconda3/envs/src/lib/python3.11/site-packages (from -r requirements.txt (line 2)) (2.14.2)
Requirement already satisfied: datasets==2.16.1 in /zhome/8d/a/147395/miniconda3/envs/src/lib/python3.11/site-packages (from -r requirements.txt (line 3)) (2.16.1)
Requirement already satisfied: fastapi==0.109.0 in /zhome/8d/a/147395/miniconda3/envs/src/lib/python3.11/site-packages (from -r requirements.txt (line 4)) (0.109.0)
Requirement already satisfied: happytransformer==3.0.0 in /zhome/8d/a/147395/miniconda3/envs/src/lib/python3.11/site-packages (from -r requirements.txt (line 5)) (3.0.0)
Requirement already satisfied: hydra-core==1.3.2 in /zhome/8d/a/147395/miniconda3/envs/src/lib/python3.11/site-packages (from -r requirements.txt (line 6)) (1.3.2)
Requirement already satisfied: Markdown==3.5.1 in /zhome/8d/a/147395/miniconda3/envs/src/lib/python3.11/site-packages (from -r requirements.txt (line 7)) (3.5.1)
Requirement already satisfied: matplotlib==3.8.2 in /zhome/8d/a/147395/miniconda3/envs/src/lib/python3.11/site-packages (from -r requirements.txt (line 8)) (3.8.2)
Requirement already satisfied: numpy==1.26.3 in /zhome/8d/a/147395/miniconda3/envs/src/lib/python3.11/site-packages (from -r requirements.txt (line 9)) (1.26.3)
Requirement already satisfied: omegaconf==2.3.0 in /zhome/8d/a/147395/miniconda3/envs/src/lib/python3.11/site-packages (from -r requirements.txt (line 10)) (2.3.0)
Requirement already satisfied: prometheus_fastapi_instrumentator==6.1.0 in /zhome/8d/a/147395/miniconda3/envs/src/lib/python3.11/site-packages (from -r requirements.txt (line 11)) (6.1.0)
Requirement already satisfied: pydantic==2.5.3 in /zhome/8d/a/147395/miniconda3/envs/src/lib/python3.11/site-packages (from -r requirements.txt (line 12)) (2.5.3)
Requirement already satisfied: pytest==7.4.4 in /zhome/8d/a/147395/miniconda3/envs/src/lib/python3.11/site-packages (from -r requirements.txt (line 13)) (7.4.4)
Requirement already satisfied: pytorch_lightning==2.1.3 in /zhome/8d/a/147395/miniconda3/envs/src/lib/python3.11/site-packages (from -r requirements.txt (line 14)) (2.1.3)
Requirement already satisfied: Requests==2.31.0 in /zhome/8d/a/147395/miniconda3/envs/src/lib/python3.11/site-packages (from -r requirements.txt (line 15)) (2.31.0)
Requirement already satisfied: scikit_learn==1.3.2 in /zhome/8d/a/147395/miniconda3/envs/src/lib/python3.11/site-packages (from -r requirements.txt (line 16)) (1.3.2)
Requirement already satisfied: torch==2.1.2 in /zhome/8d/a/147395/miniconda3/envs/src/lib/python3.11/site-packages (from -r requirements.txt (line 17)) (2.1.2)
Requirement already satisfied: Flask<3.1,>=1.0.4 in /zhome/8d/a/147395/miniconda3/envs/src/lib/python3.11/site-packages (from dash==2.14.2->-r requirements.txt (line 2)) (3.0.2)
Requirement already satisfied: Werkzeug<3.1 in /zhome/8d/a/147395/miniconda3/envs/src/lib/python3.11/site-packages (from dash==2.14.2->-r requirements.txt (line 2)) (3.0.1)
Requirement already satisfied: plotly>=5.0.0 in /zhome/8d/a/147395/miniconda3/envs/src/lib/python3.11/site-packages (from dash==2.14.2->-r requirements.txt (line 2)) (5.20.0)
Requirement already satisfied: dash-html-components==2.0.0 in /zhome/8d/a/147395/miniconda3/envs/src/lib/python3.11/site-packages (from dash==2.14.2->-r requirements.txt (line 2)) (2.0.0)
Requirement already satisfied: dash-core-components==2.0.0 in /zhome/8d/a/147395/miniconda3/envs/src/lib/python3.11/site-packages (from dash==2.14.2->-r requirements.txt (line 2)) (2.0.0)
Requirement already satisfied: dash-table==5.0.0 in /zhome/8d/a/147395/miniconda3/envs/src/lib/python3.11/site-packages (from dash==2.14.2->-r requirements.txt (line 2)) (5.0.0)
Requirement already satisfied: typing-extensions>=4.1.1 in /zhome/8d/a/147395/miniconda3/envs/src/lib/python3.11/site-packages (from dash==2.14.2->-r requirements.txt (line 2)) (4.10.0)
Requirement already satisfied: retrying in /zhome/8d/a/147395/miniconda3/envs/src/lib/python3.11/site-packages (from dash==2.14.2->-r requirements.txt (line 2)) (1.3.4)
Requirement already satisfied: ansi2html in /zhome/8d/a/147395/miniconda3/envs/src/lib/python3.11/site-packages (from dash==2.14.2->-r requirements.txt (line 2)) (1.9.1)
Requirement already satisfied: nest-asyncio in /zhome/8d/a/147395/miniconda3/envs/src/lib/python3.11/site-packages (from dash==2.14.2->-r requirements.txt (line 2)) (1.6.0)
Requirement already satisfied: setuptools in /zhome/8d/a/147395/miniconda3/envs/src/lib/python3.11/site-packages (from dash==2.14.2->-r requirements.txt (line 2)) (69.2.0)
Requirement already satisfied: importlib-metadata in /zhome/8d/a/147395/miniconda3/envs/src/lib/python3.11/site-packages (from dash==2.14.2->-r requirements.txt (line 2)) (7.0.2)
Requirement already satisfied: filelock in /zhome/8d/a/147395/miniconda3/envs/src/lib/python3.11/site-packages (from datasets==2.16.1->-r requirements.txt (line 3)) (3.13.1)
Requirement already satisfied: pyarrow>=8.0.0 in /zhome/8d/a/147395/miniconda3/envs/src/lib/python3.11/site-packages (from datasets==2.16.1->-r requirements.txt (line 3)) (15.0.1)
Requirement already satisfied: pyarrow-hotfix in /zhome/8d/a/147395/miniconda3/envs/src/lib/python3.11/site-packages (from datasets==2.16.1->-r requirements.txt (line 3)) (0.6)
Requirement already satisfied: dill<0.3.8,>=0.3.0 in /zhome/8d/a/147395/miniconda3/envs/src/lib/python3.11/site-packages (from datasets==2.16.1->-r requirements.txt (line 3)) (0.3.7)
Requirement already satisfied: pandas in /zhome/8d/a/147395/miniconda3/envs/src/lib/python3.11/site-packages (from datasets==2.16.1->-r requirements.txt (line 3)) (2.2.1)
Requirement already satisfied: tqdm>=4.62.1 in /zhome/8d/a/147395/miniconda3/envs/src/lib/python3.11/site-packages (from datasets==2.16.1->-r requirements.txt (line 3)) (4.66.2)
Requirement already satisfied: xxhash in /zhome/8d/a/147395/miniconda3/envs/src/lib/python3.11/site-packages (from datasets==2.16.1->-r requirements.txt (line 3)) (3.4.1)
Requirement already satisfied: multiprocess in /zhome/8d/a/147395/miniconda3/envs/src/lib/python3.11/site-packages (from datasets==2.16.1->-r requirements.txt (line 3)) (0.70.15)
Requirement already satisfied: fsspec<=2023.10.0,>=2023.1.0 in /zhome/8d/a/147395/miniconda3/envs/src/lib/python3.11/site-packages (from fsspec[http]<=2023.10.0,>=2023.1.0->datasets==2.16.1->-r requirements.txt (line 3)) (2023.10.0)
Requirement already satisfied: aiohttp in /zhome/8d/a/147395/miniconda3/envs/src/lib/python3.11/site-packages (from datasets==2.16.1->-r requirements.txt (line 3)) (3.9.3)
Requirement already satisfied: huggingface-hub>=0.19.4 in /zhome/8d/a/147395/miniconda3/envs/src/lib/python3.11/site-packages (from datasets==2.16.1->-r requirements.txt (line 3)) (0.22.1)
Requirement already satisfied: packaging in /zhome/8d/a/147395/miniconda3/envs/src/lib/python3.11/site-packages (from datasets==2.16.1->-r requirements.txt (line 3)) (24.0)
Requirement already satisfied: pyyaml>=5.1 in /zhome/8d/a/147395/miniconda3/envs/src/lib/python3.11/site-packages (from datasets==2.16.1->-r requirements.txt (line 3)) (6.0.1)
Requirement already satisfied: starlette<0.36.0,>=0.35.0 in /zhome/8d/a/147395/miniconda3/envs/src/lib/python3.11/site-packages (from fastapi==0.109.0->-r requirements.txt (line 4)) (0.35.1)
Requirement already satisfied: transformers<5.0.0,>=4.30.1 in /zhome/8d/a/147395/miniconda3/envs/src/lib/python3.11/site-packages (from happytransformer==3.0.0->-r requirements.txt (line 5)) (4.38.0)
Requirement already satisfied: sentencepiece in /zhome/8d/a/147395/miniconda3/envs/src/lib/python3.11/site-packages (from happytransformer==3.0.0->-r requirements.txt (line 5)) (0.2.0)
Requirement already satisfied: protobuf in /zhome/8d/a/147395/miniconda3/envs/src/lib/python3.11/site-packages (from happytransformer==3.0.0->-r requirements.txt (line 5)) (4.25.3)
Requirement already satisfied: accelerate<1.0.0,>=0.20.1 in /zhome/8d/a/147395/miniconda3/envs/src/lib/python3.11/site-packages (from happytransformer==3.0.0->-r requirements.txt (line 5)) (0.26.1)
Requirement already satisfied: tokenizers<1.0.0,>=0.13.3 in /zhome/8d/a/147395/miniconda3/envs/src/lib/python3.11/site-packages (from happytransformer==3.0.0->-r requirements.txt (line 5)) (0.15.2)
Requirement already satisfied: wandb in /zhome/8d/a/147395/miniconda3/envs/src/lib/python3.11/site-packages (from happytransformer==3.0.0->-r requirements.txt (line 5)) (0.16.4)
Requirement already satisfied: antlr4-python3-runtime==4.9.* in /zhome/8d/a/147395/miniconda3/envs/src/lib/python3.11/site-packages (from hydra-core==1.3.2->-r requirements.txt (line 6)) (4.9.3)
Requirement already satisfied: contourpy>=1.0.1 in /zhome/8d/a/147395/miniconda3/envs/src/lib/python3.11/site-packages (from matplotlib==3.8.2->-r requirements.txt (line 8)) (1.2.0)
Requirement already satisfied: cycler>=0.10 in /zhome/8d/a/147395/miniconda3/envs/src/lib/python3.11/site-packages (from matplotlib==3.8.2->-r requirements.txt (line 8)) (0.12.1)
Requirement already satisfied: fonttools>=4.22.0 in /zhome/8d/a/147395/miniconda3/envs/src/lib/python3.11/site-packages (from matplotlib==3.8.2->-r requirements.txt (line 8)) (4.49.0)
Requirement already satisfied: kiwisolver>=1.3.1 in /zhome/8d/a/147395/miniconda3/envs/src/lib/python3.11/site-packages (from matplotlib==3.8.2->-r requirements.txt (line 8)) (1.4.5)
Requirement already satisfied: pillow>=8 in /zhome/8d/a/147395/miniconda3/envs/src/lib/python3.11/site-packages (from matplotlib==3.8.2->-r requirements.txt (line 8)) (10.2.0)
Requirement already satisfied: pyparsing>=2.3.1 in /zhome/8d/a/147395/miniconda3/envs/src/lib/python3.11/site-packages (from matplotlib==3.8.2->-r requirements.txt (line 8)) (3.1.2)
Requirement already satisfied: python-dateutil>=2.7 in /zhome/8d/a/147395/miniconda3/envs/src/lib/python3.11/site-packages (from matplotlib==3.8.2->-r requirements.txt (line 8)) (2.9.0.post0)
Requirement already satisfied: prometheus-client<1.0.0,>=0.8.0 in /zhome/8d/a/147395/miniconda3/envs/src/lib/python3.11/site-packages (from prometheus_fastapi_instrumentator==6.1.0->-r requirements.txt (line 11)) (0.20.0)
Requirement already satisfied: annotated-types>=0.4.0 in /zhome/8d/a/147395/miniconda3/envs/src/lib/python3.11/site-packages (from pydantic==2.5.3->-r requirements.txt (line 12)) (0.6.0)
Requirement already satisfied: pydantic-core==2.14.6 in /zhome/8d/a/147395/miniconda3/envs/src/lib/python3.11/site-packages (from pydantic==2.5.3->-r requirements.txt (line 12)) (2.14.6)
Requirement already satisfied: iniconfig in /zhome/8d/a/147395/miniconda3/envs/src/lib/python3.11/site-packages (from pytest==7.4.4->-r requirements.txt (line 13)) (2.0.0)
Requirement already satisfied: pluggy<2.0,>=0.12 in /zhome/8d/a/147395/miniconda3/envs/src/lib/python3.11/site-packages (from pytest==7.4.4->-r requirements.txt (line 13)) (1.4.0)
Requirement already satisfied: torchmetrics>=0.7.0 in /zhome/8d/a/147395/miniconda3/envs/src/lib/python3.11/site-packages (from pytorch_lightning==2.1.3->-r requirements.txt (line 14)) (1.3.1)
Requirement already satisfied: lightning-utilities>=0.8.0 in /zhome/8d/a/147395/miniconda3/envs/src/lib/python3.11/site-packages (from pytorch_lightning==2.1.3->-r requirements.txt (line 14)) (0.10.1)
Requirement already satisfied: charset-normalizer<4,>=2 in /zhome/8d/a/147395/miniconda3/envs/src/lib/python3.11/site-packages (from Requests==2.31.0->-r requirements.txt (line 15)) (3.3.2)
Requirement already satisfied: idna<4,>=2.5 in /zhome/8d/a/147395/miniconda3/envs/src/lib/python3.11/site-packages (from Requests==2.31.0->-r requirements.txt (line 15)) (3.6)
Requirement already satisfied: urllib3<3,>=1.21.1 in /zhome/8d/a/147395/miniconda3/envs/src/lib/python3.11/site-packages (from Requests==2.31.0->-r requirements.txt (line 15)) (2.2.1)
Requirement already satisfied: certifi>=2017.4.17 in /zhome/8d/a/147395/miniconda3/envs/src/lib/python3.11/site-packages (from Requests==2.31.0->-r requirements.txt (line 15)) (2024.2.2)
Requirement already satisfied: scipy>=1.5.0 in /zhome/8d/a/147395/miniconda3/envs/src/lib/python3.11/site-packages (from scikit_learn==1.3.2->-r requirements.txt (line 16)) (1.12.0)
Requirement already satisfied: joblib>=1.1.1 in /zhome/8d/a/147395/miniconda3/envs/src/lib/python3.11/site-packages (from scikit_learn==1.3.2->-r requirements.txt (line 16)) (1.3.2)
Requirement already satisfied: threadpoolctl>=2.0.0 in /zhome/8d/a/147395/miniconda3/envs/src/lib/python3.11/site-packages (from scikit_learn==1.3.2->-r requirements.txt (line 16)) (3.3.0)
Requirement already satisfied: sympy in /zhome/8d/a/147395/miniconda3/envs/src/lib/python3.11/site-packages (from torch==2.1.2->-r requirements.txt (line 17)) (1.12)
Requirement already satisfied: networkx in /zhome/8d/a/147395/miniconda3/envs/src/lib/python3.11/site-packages (from torch==2.1.2->-r requirements.txt (line 17)) (3.2.1)
Requirement already satisfied: jinja2 in /zhome/8d/a/147395/miniconda3/envs/src/lib/python3.11/site-packages (from torch==2.1.2->-r requirements.txt (line 17)) (3.1.3)
Requirement already satisfied: nvidia-cuda-nvrtc-cu12==12.1.105 in /zhome/8d/a/147395/miniconda3/envs/src/lib/python3.11/site-packages (from torch==2.1.2->-r requirements.txt (line 17)) (12.1.105)
Requirement already satisfied: nvidia-cuda-runtime-cu12==12.1.105 in /zhome/8d/a/147395/miniconda3/envs/src/lib/python3.11/site-packages (from torch==2.1.2->-r requirements.txt (line 17)) (12.1.105)
Requirement already satisfied: nvidia-cuda-cupti-cu12==12.1.105 in /zhome/8d/a/147395/miniconda3/envs/src/lib/python3.11/site-packages (from torch==2.1.2->-r requirements.txt (line 17)) (12.1.105)
Requirement already satisfied: nvidia-cudnn-cu12==8.9.2.26 in /zhome/8d/a/147395/miniconda3/envs/src/lib/python3.11/site-packages (from torch==2.1.2->-r requirements.txt (line 17)) (8.9.2.26)
Requirement already satisfied: nvidia-cublas-cu12==12.1.3.1 in /zhome/8d/a/147395/miniconda3/envs/src/lib/python3.11/site-packages (from torch==2.1.2->-r requirements.txt (line 17)) (12.1.3.1)
Requirement already satisfied: nvidia-cufft-cu12==11.0.2.54 in /zhome/8d/a/147395/miniconda3/envs/src/lib/python3.11/site-packages (from torch==2.1.2->-r requirements.txt (line 17)) (11.0.2.54)
Requirement already satisfied: nvidia-curand-cu12==10.3.2.106 in /zhome/8d/a/147395/miniconda3/envs/src/lib/python3.11/site-packages (from torch==2.1.2->-r requirements.txt (line 17)) (10.3.2.106)
Requirement already satisfied: nvidia-cusolver-cu12==11.4.5.107 in /zhome/8d/a/147395/miniconda3/envs/src/lib/python3.11/site-packages (from torch==2.1.2->-r requirements.txt (line 17)) (11.4.5.107)
Requirement already satisfied: nvidia-cusparse-cu12==12.1.0.106 in /zhome/8d/a/147395/miniconda3/envs/src/lib/python3.11/site-packages (from torch==2.1.2->-r requirements.txt (line 17)) (12.1.0.106)
Requirement already satisfied: nvidia-nccl-cu12==2.18.1 in /zhome/8d/a/147395/miniconda3/envs/src/lib/python3.11/site-packages (from torch==2.1.2->-r requirements.txt (line 17)) (2.18.1)
Requirement already satisfied: nvidia-nvtx-cu12==12.1.105 in /zhome/8d/a/147395/miniconda3/envs/src/lib/python3.11/site-packages (from torch==2.1.2->-r requirements.txt (line 17)) (12.1.105)
Requirement already satisfied: triton==2.1.0 in /zhome/8d/a/147395/miniconda3/envs/src/lib/python3.11/site-packages (from torch==2.1.2->-r requirements.txt (line 17)) (2.1.0)
Requirement already satisfied: nvidia-nvjitlink-cu12 in /zhome/8d/a/147395/miniconda3/envs/src/lib/python3.11/site-packages (from nvidia-cusolver-cu12==11.4.5.107->torch==2.1.2->-r requirements.txt (line 17)) (12.4.99)
Requirement already satisfied: psutil in /zhome/8d/a/147395/miniconda3/envs/src/lib/python3.11/site-packages (from accelerate<1.0.0,>=0.20.1->happytransformer==3.0.0->-r requirements.txt (line 5)) (5.9.8)
Requirement already satisfied: safetensors>=0.3.1 in /zhome/8d/a/147395/miniconda3/envs/src/lib/python3.11/site-packages (from accelerate<1.0.0,>=0.20.1->happytransformer==3.0.0->-r requirements.txt (line 5)) (0.4.2)
Requirement already satisfied: itsdangerous>=2.1.2 in /zhome/8d/a/147395/miniconda3/envs/src/lib/python3.11/site-packages (from Flask<3.1,>=1.0.4->dash==2.14.2->-r requirements.txt (line 2)) (2.1.2)
Requirement already satisfied: blinker>=1.6.2 in /zhome/8d/a/147395/miniconda3/envs/src/lib/python3.11/site-packages (from Flask<3.1,>=1.0.4->dash==2.14.2->-r requirements.txt (line 2)) (1.7.0)
Requirement already satisfied: aiosignal>=1.1.2 in /zhome/8d/a/147395/miniconda3/envs/src/lib/python3.11/site-packages (from aiohttp->datasets==2.16.1->-r requirements.txt (line 3)) (1.3.1)
Requirement already satisfied: attrs>=17.3.0 in /zhome/8d/a/147395/miniconda3/envs/src/lib/python3.11/site-packages (from aiohttp->datasets==2.16.1->-r requirements.txt (line 3)) (23.2.0)
Requirement already satisfied: frozenlist>=1.1.1 in /zhome/8d/a/147395/miniconda3/envs/src/lib/python3.11/site-packages (from aiohttp->datasets==2.16.1->-r requirements.txt (line 3)) (1.4.1)
Requirement already satisfied: multidict<7.0,>=4.5 in /zhome/8d/a/147395/miniconda3/envs/src/lib/python3.11/site-packages (from aiohttp->datasets==2.16.1->-r requirements.txt (line 3)) (6.0.5)
Requirement already satisfied: yarl<2.0,>=1.0 in /zhome/8d/a/147395/miniconda3/envs/src/lib/python3.11/site-packages (from aiohttp->datasets==2.16.1->-r requirements.txt (line 3)) (1.9.4)
Requirement already satisfied: MarkupSafe>=2.0 in /zhome/8d/a/147395/miniconda3/envs/src/lib/python3.11/site-packages (from jinja2->torch==2.1.2->-r requirements.txt (line 17)) (2.1.5)
Requirement already satisfied: tenacity>=6.2.0 in /zhome/8d/a/147395/miniconda3/envs/src/lib/python3.11/site-packages (from plotly>=5.0.0->dash==2.14.2->-r requirements.txt (line 2)) (8.2.3)
Requirement already satisfied: six>=1.5 in /zhome/8d/a/147395/miniconda3/envs/src/lib/python3.11/site-packages (from python-dateutil>=2.7->matplotlib==3.8.2->-r requirements.txt (line 8)) (1.16.0)
Requirement already satisfied: anyio<5,>=3.4.0 in /zhome/8d/a/147395/miniconda3/envs/src/lib/python3.11/site-packages (from starlette<0.36.0,>=0.35.0->fastapi==0.109.0->-r requirements.txt (line 4)) (4.3.0)
Requirement already satisfied: regex!=2019.12.17 in /zhome/8d/a/147395/miniconda3/envs/src/lib/python3.11/site-packages (from transformers<5.0.0,>=4.30.1->happytransformer==3.0.0->-r requirements.txt (line 5)) (2023.12.25)
Requirement already satisfied: zipp>=0.5 in /zhome/8d/a/147395/miniconda3/envs/src/lib/python3.11/site-packages (from importlib-metadata->dash==2.14.2->-r requirements.txt (line 2)) (3.18.1)
Requirement already satisfied: pytz>=2020.1 in /zhome/8d/a/147395/miniconda3/envs/src/lib/python3.11/site-packages (from pandas->datasets==2.16.1->-r requirements.txt (line 3)) (2024.1)
Requirement already satisfied: tzdata>=2022.7 in /zhome/8d/a/147395/miniconda3/envs/src/lib/python3.11/site-packages (from pandas->datasets==2.16.1->-r requirements.txt (line 3)) (2024.1)
Requirement already satisfied: mpmath>=0.19 in /zhome/8d/a/147395/miniconda3/envs/src/lib/python3.11/site-packages (from sympy->torch==2.1.2->-r requirements.txt (line 17)) (1.3.0)
Requirement already satisfied: GitPython!=3.1.29,>=1.0.0 in /zhome/8d/a/147395/miniconda3/envs/src/lib/python3.11/site-packages (from wandb->happytransformer==3.0.0->-r requirements.txt (line 5)) (3.1.42)
Requirement already satisfied: sentry-sdk>=1.0.0 in /zhome/8d/a/147395/miniconda3/envs/src/lib/python3.11/site-packages (from wandb->happytransformer==3.0.0->-r requirements.txt (line 5)) (1.42.0)
Requirement already satisfied: docker-pycreds>=0.4.0 in /zhome/8d/a/147395/miniconda3/envs/src/lib/python3.11/site-packages (from wandb->happytransformer==3.0.0->-r requirements.txt (line 5)) (0.4.0)
Requirement already satisfied: setproctitle in /zhome/8d/a/147395/miniconda3/envs/src/lib/python3.11/site-packages (from wandb->happytransformer==3.0.0->-r requirements.txt (line 5)) (1.3.3)
Requirement already satisfied: appdirs>=1.4.3 in /zhome/8d/a/147395/miniconda3/envs/src/lib/python3.11/site-packages (from wandb->happytransformer==3.0.0->-r requirements.txt (line 5)) (1.4.4)
Requirement already satisfied: sniffio>=1.1 in /zhome/8d/a/147395/miniconda3/envs/src/lib/python3.11/site-packages (from anyio<5,>=3.4.0->starlette<0.36.0,>=0.35.0->fastapi==0.109.0->-r requirements.txt (line 4)) (1.3.1)
Requirement already satisfied: gitdb<5,>=4.0.1 in /zhome/8d/a/147395/miniconda3/envs/src/lib/python3.11/site-packages (from GitPython!=3.1.29,>=1.0.0->wandb->happytransformer==3.0.0->-r requirements.txt (line 5)) (4.0.11)
Requirement already satisfied: smmap<6,>=3.0.1 in /zhome/8d/a/147395/miniconda3/envs/src/lib/python3.11/site-packages (from gitdb<5,>=4.0.1->GitPython!=3.1.29,>=1.0.0->wandb->happytransformer==3.0.0->-r requirements.txt (line 5)) (5.0.1)
python -m pip install -r requirementsgemma.txt
Requirement already satisfied: peft==0.8.2 in /zhome/8d/a/147395/miniconda3/envs/src/lib/python3.11/site-packages (from -r requirementsgemma.txt (line 1)) (0.8.2)
Requirement already satisfied: bitsandbytes==0.42.0 in /zhome/8d/a/147395/miniconda3/envs/src/lib/python3.11/site-packages (from -r requirementsgemma.txt (line 2)) (0.42.0)
Requirement already satisfied: accelerate==0.26.1 in /zhome/8d/a/147395/miniconda3/envs/src/lib/python3.11/site-packages (from -r requirementsgemma.txt (line 3)) (0.26.1)
Requirement already satisfied: datasets==2.16.1 in /zhome/8d/a/147395/miniconda3/envs/src/lib/python3.11/site-packages (from -r requirementsgemma.txt (line 4)) (2.16.1)
Requirement already satisfied: GPUtil in /zhome/8d/a/147395/miniconda3/envs/src/lib/python3.11/site-packages (from -r requirementsgemma.txt (line 5)) (1.4.0)
Requirement already satisfied: transformers==4.38.0 in /zhome/8d/a/147395/miniconda3/envs/src/lib/python3.11/site-packages (from -r requirementsgemma.txt (line 6)) (4.38.0)
Requirement already satisfied: numpy>=1.17 in /zhome/8d/a/147395/miniconda3/envs/src/lib/python3.11/site-packages (from peft==0.8.2->-r requirementsgemma.txt (line 1)) (1.26.3)
Requirement already satisfied: packaging>=20.0 in /zhome/8d/a/147395/miniconda3/envs/src/lib/python3.11/site-packages (from peft==0.8.2->-r requirementsgemma.txt (line 1)) (24.0)
Requirement already satisfied: psutil in /zhome/8d/a/147395/miniconda3/envs/src/lib/python3.11/site-packages (from peft==0.8.2->-r requirementsgemma.txt (line 1)) (5.9.8)
Requirement already satisfied: pyyaml in /zhome/8d/a/147395/miniconda3/envs/src/lib/python3.11/site-packages (from peft==0.8.2->-r requirementsgemma.txt (line 1)) (6.0.1)
Requirement already satisfied: torch>=1.13.0 in /zhome/8d/a/147395/miniconda3/envs/src/lib/python3.11/site-packages (from peft==0.8.2->-r requirementsgemma.txt (line 1)) (2.1.2)
Requirement already satisfied: tqdm in /zhome/8d/a/147395/miniconda3/envs/src/lib/python3.11/site-packages (from peft==0.8.2->-r requirementsgemma.txt (line 1)) (4.66.2)
Requirement already satisfied: safetensors in /zhome/8d/a/147395/miniconda3/envs/src/lib/python3.11/site-packages (from peft==0.8.2->-r requirementsgemma.txt (line 1)) (0.4.2)
Requirement already satisfied: huggingface-hub>=0.17.0 in /zhome/8d/a/147395/miniconda3/envs/src/lib/python3.11/site-packages (from peft==0.8.2->-r requirementsgemma.txt (line 1)) (0.22.1)
Requirement already satisfied: scipy in /zhome/8d/a/147395/miniconda3/envs/src/lib/python3.11/site-packages (from bitsandbytes==0.42.0->-r requirementsgemma.txt (line 2)) (1.12.0)
Requirement already satisfied: filelock in /zhome/8d/a/147395/miniconda3/envs/src/lib/python3.11/site-packages (from datasets==2.16.1->-r requirementsgemma.txt (line 4)) (3.13.1)
Requirement already satisfied: pyarrow>=8.0.0 in /zhome/8d/a/147395/miniconda3/envs/src/lib/python3.11/site-packages (from datasets==2.16.1->-r requirementsgemma.txt (line 4)) (15.0.1)
Requirement already satisfied: pyarrow-hotfix in /zhome/8d/a/147395/miniconda3/envs/src/lib/python3.11/site-packages (from datasets==2.16.1->-r requirementsgemma.txt (line 4)) (0.6)
Requirement already satisfied: dill<0.3.8,>=0.3.0 in /zhome/8d/a/147395/miniconda3/envs/src/lib/python3.11/site-packages (from datasets==2.16.1->-r requirementsgemma.txt (line 4)) (0.3.7)
Requirement already satisfied: pandas in /zhome/8d/a/147395/miniconda3/envs/src/lib/python3.11/site-packages (from datasets==2.16.1->-r requirementsgemma.txt (line 4)) (2.2.1)
Requirement already satisfied: requests>=2.19.0 in /zhome/8d/a/147395/miniconda3/envs/src/lib/python3.11/site-packages (from datasets==2.16.1->-r requirementsgemma.txt (line 4)) (2.31.0)
Requirement already satisfied: xxhash in /zhome/8d/a/147395/miniconda3/envs/src/lib/python3.11/site-packages (from datasets==2.16.1->-r requirementsgemma.txt (line 4)) (3.4.1)
Requirement already satisfied: multiprocess in /zhome/8d/a/147395/miniconda3/envs/src/lib/python3.11/site-packages (from datasets==2.16.1->-r requirementsgemma.txt (line 4)) (0.70.15)
Requirement already satisfied: fsspec<=2023.10.0,>=2023.1.0 in /zhome/8d/a/147395/miniconda3/envs/src/lib/python3.11/site-packages (from fsspec[http]<=2023.10.0,>=2023.1.0->datasets==2.16.1->-r requirementsgemma.txt (line 4)) (2023.10.0)
Requirement already satisfied: aiohttp in /zhome/8d/a/147395/miniconda3/envs/src/lib/python3.11/site-packages (from datasets==2.16.1->-r requirementsgemma.txt (line 4)) (3.9.3)
Requirement already satisfied: regex!=2019.12.17 in /zhome/8d/a/147395/miniconda3/envs/src/lib/python3.11/site-packages (from transformers==4.38.0->-r requirementsgemma.txt (line 6)) (2023.12.25)
Requirement already satisfied: tokenizers<0.19,>=0.14 in /zhome/8d/a/147395/miniconda3/envs/src/lib/python3.11/site-packages (from transformers==4.38.0->-r requirementsgemma.txt (line 6)) (0.15.2)
Requirement already satisfied: aiosignal>=1.1.2 in /zhome/8d/a/147395/miniconda3/envs/src/lib/python3.11/site-packages (from aiohttp->datasets==2.16.1->-r requirementsgemma.txt (line 4)) (1.3.1)
Requirement already satisfied: attrs>=17.3.0 in /zhome/8d/a/147395/miniconda3/envs/src/lib/python3.11/site-packages (from aiohttp->datasets==2.16.1->-r requirementsgemma.txt (line 4)) (23.2.0)
Requirement already satisfied: frozenlist>=1.1.1 in /zhome/8d/a/147395/miniconda3/envs/src/lib/python3.11/site-packages (from aiohttp->datasets==2.16.1->-r requirementsgemma.txt (line 4)) (1.4.1)
Requirement already satisfied: multidict<7.0,>=4.5 in /zhome/8d/a/147395/miniconda3/envs/src/lib/python3.11/site-packages (from aiohttp->datasets==2.16.1->-r requirementsgemma.txt (line 4)) (6.0.5)
Requirement already satisfied: yarl<2.0,>=1.0 in /zhome/8d/a/147395/miniconda3/envs/src/lib/python3.11/site-packages (from aiohttp->datasets==2.16.1->-r requirementsgemma.txt (line 4)) (1.9.4)
Requirement already satisfied: typing-extensions>=3.7.4.3 in /zhome/8d/a/147395/miniconda3/envs/src/lib/python3.11/site-packages (from huggingface-hub>=0.17.0->peft==0.8.2->-r requirementsgemma.txt (line 1)) (4.10.0)
Requirement already satisfied: charset-normalizer<4,>=2 in /zhome/8d/a/147395/miniconda3/envs/src/lib/python3.11/site-packages (from requests>=2.19.0->datasets==2.16.1->-r requirementsgemma.txt (line 4)) (3.3.2)
Requirement already satisfied: idna<4,>=2.5 in /zhome/8d/a/147395/miniconda3/envs/src/lib/python3.11/site-packages (from requests>=2.19.0->datasets==2.16.1->-r requirementsgemma.txt (line 4)) (3.6)
Requirement already satisfied: urllib3<3,>=1.21.1 in /zhome/8d/a/147395/miniconda3/envs/src/lib/python3.11/site-packages (from requests>=2.19.0->datasets==2.16.1->-r requirementsgemma.txt (line 4)) (2.2.1)
Requirement already satisfied: certifi>=2017.4.17 in /zhome/8d/a/147395/miniconda3/envs/src/lib/python3.11/site-packages (from requests>=2.19.0->datasets==2.16.1->-r requirementsgemma.txt (line 4)) (2024.2.2)
Requirement already satisfied: sympy in /zhome/8d/a/147395/miniconda3/envs/src/lib/python3.11/site-packages (from torch>=1.13.0->peft==0.8.2->-r requirementsgemma.txt (line 1)) (1.12)
Requirement already satisfied: networkx in /zhome/8d/a/147395/miniconda3/envs/src/lib/python3.11/site-packages (from torch>=1.13.0->peft==0.8.2->-r requirementsgemma.txt (line 1)) (3.2.1)
Requirement already satisfied: jinja2 in /zhome/8d/a/147395/miniconda3/envs/src/lib/python3.11/site-packages (from torch>=1.13.0->peft==0.8.2->-r requirementsgemma.txt (line 1)) (3.1.3)
Requirement already satisfied: nvidia-cuda-nvrtc-cu12==12.1.105 in /zhome/8d/a/147395/miniconda3/envs/src/lib/python3.11/site-packages (from torch>=1.13.0->peft==0.8.2->-r requirementsgemma.txt (line 1)) (12.1.105)
Requirement already satisfied: nvidia-cuda-runtime-cu12==12.1.105 in /zhome/8d/a/147395/miniconda3/envs/src/lib/python3.11/site-packages (from torch>=1.13.0->peft==0.8.2->-r requirementsgemma.txt (line 1)) (12.1.105)
Requirement already satisfied: nvidia-cuda-cupti-cu12==12.1.105 in /zhome/8d/a/147395/miniconda3/envs/src/lib/python3.11/site-packages (from torch>=1.13.0->peft==0.8.2->-r requirementsgemma.txt (line 1)) (12.1.105)
Requirement already satisfied: nvidia-cudnn-cu12==8.9.2.26 in /zhome/8d/a/147395/miniconda3/envs/src/lib/python3.11/site-packages (from torch>=1.13.0->peft==0.8.2->-r requirementsgemma.txt (line 1)) (8.9.2.26)
Requirement already satisfied: nvidia-cublas-cu12==12.1.3.1 in /zhome/8d/a/147395/miniconda3/envs/src/lib/python3.11/site-packages (from torch>=1.13.0->peft==0.8.2->-r requirementsgemma.txt (line 1)) (12.1.3.1)
Requirement already satisfied: nvidia-cufft-cu12==11.0.2.54 in /zhome/8d/a/147395/miniconda3/envs/src/lib/python3.11/site-packages (from torch>=1.13.0->peft==0.8.2->-r requirementsgemma.txt (line 1)) (11.0.2.54)
Requirement already satisfied: nvidia-curand-cu12==10.3.2.106 in /zhome/8d/a/147395/miniconda3/envs/src/lib/python3.11/site-packages (from torch>=1.13.0->peft==0.8.2->-r requirementsgemma.txt (line 1)) (10.3.2.106)
Requirement already satisfied: nvidia-cusolver-cu12==11.4.5.107 in /zhome/8d/a/147395/miniconda3/envs/src/lib/python3.11/site-packages (from torch>=1.13.0->peft==0.8.2->-r requirementsgemma.txt (line 1)) (11.4.5.107)
Requirement already satisfied: nvidia-cusparse-cu12==12.1.0.106 in /zhome/8d/a/147395/miniconda3/envs/src/lib/python3.11/site-packages (from torch>=1.13.0->peft==0.8.2->-r requirementsgemma.txt (line 1)) (12.1.0.106)
Requirement already satisfied: nvidia-nccl-cu12==2.18.1 in /zhome/8d/a/147395/miniconda3/envs/src/lib/python3.11/site-packages (from torch>=1.13.0->peft==0.8.2->-r requirementsgemma.txt (line 1)) (2.18.1)
Requirement already satisfied: nvidia-nvtx-cu12==12.1.105 in /zhome/8d/a/147395/miniconda3/envs/src/lib/python3.11/site-packages (from torch>=1.13.0->peft==0.8.2->-r requirementsgemma.txt (line 1)) (12.1.105)
Requirement already satisfied: triton==2.1.0 in /zhome/8d/a/147395/miniconda3/envs/src/lib/python3.11/site-packages (from torch>=1.13.0->peft==0.8.2->-r requirementsgemma.txt (line 1)) (2.1.0)
Requirement already satisfied: nvidia-nvjitlink-cu12 in /zhome/8d/a/147395/miniconda3/envs/src/lib/python3.11/site-packages (from nvidia-cusolver-cu12==11.4.5.107->torch>=1.13.0->peft==0.8.2->-r requirementsgemma.txt (line 1)) (12.4.99)
Requirement already satisfied: python-dateutil>=2.8.2 in /zhome/8d/a/147395/miniconda3/envs/src/lib/python3.11/site-packages (from pandas->datasets==2.16.1->-r requirementsgemma.txt (line 4)) (2.9.0.post0)
Requirement already satisfied: pytz>=2020.1 in /zhome/8d/a/147395/miniconda3/envs/src/lib/python3.11/site-packages (from pandas->datasets==2.16.1->-r requirementsgemma.txt (line 4)) (2024.1)
Requirement already satisfied: tzdata>=2022.7 in /zhome/8d/a/147395/miniconda3/envs/src/lib/python3.11/site-packages (from pandas->datasets==2.16.1->-r requirementsgemma.txt (line 4)) (2024.1)
Requirement already satisfied: six>=1.5 in /zhome/8d/a/147395/miniconda3/envs/src/lib/python3.11/site-packages (from python-dateutil>=2.8.2->pandas->datasets==2.16.1->-r requirementsgemma.txt (line 4)) (1.16.0)
Requirement already satisfied: MarkupSafe>=2.0 in /zhome/8d/a/147395/miniconda3/envs/src/lib/python3.11/site-packages (from jinja2->torch>=1.13.0->peft==0.8.2->-r requirementsgemma.txt (line 1)) (2.1.5)
Requirement already satisfied: mpmath>=0.19 in /zhome/8d/a/147395/miniconda3/envs/src/lib/python3.11/site-packages (from sympy->torch>=1.13.0->peft==0.8.2->-r requirementsgemma.txt (line 1)) (1.3.0)
python -m pip install -e .
Obtaining file:///zhome/8d/a/147395/masterproject/masterproject
  Installing build dependencies: started
  Installing build dependencies: finished with status 'done'
  Checking if build backend supports build_editable: started
  Checking if build backend supports build_editable: finished with status 'done'
  Getting requirements to build editable: started
  Getting requirements to build editable: finished with status 'done'
  Installing backend dependencies: started
  Installing backend dependencies: finished with status 'done'
  Preparing editable metadata (pyproject.toml): started
  Preparing editable metadata (pyproject.toml): finished with status 'done'
Requirement already satisfied: click==8.1.7 in /zhome/8d/a/147395/miniconda3/envs/src/lib/python3.11/site-packages (from src==0.0.1) (8.1.7)
Requirement already satisfied: dash==2.14.2 in /zhome/8d/a/147395/miniconda3/envs/src/lib/python3.11/site-packages (from src==0.0.1) (2.14.2)
Requirement already satisfied: datasets==2.16.1 in /zhome/8d/a/147395/miniconda3/envs/src/lib/python3.11/site-packages (from src==0.0.1) (2.16.1)
Requirement already satisfied: fastapi==0.109.0 in /zhome/8d/a/147395/miniconda3/envs/src/lib/python3.11/site-packages (from src==0.0.1) (0.109.0)
Requirement already satisfied: happytransformer==3.0.0 in /zhome/8d/a/147395/miniconda3/envs/src/lib/python3.11/site-packages (from src==0.0.1) (3.0.0)
Requirement already satisfied: hydra-core==1.3.2 in /zhome/8d/a/147395/miniconda3/envs/src/lib/python3.11/site-packages (from src==0.0.1) (1.3.2)
Requirement already satisfied: Markdown==3.5.1 in /zhome/8d/a/147395/miniconda3/envs/src/lib/python3.11/site-packages (from src==0.0.1) (3.5.1)
Requirement already satisfied: matplotlib==3.8.2 in /zhome/8d/a/147395/miniconda3/envs/src/lib/python3.11/site-packages (from src==0.0.1) (3.8.2)
Requirement already satisfied: numpy==1.26.3 in /zhome/8d/a/147395/miniconda3/envs/src/lib/python3.11/site-packages (from src==0.0.1) (1.26.3)
Requirement already satisfied: omegaconf==2.3.0 in /zhome/8d/a/147395/miniconda3/envs/src/lib/python3.11/site-packages (from src==0.0.1) (2.3.0)
Requirement already satisfied: prometheus-fastapi-instrumentator==6.1.0 in /zhome/8d/a/147395/miniconda3/envs/src/lib/python3.11/site-packages (from src==0.0.1) (6.1.0)
Requirement already satisfied: pydantic==2.5.3 in /zhome/8d/a/147395/miniconda3/envs/src/lib/python3.11/site-packages (from src==0.0.1) (2.5.3)
Requirement already satisfied: pytest==7.4.4 in /zhome/8d/a/147395/miniconda3/envs/src/lib/python3.11/site-packages (from src==0.0.1) (7.4.4)
Requirement already satisfied: pytorch-lightning==2.1.3 in /zhome/8d/a/147395/miniconda3/envs/src/lib/python3.11/site-packages (from src==0.0.1) (2.1.3)
Requirement already satisfied: Requests==2.31.0 in /zhome/8d/a/147395/miniconda3/envs/src/lib/python3.11/site-packages (from src==0.0.1) (2.31.0)
Requirement already satisfied: scikit-learn==1.3.2 in /zhome/8d/a/147395/miniconda3/envs/src/lib/python3.11/site-packages (from src==0.0.1) (1.3.2)
Requirement already satisfied: torch==2.1.2 in /zhome/8d/a/147395/miniconda3/envs/src/lib/python3.11/site-packages (from src==0.0.1) (2.1.2)
Requirement already satisfied: Flask<3.1,>=1.0.4 in /zhome/8d/a/147395/miniconda3/envs/src/lib/python3.11/site-packages (from dash==2.14.2->src==0.0.1) (3.0.2)
Requirement already satisfied: Werkzeug<3.1 in /zhome/8d/a/147395/miniconda3/envs/src/lib/python3.11/site-packages (from dash==2.14.2->src==0.0.1) (3.0.1)
Requirement already satisfied: plotly>=5.0.0 in /zhome/8d/a/147395/miniconda3/envs/src/lib/python3.11/site-packages (from dash==2.14.2->src==0.0.1) (5.20.0)
Requirement already satisfied: dash-html-components==2.0.0 in /zhome/8d/a/147395/miniconda3/envs/src/lib/python3.11/site-packages (from dash==2.14.2->src==0.0.1) (2.0.0)
Requirement already satisfied: dash-core-components==2.0.0 in /zhome/8d/a/147395/miniconda3/envs/src/lib/python3.11/site-packages (from dash==2.14.2->src==0.0.1) (2.0.0)
Requirement already satisfied: dash-table==5.0.0 in /zhome/8d/a/147395/miniconda3/envs/src/lib/python3.11/site-packages (from dash==2.14.2->src==0.0.1) (5.0.0)
Requirement already satisfied: typing-extensions>=4.1.1 in /zhome/8d/a/147395/miniconda3/envs/src/lib/python3.11/site-packages (from dash==2.14.2->src==0.0.1) (4.10.0)
Requirement already satisfied: retrying in /zhome/8d/a/147395/miniconda3/envs/src/lib/python3.11/site-packages (from dash==2.14.2->src==0.0.1) (1.3.4)
Requirement already satisfied: ansi2html in /zhome/8d/a/147395/miniconda3/envs/src/lib/python3.11/site-packages (from dash==2.14.2->src==0.0.1) (1.9.1)
Requirement already satisfied: nest-asyncio in /zhome/8d/a/147395/miniconda3/envs/src/lib/python3.11/site-packages (from dash==2.14.2->src==0.0.1) (1.6.0)
Requirement already satisfied: setuptools in /zhome/8d/a/147395/miniconda3/envs/src/lib/python3.11/site-packages (from dash==2.14.2->src==0.0.1) (69.2.0)
Requirement already satisfied: importlib-metadata in /zhome/8d/a/147395/miniconda3/envs/src/lib/python3.11/site-packages (from dash==2.14.2->src==0.0.1) (7.0.2)
Requirement already satisfied: filelock in /zhome/8d/a/147395/miniconda3/envs/src/lib/python3.11/site-packages (from datasets==2.16.1->src==0.0.1) (3.13.1)
Requirement already satisfied: pyarrow>=8.0.0 in /zhome/8d/a/147395/miniconda3/envs/src/lib/python3.11/site-packages (from datasets==2.16.1->src==0.0.1) (15.0.1)
Requirement already satisfied: pyarrow-hotfix in /zhome/8d/a/147395/miniconda3/envs/src/lib/python3.11/site-packages (from datasets==2.16.1->src==0.0.1) (0.6)
Requirement already satisfied: dill<0.3.8,>=0.3.0 in /zhome/8d/a/147395/miniconda3/envs/src/lib/python3.11/site-packages (from datasets==2.16.1->src==0.0.1) (0.3.7)
Requirement already satisfied: pandas in /zhome/8d/a/147395/miniconda3/envs/src/lib/python3.11/site-packages (from datasets==2.16.1->src==0.0.1) (2.2.1)
Requirement already satisfied: tqdm>=4.62.1 in /zhome/8d/a/147395/miniconda3/envs/src/lib/python3.11/site-packages (from datasets==2.16.1->src==0.0.1) (4.66.2)
Requirement already satisfied: xxhash in /zhome/8d/a/147395/miniconda3/envs/src/lib/python3.11/site-packages (from datasets==2.16.1->src==0.0.1) (3.4.1)
Requirement already satisfied: multiprocess in /zhome/8d/a/147395/miniconda3/envs/src/lib/python3.11/site-packages (from datasets==2.16.1->src==0.0.1) (0.70.15)
Requirement already satisfied: fsspec<=2023.10.0,>=2023.1.0 in /zhome/8d/a/147395/miniconda3/envs/src/lib/python3.11/site-packages (from fsspec[http]<=2023.10.0,>=2023.1.0->datasets==2.16.1->src==0.0.1) (2023.10.0)
Requirement already satisfied: aiohttp in /zhome/8d/a/147395/miniconda3/envs/src/lib/python3.11/site-packages (from datasets==2.16.1->src==0.0.1) (3.9.3)
Requirement already satisfied: huggingface-hub>=0.19.4 in /zhome/8d/a/147395/miniconda3/envs/src/lib/python3.11/site-packages (from datasets==2.16.1->src==0.0.1) (0.22.1)
Requirement already satisfied: packaging in /zhome/8d/a/147395/miniconda3/envs/src/lib/python3.11/site-packages (from datasets==2.16.1->src==0.0.1) (24.0)
Requirement already satisfied: pyyaml>=5.1 in /zhome/8d/a/147395/miniconda3/envs/src/lib/python3.11/site-packages (from datasets==2.16.1->src==0.0.1) (6.0.1)
Requirement already satisfied: starlette<0.36.0,>=0.35.0 in /zhome/8d/a/147395/miniconda3/envs/src/lib/python3.11/site-packages (from fastapi==0.109.0->src==0.0.1) (0.35.1)
Requirement already satisfied: transformers<5.0.0,>=4.30.1 in /zhome/8d/a/147395/miniconda3/envs/src/lib/python3.11/site-packages (from happytransformer==3.0.0->src==0.0.1) (4.38.0)
Requirement already satisfied: sentencepiece in /zhome/8d/a/147395/miniconda3/envs/src/lib/python3.11/site-packages (from happytransformer==3.0.0->src==0.0.1) (0.2.0)
Requirement already satisfied: protobuf in /zhome/8d/a/147395/miniconda3/envs/src/lib/python3.11/site-packages (from happytransformer==3.0.0->src==0.0.1) (4.25.3)
Requirement already satisfied: accelerate<1.0.0,>=0.20.1 in /zhome/8d/a/147395/miniconda3/envs/src/lib/python3.11/site-packages (from happytransformer==3.0.0->src==0.0.1) (0.26.1)
Requirement already satisfied: tokenizers<1.0.0,>=0.13.3 in /zhome/8d/a/147395/miniconda3/envs/src/lib/python3.11/site-packages (from happytransformer==3.0.0->src==0.0.1) (0.15.2)
Requirement already satisfied: wandb in /zhome/8d/a/147395/miniconda3/envs/src/lib/python3.11/site-packages (from happytransformer==3.0.0->src==0.0.1) (0.16.4)
Requirement already satisfied: antlr4-python3-runtime==4.9.* in /zhome/8d/a/147395/miniconda3/envs/src/lib/python3.11/site-packages (from hydra-core==1.3.2->src==0.0.1) (4.9.3)
Requirement already satisfied: contourpy>=1.0.1 in /zhome/8d/a/147395/miniconda3/envs/src/lib/python3.11/site-packages (from matplotlib==3.8.2->src==0.0.1) (1.2.0)
Requirement already satisfied: cycler>=0.10 in /zhome/8d/a/147395/miniconda3/envs/src/lib/python3.11/site-packages (from matplotlib==3.8.2->src==0.0.1) (0.12.1)
Requirement already satisfied: fonttools>=4.22.0 in /zhome/8d/a/147395/miniconda3/envs/src/lib/python3.11/site-packages (from matplotlib==3.8.2->src==0.0.1) (4.49.0)
Requirement already satisfied: kiwisolver>=1.3.1 in /zhome/8d/a/147395/miniconda3/envs/src/lib/python3.11/site-packages (from matplotlib==3.8.2->src==0.0.1) (1.4.5)
Requirement already satisfied: pillow>=8 in /zhome/8d/a/147395/miniconda3/envs/src/lib/python3.11/site-packages (from matplotlib==3.8.2->src==0.0.1) (10.2.0)
Requirement already satisfied: pyparsing>=2.3.1 in /zhome/8d/a/147395/miniconda3/envs/src/lib/python3.11/site-packages (from matplotlib==3.8.2->src==0.0.1) (3.1.2)
Requirement already satisfied: python-dateutil>=2.7 in /zhome/8d/a/147395/miniconda3/envs/src/lib/python3.11/site-packages (from matplotlib==3.8.2->src==0.0.1) (2.9.0.post0)
Requirement already satisfied: prometheus-client<1.0.0,>=0.8.0 in /zhome/8d/a/147395/miniconda3/envs/src/lib/python3.11/site-packages (from prometheus-fastapi-instrumentator==6.1.0->src==0.0.1) (0.20.0)
Requirement already satisfied: annotated-types>=0.4.0 in /zhome/8d/a/147395/miniconda3/envs/src/lib/python3.11/site-packages (from pydantic==2.5.3->src==0.0.1) (0.6.0)
Requirement already satisfied: pydantic-core==2.14.6 in /zhome/8d/a/147395/miniconda3/envs/src/lib/python3.11/site-packages (from pydantic==2.5.3->src==0.0.1) (2.14.6)
Requirement already satisfied: iniconfig in /zhome/8d/a/147395/miniconda3/envs/src/lib/python3.11/site-packages (from pytest==7.4.4->src==0.0.1) (2.0.0)
Requirement already satisfied: pluggy<2.0,>=0.12 in /zhome/8d/a/147395/miniconda3/envs/src/lib/python3.11/site-packages (from pytest==7.4.4->src==0.0.1) (1.4.0)
Requirement already satisfied: torchmetrics>=0.7.0 in /zhome/8d/a/147395/miniconda3/envs/src/lib/python3.11/site-packages (from pytorch-lightning==2.1.3->src==0.0.1) (1.3.1)
Requirement already satisfied: lightning-utilities>=0.8.0 in /zhome/8d/a/147395/miniconda3/envs/src/lib/python3.11/site-packages (from pytorch-lightning==2.1.3->src==0.0.1) (0.10.1)
Requirement already satisfied: charset-normalizer<4,>=2 in /zhome/8d/a/147395/miniconda3/envs/src/lib/python3.11/site-packages (from Requests==2.31.0->src==0.0.1) (3.3.2)
Requirement already satisfied: idna<4,>=2.5 in /zhome/8d/a/147395/miniconda3/envs/src/lib/python3.11/site-packages (from Requests==2.31.0->src==0.0.1) (3.6)
Requirement already satisfied: urllib3<3,>=1.21.1 in /zhome/8d/a/147395/miniconda3/envs/src/lib/python3.11/site-packages (from Requests==2.31.0->src==0.0.1) (2.2.1)
Requirement already satisfied: certifi>=2017.4.17 in /zhome/8d/a/147395/miniconda3/envs/src/lib/python3.11/site-packages (from Requests==2.31.0->src==0.0.1) (2024.2.2)
Requirement already satisfied: scipy>=1.5.0 in /zhome/8d/a/147395/miniconda3/envs/src/lib/python3.11/site-packages (from scikit-learn==1.3.2->src==0.0.1) (1.12.0)
Requirement already satisfied: joblib>=1.1.1 in /zhome/8d/a/147395/miniconda3/envs/src/lib/python3.11/site-packages (from scikit-learn==1.3.2->src==0.0.1) (1.3.2)
Requirement already satisfied: threadpoolctl>=2.0.0 in /zhome/8d/a/147395/miniconda3/envs/src/lib/python3.11/site-packages (from scikit-learn==1.3.2->src==0.0.1) (3.3.0)
Requirement already satisfied: sympy in /zhome/8d/a/147395/miniconda3/envs/src/lib/python3.11/site-packages (from torch==2.1.2->src==0.0.1) (1.12)
Requirement already satisfied: networkx in /zhome/8d/a/147395/miniconda3/envs/src/lib/python3.11/site-packages (from torch==2.1.2->src==0.0.1) (3.2.1)
Requirement already satisfied: jinja2 in /zhome/8d/a/147395/miniconda3/envs/src/lib/python3.11/site-packages (from torch==2.1.2->src==0.0.1) (3.1.3)
Requirement already satisfied: nvidia-cuda-nvrtc-cu12==12.1.105 in /zhome/8d/a/147395/miniconda3/envs/src/lib/python3.11/site-packages (from torch==2.1.2->src==0.0.1) (12.1.105)
Requirement already satisfied: nvidia-cuda-runtime-cu12==12.1.105 in /zhome/8d/a/147395/miniconda3/envs/src/lib/python3.11/site-packages (from torch==2.1.2->src==0.0.1) (12.1.105)
Requirement already satisfied: nvidia-cuda-cupti-cu12==12.1.105 in /zhome/8d/a/147395/miniconda3/envs/src/lib/python3.11/site-packages (from torch==2.1.2->src==0.0.1) (12.1.105)
Requirement already satisfied: nvidia-cudnn-cu12==8.9.2.26 in /zhome/8d/a/147395/miniconda3/envs/src/lib/python3.11/site-packages (from torch==2.1.2->src==0.0.1) (8.9.2.26)
Requirement already satisfied: nvidia-cublas-cu12==12.1.3.1 in /zhome/8d/a/147395/miniconda3/envs/src/lib/python3.11/site-packages (from torch==2.1.2->src==0.0.1) (12.1.3.1)
Requirement already satisfied: nvidia-cufft-cu12==11.0.2.54 in /zhome/8d/a/147395/miniconda3/envs/src/lib/python3.11/site-packages (from torch==2.1.2->src==0.0.1) (11.0.2.54)
Requirement already satisfied: nvidia-curand-cu12==10.3.2.106 in /zhome/8d/a/147395/miniconda3/envs/src/lib/python3.11/site-packages (from torch==2.1.2->src==0.0.1) (10.3.2.106)
Requirement already satisfied: nvidia-cusolver-cu12==11.4.5.107 in /zhome/8d/a/147395/miniconda3/envs/src/lib/python3.11/site-packages (from torch==2.1.2->src==0.0.1) (11.4.5.107)
Requirement already satisfied: nvidia-cusparse-cu12==12.1.0.106 in /zhome/8d/a/147395/miniconda3/envs/src/lib/python3.11/site-packages (from torch==2.1.2->src==0.0.1) (12.1.0.106)
Requirement already satisfied: nvidia-nccl-cu12==2.18.1 in /zhome/8d/a/147395/miniconda3/envs/src/lib/python3.11/site-packages (from torch==2.1.2->src==0.0.1) (2.18.1)
Requirement already satisfied: nvidia-nvtx-cu12==12.1.105 in /zhome/8d/a/147395/miniconda3/envs/src/lib/python3.11/site-packages (from torch==2.1.2->src==0.0.1) (12.1.105)
Requirement already satisfied: triton==2.1.0 in /zhome/8d/a/147395/miniconda3/envs/src/lib/python3.11/site-packages (from torch==2.1.2->src==0.0.1) (2.1.0)
Requirement already satisfied: nvidia-nvjitlink-cu12 in /zhome/8d/a/147395/miniconda3/envs/src/lib/python3.11/site-packages (from nvidia-cusolver-cu12==11.4.5.107->torch==2.1.2->src==0.0.1) (12.4.99)
Requirement already satisfied: psutil in /zhome/8d/a/147395/miniconda3/envs/src/lib/python3.11/site-packages (from accelerate<1.0.0,>=0.20.1->happytransformer==3.0.0->src==0.0.1) (5.9.8)
Requirement already satisfied: safetensors>=0.3.1 in /zhome/8d/a/147395/miniconda3/envs/src/lib/python3.11/site-packages (from accelerate<1.0.0,>=0.20.1->happytransformer==3.0.0->src==0.0.1) (0.4.2)
Requirement already satisfied: itsdangerous>=2.1.2 in /zhome/8d/a/147395/miniconda3/envs/src/lib/python3.11/site-packages (from Flask<3.1,>=1.0.4->dash==2.14.2->src==0.0.1) (2.1.2)
Requirement already satisfied: blinker>=1.6.2 in /zhome/8d/a/147395/miniconda3/envs/src/lib/python3.11/site-packages (from Flask<3.1,>=1.0.4->dash==2.14.2->src==0.0.1) (1.7.0)
Requirement already satisfied: aiosignal>=1.1.2 in /zhome/8d/a/147395/miniconda3/envs/src/lib/python3.11/site-packages (from aiohttp->datasets==2.16.1->src==0.0.1) (1.3.1)
Requirement already satisfied: attrs>=17.3.0 in /zhome/8d/a/147395/miniconda3/envs/src/lib/python3.11/site-packages (from aiohttp->datasets==2.16.1->src==0.0.1) (23.2.0)
Requirement already satisfied: frozenlist>=1.1.1 in /zhome/8d/a/147395/miniconda3/envs/src/lib/python3.11/site-packages (from aiohttp->datasets==2.16.1->src==0.0.1) (1.4.1)
Requirement already satisfied: multidict<7.0,>=4.5 in /zhome/8d/a/147395/miniconda3/envs/src/lib/python3.11/site-packages (from aiohttp->datasets==2.16.1->src==0.0.1) (6.0.5)
Requirement already satisfied: yarl<2.0,>=1.0 in /zhome/8d/a/147395/miniconda3/envs/src/lib/python3.11/site-packages (from aiohttp->datasets==2.16.1->src==0.0.1) (1.9.4)
Requirement already satisfied: MarkupSafe>=2.0 in /zhome/8d/a/147395/miniconda3/envs/src/lib/python3.11/site-packages (from jinja2->torch==2.1.2->src==0.0.1) (2.1.5)
Requirement already satisfied: tenacity>=6.2.0 in /zhome/8d/a/147395/miniconda3/envs/src/lib/python3.11/site-packages (from plotly>=5.0.0->dash==2.14.2->src==0.0.1) (8.2.3)
Requirement already satisfied: six>=1.5 in /zhome/8d/a/147395/miniconda3/envs/src/lib/python3.11/site-packages (from python-dateutil>=2.7->matplotlib==3.8.2->src==0.0.1) (1.16.0)
Requirement already satisfied: anyio<5,>=3.4.0 in /zhome/8d/a/147395/miniconda3/envs/src/lib/python3.11/site-packages (from starlette<0.36.0,>=0.35.0->fastapi==0.109.0->src==0.0.1) (4.3.0)
Requirement already satisfied: regex!=2019.12.17 in /zhome/8d/a/147395/miniconda3/envs/src/lib/python3.11/site-packages (from transformers<5.0.0,>=4.30.1->happytransformer==3.0.0->src==0.0.1) (2023.12.25)
Requirement already satisfied: zipp>=0.5 in /zhome/8d/a/147395/miniconda3/envs/src/lib/python3.11/site-packages (from importlib-metadata->dash==2.14.2->src==0.0.1) (3.18.1)
Requirement already satisfied: pytz>=2020.1 in /zhome/8d/a/147395/miniconda3/envs/src/lib/python3.11/site-packages (from pandas->datasets==2.16.1->src==0.0.1) (2024.1)
Requirement already satisfied: tzdata>=2022.7 in /zhome/8d/a/147395/miniconda3/envs/src/lib/python3.11/site-packages (from pandas->datasets==2.16.1->src==0.0.1) (2024.1)
Requirement already satisfied: mpmath>=0.19 in /zhome/8d/a/147395/miniconda3/envs/src/lib/python3.11/site-packages (from sympy->torch==2.1.2->src==0.0.1) (1.3.0)
Requirement already satisfied: GitPython!=3.1.29,>=1.0.0 in /zhome/8d/a/147395/miniconda3/envs/src/lib/python3.11/site-packages (from wandb->happytransformer==3.0.0->src==0.0.1) (3.1.42)
Requirement already satisfied: sentry-sdk>=1.0.0 in /zhome/8d/a/147395/miniconda3/envs/src/lib/python3.11/site-packages (from wandb->happytransformer==3.0.0->src==0.0.1) (1.42.0)
Requirement already satisfied: docker-pycreds>=0.4.0 in /zhome/8d/a/147395/miniconda3/envs/src/lib/python3.11/site-packages (from wandb->happytransformer==3.0.0->src==0.0.1) (0.4.0)
Requirement already satisfied: setproctitle in /zhome/8d/a/147395/miniconda3/envs/src/lib/python3.11/site-packages (from wandb->happytransformer==3.0.0->src==0.0.1) (1.3.3)
Requirement already satisfied: appdirs>=1.4.3 in /zhome/8d/a/147395/miniconda3/envs/src/lib/python3.11/site-packages (from wandb->happytransformer==3.0.0->src==0.0.1) (1.4.4)
Requirement already satisfied: sniffio>=1.1 in /zhome/8d/a/147395/miniconda3/envs/src/lib/python3.11/site-packages (from anyio<5,>=3.4.0->starlette<0.36.0,>=0.35.0->fastapi==0.109.0->src==0.0.1) (1.3.1)
Requirement already satisfied: gitdb<5,>=4.0.1 in /zhome/8d/a/147395/miniconda3/envs/src/lib/python3.11/site-packages (from GitPython!=3.1.29,>=1.0.0->wandb->happytransformer==3.0.0->src==0.0.1) (4.0.11)
Requirement already satisfied: smmap<6,>=3.0.1 in /zhome/8d/a/147395/miniconda3/envs/src/lib/python3.11/site-packages (from gitdb<5,>=4.0.1->GitPython!=3.1.29,>=1.0.0->wandb->happytransformer==3.0.0->src==0.0.1) (5.0.1)
Building wheels for collected packages: src
  Building editable for src (pyproject.toml): started
  Building editable for src (pyproject.toml): finished with status 'done'
  Created wheel for src: filename=src-0.0.1-0.editable-py3-none-any.whl size=5176 sha256=fc9dc37a1a221d464ea4b8b1c9af8a131a2455106414415a4e6d1463b892d30a
  Stored in directory: /tmp/pip-ephem-wheel-cache-si8ri0eo/wheels/ae/c7/09/8359ed311d0e920038a9546136bc0708deb92b3fc3104415bb
Successfully built src
Installing collected packages: src
  Attempting uninstall: src
    Found existing installation: src 0.0.1
    Uninstalling src-0.0.1:
      Successfully uninstalled src-0.0.1
Successfully installed src-0.0.1
python src/finetunegemma.py
trainable params: 78,586,112 || all params: 2,584,898,048 || trainable%: 3.0402016072086107
Evaluating the Model Before Training!
{'eval_loss': 1.9269660711288452, 'eval_accuracy': 0.238, 'eval_runtime': 3826.2923, 'eval_samples_per_second': 2.613, 'eval_steps_per_second': 0.327}
Training the Model
{'loss': 1.5668, 'grad_norm': 41.100215911865234, 'learning_rate': 1.9946666666666667e-05, 'epoch': 0.01}
{'loss': 1.7437, 'grad_norm': 31.974138259887695, 'learning_rate': 1.9893333333333335e-05, 'epoch': 0.02}
{'loss': 1.5135, 'grad_norm': 33.408180236816406, 'learning_rate': 1.9840000000000003e-05, 'epoch': 0.02}
{'loss': 1.4874, 'grad_norm': 28.305692672729492, 'learning_rate': 1.9786666666666668e-05, 'epoch': 0.03}
{'loss': 1.4312, 'grad_norm': 24.985721588134766, 'learning_rate': 1.9733333333333336e-05, 'epoch': 0.04}
{'loss': 1.4536, 'grad_norm': 14.463125228881836, 'learning_rate': 1.968e-05, 'epoch': 0.05}
{'loss': 1.4675, 'grad_norm': 30.31519889831543, 'learning_rate': 1.9626666666666666e-05, 'epoch': 0.06}
{'loss': 1.4286, 'grad_norm': 29.651226043701172, 'learning_rate': 1.9573333333333335e-05, 'epoch': 0.06}
{'loss': 1.3598, 'grad_norm': 27.16357421875, 'learning_rate': 1.9520000000000003e-05, 'epoch': 0.07}
{'loss': 1.3598, 'grad_norm': 21.287330627441406, 'learning_rate': 1.9466666666666668e-05, 'epoch': 0.08}
{'loss': 1.3959, 'grad_norm': 34.44807052612305, 'learning_rate': 1.9413333333333336e-05, 'epoch': 0.09}
{'loss': 1.459, 'grad_norm': 27.329721450805664, 'learning_rate': 1.936e-05, 'epoch': 0.1}
{'loss': 1.4599, 'grad_norm': 23.250957489013672, 'learning_rate': 1.930666666666667e-05, 'epoch': 0.1}
{'loss': 1.3949, 'grad_norm': 22.025821685791016, 'learning_rate': 1.9253333333333334e-05, 'epoch': 0.11}
{'loss': 1.426, 'grad_norm': 31.87856101989746, 'learning_rate': 1.9200000000000003e-05, 'epoch': 0.12}
{'loss': 1.4719, 'grad_norm': 22.10694122314453, 'learning_rate': 1.9146666666666667e-05, 'epoch': 0.13}
{'loss': 1.4124, 'grad_norm': 36.26905822753906, 'learning_rate': 1.9093333333333336e-05, 'epoch': 0.14}
{'loss': 1.4102, 'grad_norm': 29.52515983581543, 'learning_rate': 1.904e-05, 'epoch': 0.14}
{'loss': 1.377, 'grad_norm': 29.937105178833008, 'learning_rate': 1.898666666666667e-05, 'epoch': 0.15}
{'loss': 1.3786, 'grad_norm': 24.608339309692383, 'learning_rate': 1.8933333333333334e-05, 'epoch': 0.16}
{'loss': 1.4001, 'grad_norm': 10.657376289367676, 'learning_rate': 1.8880000000000002e-05, 'epoch': 0.17}
{'loss': 1.4692, 'grad_norm': 15.014659881591797, 'learning_rate': 1.8826666666666667e-05, 'epoch': 0.18}
{'loss': 1.4493, 'grad_norm': 33.91939926147461, 'learning_rate': 1.8773333333333335e-05, 'epoch': 0.18}
{'loss': 1.3573, 'grad_norm': 41.6185417175293, 'learning_rate': 1.8720000000000004e-05, 'epoch': 0.19}
{'loss': 1.3667, 'grad_norm': 36.4130973815918, 'learning_rate': 1.866666666666667e-05, 'epoch': 0.2}
{'loss': 1.4222, 'grad_norm': 23.29656982421875, 'learning_rate': 1.8613333333333334e-05, 'epoch': 0.21}
{'loss': 1.5846, 'grad_norm': 30.636259078979492, 'learning_rate': 1.8560000000000002e-05, 'epoch': 0.22}
{'loss': 1.3801, 'grad_norm': 23.75160026550293, 'learning_rate': 1.8506666666666667e-05, 'epoch': 0.22}
{'loss': 1.4802, 'grad_norm': 40.06387710571289, 'learning_rate': 1.8453333333333335e-05, 'epoch': 0.23}
{'loss': 1.3933, 'grad_norm': 32.54545593261719, 'learning_rate': 1.8400000000000003e-05, 'epoch': 0.24}
{'loss': 1.4115, 'grad_norm': 35.1862678527832, 'learning_rate': 1.834666666666667e-05, 'epoch': 0.25}
{'loss': 1.3703, 'grad_norm': 34.19773864746094, 'learning_rate': 1.8293333333333333e-05, 'epoch': 0.26}
{'loss': 1.3284, 'grad_norm': 22.317930221557617, 'learning_rate': 1.824e-05, 'epoch': 0.26}
{'loss': 1.4385, 'grad_norm': 28.137853622436523, 'learning_rate': 1.8186666666666666e-05, 'epoch': 0.27}
{'loss': 1.3747, 'grad_norm': 24.362077713012695, 'learning_rate': 1.8133333333333335e-05, 'epoch': 0.28}
{'loss': 1.3762, 'grad_norm': 40.11531066894531, 'learning_rate': 1.8080000000000003e-05, 'epoch': 0.29}
{'loss': 1.3451, 'grad_norm': 26.57416534423828, 'learning_rate': 1.8026666666666668e-05, 'epoch': 0.3}
{'loss': 1.4119, 'grad_norm': 40.824493408203125, 'learning_rate': 1.7973333333333333e-05, 'epoch': 0.3}
{'loss': 1.3067, 'grad_norm': 22.88203239440918, 'learning_rate': 1.792e-05, 'epoch': 0.31}
{'loss': 1.4009, 'grad_norm': 17.28159523010254, 'learning_rate': 1.7866666666666666e-05, 'epoch': 0.32}
{'loss': 1.3582, 'grad_norm': 32.90245819091797, 'learning_rate': 1.7813333333333334e-05, 'epoch': 0.33}
{'loss': 1.3315, 'grad_norm': 14.759804725646973, 'learning_rate': 1.7760000000000003e-05, 'epoch': 0.34}
{'loss': 1.3736, 'grad_norm': 23.73874282836914, 'learning_rate': 1.7706666666666668e-05, 'epoch': 0.34}
{'loss': 1.4392, 'grad_norm': 31.254491806030273, 'learning_rate': 1.7653333333333336e-05, 'epoch': 0.35}
{'loss': 1.2904, 'grad_norm': 15.229166984558105, 'learning_rate': 1.76e-05, 'epoch': 0.36}
{'loss': 1.3863, 'grad_norm': 39.83372116088867, 'learning_rate': 1.7546666666666666e-05, 'epoch': 0.37}
{'loss': 1.2594, 'grad_norm': 26.564693450927734, 'learning_rate': 1.7493333333333334e-05, 'epoch': 0.38}
{'loss': 1.3603, 'grad_norm': 13.742249488830566, 'learning_rate': 1.7440000000000002e-05, 'epoch': 0.38}
{'loss': 1.3485, 'grad_norm': 16.009145736694336, 'learning_rate': 1.7386666666666667e-05, 'epoch': 0.39}
{'loss': 1.4098, 'grad_norm': 42.7264518737793, 'learning_rate': 1.7333333333333336e-05, 'epoch': 0.4}
{'loss': 1.2826, 'grad_norm': 29.26141357421875, 'learning_rate': 1.728e-05, 'epoch': 0.41}
{'loss': 1.3653, 'grad_norm': 21.8411865234375, 'learning_rate': 1.7226666666666665e-05, 'epoch': 0.42}
{'loss': 1.305, 'grad_norm': 33.277732849121094, 'learning_rate': 1.7173333333333334e-05, 'epoch': 0.42}
{'loss': 1.2915, 'grad_norm': 19.962116241455078, 'learning_rate': 1.7120000000000002e-05, 'epoch': 0.43}
{'loss': 1.2801, 'grad_norm': 30.613048553466797, 'learning_rate': 1.706666666666667e-05, 'epoch': 0.44}
{'loss': 1.444, 'grad_norm': 40.091529846191406, 'learning_rate': 1.7013333333333335e-05, 'epoch': 0.45}
{'loss': 1.3554, 'grad_norm': 16.70110511779785, 'learning_rate': 1.696e-05, 'epoch': 0.46}
{'loss': 1.4256, 'grad_norm': 20.94776725769043, 'learning_rate': 1.690666666666667e-05, 'epoch': 0.46}
{'loss': 1.4099, 'grad_norm': 35.3592529296875, 'learning_rate': 1.6853333333333333e-05, 'epoch': 0.47}
{'loss': 1.4267, 'grad_norm': 22.934757232666016, 'learning_rate': 1.6800000000000002e-05, 'epoch': 0.48}
{'loss': 1.36, 'grad_norm': 16.487234115600586, 'learning_rate': 1.674666666666667e-05, 'epoch': 0.49}
{'loss': 1.3954, 'grad_norm': 28.391332626342773, 'learning_rate': 1.6693333333333335e-05, 'epoch': 0.5}
{'loss': 1.2844, 'grad_norm': 34.0305290222168, 'learning_rate': 1.664e-05, 'epoch': 0.5}
{'loss': 1.2889, 'grad_norm': 24.617019653320312, 'learning_rate': 1.6586666666666668e-05, 'epoch': 0.51}
{'loss': 1.347, 'grad_norm': 35.02070999145508, 'learning_rate': 1.6533333333333333e-05, 'epoch': 0.52}
{'loss': 1.3512, 'grad_norm': 12.50723648071289, 'learning_rate': 1.648e-05, 'epoch': 0.53}
{'loss': 1.3463, 'grad_norm': 24.68319320678711, 'learning_rate': 1.642666666666667e-05, 'epoch': 0.54}
{'loss': 1.2584, 'grad_norm': 11.711596488952637, 'learning_rate': 1.6373333333333335e-05, 'epoch': 0.54}
{'loss': 1.2793, 'grad_norm': 27.821964263916016, 'learning_rate': 1.632e-05, 'epoch': 0.55}
{'loss': 1.4062, 'grad_norm': 21.069917678833008, 'learning_rate': 1.6266666666666668e-05, 'epoch': 0.56}
{'loss': 1.3282, 'grad_norm': 46.69034957885742, 'learning_rate': 1.6213333333333333e-05, 'epoch': 0.57}
{'loss': 1.358, 'grad_norm': 17.90736198425293, 'learning_rate': 1.616e-05, 'epoch': 0.58}
{'loss': 1.389, 'grad_norm': 19.697057723999023, 'learning_rate': 1.610666666666667e-05, 'epoch': 0.58}
{'loss': 1.3571, 'grad_norm': 20.17701530456543, 'learning_rate': 1.6053333333333334e-05, 'epoch': 0.59}
{'loss': 1.3311, 'grad_norm': 20.090763092041016, 'learning_rate': 1.6000000000000003e-05, 'epoch': 0.6}
{'loss': 1.3606, 'grad_norm': 27.009075164794922, 'learning_rate': 1.5946666666666668e-05, 'epoch': 0.61}
{'loss': 1.2553, 'grad_norm': 35.85316848754883, 'learning_rate': 1.5893333333333333e-05, 'epoch': 0.62}
{'loss': 1.2831, 'grad_norm': 33.62846374511719, 'learning_rate': 1.584e-05, 'epoch': 0.62}
{'loss': 1.3438, 'grad_norm': 40.13105392456055, 'learning_rate': 1.578666666666667e-05, 'epoch': 0.63}
{'loss': 1.3357, 'grad_norm': 20.450965881347656, 'learning_rate': 1.5733333333333334e-05, 'epoch': 0.64}
{'loss': 1.1905, 'grad_norm': 22.16863441467285, 'learning_rate': 1.5680000000000002e-05, 'epoch': 0.65}
{'loss': 1.3505, 'grad_norm': 38.158164978027344, 'learning_rate': 1.5626666666666667e-05, 'epoch': 0.66}
{'loss': 1.3548, 'grad_norm': 23.697675704956055, 'learning_rate': 1.5573333333333332e-05, 'epoch': 0.66}
{'loss': 1.422, 'grad_norm': 30.365400314331055, 'learning_rate': 1.552e-05, 'epoch': 0.67}
{'loss': 1.4235, 'grad_norm': 33.144752502441406, 'learning_rate': 1.546666666666667e-05, 'epoch': 0.68}
{'loss': 1.296, 'grad_norm': 37.006141662597656, 'learning_rate': 1.5413333333333337e-05, 'epoch': 0.69}
{'loss': 1.3022, 'grad_norm': 26.327035903930664, 'learning_rate': 1.5360000000000002e-05, 'epoch': 0.7}
{'loss': 1.3055, 'grad_norm': 43.2289924621582, 'learning_rate': 1.5306666666666667e-05, 'epoch': 0.7}
{'loss': 1.3655, 'grad_norm': 34.15317916870117, 'learning_rate': 1.5253333333333335e-05, 'epoch': 0.71}
{'loss': 1.2892, 'grad_norm': 44.50349044799805, 'learning_rate': 1.5200000000000002e-05, 'epoch': 0.72}
{'loss': 1.25, 'grad_norm': 22.481863021850586, 'learning_rate': 1.5146666666666667e-05, 'epoch': 0.73}
{'loss': 1.3845, 'grad_norm': 20.882965087890625, 'learning_rate': 1.5093333333333335e-05, 'epoch': 0.74}
{'loss': 1.3087, 'grad_norm': 15.908353805541992, 'learning_rate': 1.5040000000000002e-05, 'epoch': 0.74}
{'loss': 1.2448, 'grad_norm': 17.778810501098633, 'learning_rate': 1.4986666666666667e-05, 'epoch': 0.75}
{'loss': 1.3542, 'grad_norm': 34.8938102722168, 'learning_rate': 1.4933333333333335e-05, 'epoch': 0.76}
{'loss': 1.3445, 'grad_norm': 21.4824161529541, 'learning_rate': 1.4880000000000002e-05, 'epoch': 0.77}
{'loss': 1.3349, 'grad_norm': 44.51088333129883, 'learning_rate': 1.4826666666666666e-05, 'epoch': 0.78}
{'loss': 1.3439, 'grad_norm': 47.70654296875, 'learning_rate': 1.4773333333333335e-05, 'epoch': 0.78}
{'loss': 1.4258, 'grad_norm': 11.387056350708008, 'learning_rate': 1.4720000000000001e-05, 'epoch': 0.79}
{'loss': 1.2334, 'grad_norm': 24.489032745361328, 'learning_rate': 1.4666666666666666e-05, 'epoch': 0.8}
{'loss': 1.3486, 'grad_norm': 18.609310150146484, 'learning_rate': 1.4613333333333335e-05, 'epoch': 0.81}
{'loss': 1.2907, 'grad_norm': 19.688385009765625, 'learning_rate': 1.4560000000000001e-05, 'epoch': 0.82}
{'loss': 1.2565, 'grad_norm': 28.84781837463379, 'learning_rate': 1.450666666666667e-05, 'epoch': 0.82}
{'loss': 1.3593, 'grad_norm': 17.329174041748047, 'learning_rate': 1.4453333333333334e-05, 'epoch': 0.83}
{'loss': 1.2542, 'grad_norm': 22.915273666381836, 'learning_rate': 1.4400000000000001e-05, 'epoch': 0.84}
{'loss': 1.3216, 'grad_norm': 33.56341552734375, 'learning_rate': 1.434666666666667e-05, 'epoch': 0.85}
{'loss': 1.2914, 'grad_norm': 20.35564422607422, 'learning_rate': 1.4293333333333334e-05, 'epoch': 0.86}
{'loss': 1.2768, 'grad_norm': 28.12854766845703, 'learning_rate': 1.4240000000000001e-05, 'epoch': 0.86}
{'loss': 1.336, 'grad_norm': 45.11044692993164, 'learning_rate': 1.418666666666667e-05, 'epoch': 0.87}
{'loss': 1.3809, 'grad_norm': 36.92361068725586, 'learning_rate': 1.4133333333333334e-05, 'epoch': 0.88}
{'loss': 1.2517, 'grad_norm': 25.89345932006836, 'learning_rate': 1.408e-05, 'epoch': 0.89}
{'loss': 1.3733, 'grad_norm': 36.577938079833984, 'learning_rate': 1.4026666666666669e-05, 'epoch': 0.9}
{'loss': 1.3049, 'grad_norm': 14.872492790222168, 'learning_rate': 1.3973333333333334e-05, 'epoch': 0.9}
{'loss': 1.2779, 'grad_norm': 22.2741641998291, 'learning_rate': 1.392e-05, 'epoch': 0.91}
{'loss': 1.3029, 'grad_norm': 35.48588180541992, 'learning_rate': 1.3866666666666669e-05, 'epoch': 0.92}
{'loss': 1.2402, 'grad_norm': 25.143579483032227, 'learning_rate': 1.3813333333333334e-05, 'epoch': 0.93}
{'loss': 1.3669, 'grad_norm': 30.446849822998047, 'learning_rate': 1.376e-05, 'epoch': 0.94}
{'loss': 1.3506, 'grad_norm': 23.115215301513672, 'learning_rate': 1.3706666666666669e-05, 'epoch': 0.94}
{'loss': 1.2794, 'grad_norm': 28.0079402923584, 'learning_rate': 1.3653333333333334e-05, 'epoch': 0.95}
{'loss': 1.2938, 'grad_norm': 14.892960548400879, 'learning_rate': 1.3600000000000002e-05, 'epoch': 0.96}
{'loss': 1.3142, 'grad_norm': 29.6640567779541, 'learning_rate': 1.3546666666666669e-05, 'epoch': 0.97}
{'loss': 1.3248, 'grad_norm': 16.140405654907227, 'learning_rate': 1.3493333333333333e-05, 'epoch': 0.98}
{'loss': 1.3494, 'grad_norm': 29.409038543701172, 'learning_rate': 1.3440000000000002e-05, 'epoch': 0.98}
{'loss': 1.3126, 'grad_norm': 24.896800994873047, 'learning_rate': 1.3386666666666668e-05, 'epoch': 0.99}
{'loss': 1.3139, 'grad_norm': 21.7061824798584, 'learning_rate': 1.3333333333333333e-05, 'epoch': 1.0}
